#
# There is insufficient memory for the Java Runtime Environment to continue.
# Native memory allocation (malloc) failed to allocate 1202416 bytes for Chunk::new
# Possible reasons:
#   The system is out of physical RAM or swap space
#   In 32 bit mode, the process size limit was hit
# Possible solutions:
#   Reduce memory load on the system
#   Increase physical memory or swap space
#   Check if swap backing store is full
#   Use 64 bit Java on a 64 bit OS
#   Decrease Java heap size (-Xmx/-Xms)
#   Decrease number of Java threads
#   Decrease Java thread stack sizes (-Xss)
#   Set larger code cache with -XX:ReservedCodeCacheSize=
# This output file may be truncated or incomplete.
#
#  Out of Memory Error (allocation.cpp:390), pid=12036, tid=5624
#
# JRE version: Java(TM) SE Runtime Environment (8.0_91-b14) (build 1.8.0_91-b14)
# Java VM: Java HotSpot(TM) 64-Bit Server VM (25.91-b14 mixed mode windows-amd64 compressed oops)
# Failed to write core dump. Minidumps are not enabled by default on client versions of Windows
#

---------------  T H R E A D  ---------------

Current thread (0x0000000014df4800):  JavaThread "C2 CompilerThread1" daemon [_thread_in_native, id=5624, stack(0x0000000016480000,0x0000000016580000)]

Stack: [0x0000000016480000,0x0000000016580000]
[error occurred during error reporting (printing stack bounds), id 0xc0000005]

Native frames: (J=compiled Java code, j=interpreted, Vv=VM code, C=native code)


Current CompileTask:
C2:   3976 1147   !   4       com.android.dx.cf.code.Ropper::processBlock (1101 bytes)


---------------  P R O C E S S  ---------------

Java Threads: ( => current thread )
  0x00000000165e2000 JavaThread "Service Thread" daemon [_thread_blocked, id=3828, stack(0x0000000016a80000,0x0000000016b80000)]
  0x0000000014dfc800 JavaThread "C1 CompilerThread2" daemon [_thread_blocked, id=10372, stack(0x0000000016980000,0x0000000016a80000)]
=>0x0000000014df4800 JavaThread "C2 CompilerThread1" daemon [_thread_in_native, id=5624, stack(0x0000000016480000,0x0000000016580000)]
  0x0000000014df1000 JavaThread "C2 CompilerThread0" daemon [_thread_blocked, id=12964, stack(0x0000000016380000,0x0000000016480000)]
  0x0000000014def800 JavaThread "Attach Listener" daemon [_thread_blocked, id=12804, stack(0x0000000016280000,0x0000000016380000)]
  0x0000000014dac800 JavaThread "Signal Dispatcher" daemon [_thread_blocked, id=3116, stack(0x0000000016180000,0x0000000016280000)]
  0x0000000001229800 JavaThread "Finalizer" daemon [_thread_blocked, id=2316, stack(0x0000000015ff0000,0x00000000160f0000)]
  0x000000000121f000 JavaThread "Reference Handler" daemon [_thread_blocked, id=12936, stack(0x0000000015ef0000,0x0000000015ff0000)]
  0x0000000001130800 JavaThread "main" [_thread_in_native, id=5580, stack(0x0000000000fd0000,0x00000000010d0000)]

Other Threads:
  0x0000000014d68000 VMThread [stack: 0x0000000015df0000,0x0000000015ef0000] [id=13088]
  0x000000001662b000 WatcherThread [stack: 0x0000000016b80000,0x0000000016c80000] [id=3208]

VM state:not at safepoint (normal execution)

VM Mutex/Monitor currently owned by a thread: None

Heap:
 PSYoungGen      total 38400K, used 27594K [0x00000000eab00000, 0x00000000ef600000, 0x0000000100000000)
  eden space 33280K, 67% used [0x00000000eab00000,0x00000000ec0f4410,0x00000000ecb80000)
  from space 5120K, 99% used [0x00000000ecb80000,0x00000000ed07e4b0,0x00000000ed080000)
  to   space 5120K, 0% used [0x00000000ef100000,0x00000000ef100000,0x00000000ef600000)
 ParOldGen       total 87552K, used 9434K [0x00000000c0000000, 0x00000000c5580000, 0x00000000eab00000)
  object space 87552K, 10% used [0x00000000c0000000,0x00000000c0936b48,0x00000000c5580000)
 Metaspace       used 5447K, capacity 6768K, committed 7040K, reserved 1056768K
  class space    used 547K, capacity 616K, committed 640K, reserved 1048576K

Card table byte_map: [0x00000000015f0000,0x0000000001800000] byte_map_base: 0x0000000000ff0000

Marking Bits: (ParMarkBitMap*) 0x000000006bde2f70
 Begin Bits: [0x0000000012400000, 0x0000000013400000)
 End Bits:   [0x0000000013400000, 0x0000000014400000)

Polling page: 0x0000000000520000

CodeCache: size=245760Kb used=5105Kb max_used=5116Kb free=240654Kb
 bounds [0x0000000003400000, 0x0000000003910000, 0x0000000012400000]
 total_blobs=1423 nmethods=1163 adapters=173
 compilation: enabled

Compilation events (10 events):
Event: 3.911 Thread 0x0000000014df1000 1160       4       com.android.dx.ssa.SetFactory::makeDomFrontSet (26 bytes)
Event: 3.915 Thread 0x0000000014df1000 nmethod 1160 0x00000000038ff6d0 code [0x00000000038ff840, 0x00000000038ffb78]
Event: 3.915 Thread 0x0000000014df1000 1161 %     4       com.android.dx.ssa.SsaMethod::deleteInsns @ 42 (239 bytes)
Event: 3.944 Thread 0x0000000014df1000 nmethod 1161% 0x0000000003902110 code [0x0000000003902300, 0x0000000003902ef8]
Event: 3.944 Thread 0x0000000014df1000 1162       4       com.android.dx.ssa.SsaMethod::deleteInsns (239 bytes)
Event: 3.965 Thread 0x0000000014df1000 nmethod 1162 0x0000000003903e90 code [0x0000000003904040, 0x0000000003904b58]
Event: 3.966 Thread 0x0000000014df1000 1163       4       java.util.ArrayList::remove (77 bytes)
Event: 3.970 Thread 0x0000000014df1000 nmethod 1163 0x0000000003901bd0 code [0x0000000003901d20, 0x0000000003901f58]
Event: 3.970 Thread 0x0000000014df1000 1164       4       java.util.Collections$UnmodifiableCollection::iterator (9 bytes)
Event: 3.973 Thread 0x0000000014df1000 nmethod 1164 0x0000000003901710 code [0x0000000003901860, 0x0000000003901a38]

GC Heap History (2 events):
Event: 2.623 GC heap before
{Heap before GC invocations=1 (full 0):
 PSYoungGen      total 38400K, used 33280K [0x00000000eab00000, 0x00000000ed580000, 0x0000000100000000)
  eden space 33280K, 100% used [0x00000000eab00000,0x00000000ecb80000,0x00000000ecb80000)
  from space 5120K, 0% used [0x00000000ed080000,0x00000000ed080000,0x00000000ed580000)
  to   space 5120K, 0% used [0x00000000ecb80000,0x00000000ecb80000,0x00000000ed080000)
 ParOldGen       total 87552K, used 0K [0x00000000c0000000, 0x00000000c5580000, 0x00000000eab00000)
  object space 87552K, 0% used [0x00000000c0000000,0x00000000c0000000,0x00000000c5580000)
 Metaspace       used 5283K, capacity 6608K, committed 6784K, reserved 1056768K
  class space    used 534K, capacity 584K, committed 640K, reserved 1048576K
Event: 2.685 GC heap after
Heap after GC invocations=1 (full 0):
 PSYoungGen      total 38400K, used 5113K [0x00000000eab00000, 0x00000000ef600000, 0x0000000100000000)
  eden space 33280K, 0% used [0x00000000eab00000,0x00000000eab00000,0x00000000ecb80000)
  from space 5120K, 99% used [0x00000000ecb80000,0x00000000ed07e4b0,0x00000000ed080000)
  to   space 5120K, 0% used [0x00000000ef100000,0x00000000ef100000,0x00000000ef600000)
 ParOldGen       total 87552K, used 9434K [0x00000000c0000000, 0x00000000c5580000, 0x00000000eab00000)
  object space 87552K, 10% used [0x00000000c0000000,0x00000000c0936b48,0x00000000c5580000)
 Metaspace       used 5283K, capacity 6608K, committed 6784K, reserved 1056768K
  class space    used 534K, capacity 584K, committed 640K, reserved 1048576K
}

Deoptimization events (10 events):
Event: 3.806 Thread 0x0000000001130800 Uncommon trap: reason=class_check action=maybe_recompile pc=0x00000000037f00d4 method=java.util.Collections$UnmodifiableCollection$1.hasNext()Z @ 4
Event: 3.806 Thread 0x0000000001130800 Uncommon trap: reason=class_check action=maybe_recompile pc=0x00000000038104d4 method=java.util.Collections$UnmodifiableCollection$1.next()Ljava/lang/Object; @ 4
Event: 3.807 Thread 0x0000000001130800 Uncommon trap: reason=class_check action=maybe_recompile pc=0x00000000037f00d4 method=java.util.Collections$UnmodifiableCollection$1.hasNext()Z @ 4
Event: 3.807 Thread 0x0000000001130800 Uncommon trap: reason=class_check action=maybe_recompile pc=0x00000000037f00d4 method=java.util.Collections$UnmodifiableCollection$1.hasNext()Z @ 4
Event: 3.807 Thread 0x0000000001130800 Uncommon trap: reason=class_check action=maybe_recompile pc=0x0000000003811ed4 method=java.util.Collections$UnmodifiableCollection$1.<init>(Ljava/util/Collections$UnmodifiableCollection;)V @ 17
Event: 3.807 Thread 0x0000000001130800 Uncommon trap: reason=class_check action=maybe_recompile pc=0x00000000038104d4 method=java.util.Collections$UnmodifiableCollection$1.next()Ljava/lang/Object; @ 4
Event: 3.807 Thread 0x0000000001130800 Uncommon trap: reason=class_check action=maybe_recompile pc=0x0000000003811ed4 method=java.util.Collections$UnmodifiableCollection$1.<init>(Ljava/util/Collections$UnmodifiableCollection;)V @ 17
Event: 3.807 Thread 0x0000000001130800 Uncommon trap: reason=class_check action=maybe_recompile pc=0x00000000038104d4 method=java.util.Collections$UnmodifiableCollection$1.next()Ljava/lang/Object; @ 4
Event: 3.820 Thread 0x0000000001130800 Uncommon trap: reason=class_check action=maybe_recompile pc=0x00000000038064d0 method=com.android.dx.ssa.SCCP.setLatticeValueTo(IILcom/android/dx/rop/cst/Constant;)Z @ 43
Event: 3.831 Thread 0x0000000001130800 Uncommon trap: reason=unstable_if action=reinterpret pc=0x00000000037d2c74 method=com.android.dx.ssa.LocalVariableExtractor.processBlock(I)V @ 194

Internal exceptions (2 events):
Event: 0.178 Thread 0x0000000001130800 Exception <a 'java/lang/NoSuchMethodError': Method sun.misc.Unsafe.defineClass(Ljava/lang/String;[BII)Ljava/lang/Class; name or signature does not match> (0x00000000eab07cc0) thrown at [C:\re\workspace\8-2-build-windows-amd64-cygwin\jdk8u91\6644\hotspot\sr0´C_ØÑÆ?
Event: 0.178 Thread 0x0000000001130800 Exception <a 'java/lang/NoSuchMethodError': Method sun.misc.Unsafe.prefetchRead(Ljava/lang/Object;J)V name or signature does not match> (0x00000000eab07fa8) thrown at [C:\re\workspace\8-2-build-windows-amd64-cygwin\jdk8u91\6644\hotspot\src\share\vm\prims\j

Events (10 events):
Event: 3.820 Thread 0x0000000001130800 Uncommon trap: trap_request=0xffffffde fr.pc=0x00000000038064d0
Event: 3.820 Thread 0x0000000001130800 DEOPT PACKING pc=0x00000000038064d0 sp=0x00000000010ce530
Event: 3.820 Thread 0x0000000001130800 DEOPT UNPACKING pc=0x000000000344582a sp=0x00000000010ce458 mode 2
Event: 3.831 Thread 0x0000000001130800 Uncommon trap: trap_request=0xffffff65 fr.pc=0x00000000037d2c74
Event: 3.831 Thread 0x0000000001130800 DEOPT PACKING pc=0x00000000037d2c74 sp=0x00000000010ce4f0
Event: 3.831 Thread 0x0000000001130800 DEOPT UNPACKING pc=0x000000000344582a sp=0x00000000010ce4a0 mode 2
Event: 3.856 loading class com/android/dx/dex/file/MethodAnnotationStruct
Event: 3.856 loading class com/android/dx/dex/file/MethodAnnotationStruct done
Event: 3.965 Thread 0x0000000001130800 DEOPT PACKING pc=0x0000000003823cc5 sp=0x00000000010ce390
Event: 3.965 Thread 0x0000000001130800 DEOPT UNPACKING pc=0x000000000344787f sp=0x00000000010ce180 mode 0


Dynamic libraries:
0x00007ff7d4340000 - 0x00007ff7d4377000 	C:\Program Files\Java\jdk1.8.0_91\bin\java.exe
0x00007ff9865e0000 - 0x00007ff9867a1000 	C:\Windows\SYSTEM32\ntdll.dll
0x00007ff9862a0000 - 0x00007ff98634d000 	C:\Windows\system32\KERNEL32.DLL
0x00007ff9836d0000 - 0x00007ff9838b8000 	C:\Windows\system32\KERNELBASE.dll
0x00007ff9845c0000 - 0x00007ff984667000 	C:\Windows\system32\ADVAPI32.dll
0x00007ff983ba0000 - 0x00007ff983c3d000 	C:\Windows\system32\msvcrt.dll
0x00007ff984840000 - 0x00007ff98489b000 	C:\Windows\system32\sechost.dll
0x00007ff9842d0000 - 0x00007ff9843ec000 	C:\Windows\system32\RPCRT4.dll
0x00007ff984460000 - 0x00007ff9845b6000 	C:\Windows\system32\USER32.dll
0x00007ff983fd0000 - 0x00007ff984156000 	C:\Windows\system32\GDI32.dll
0x00007ff97e6d0000 - 0x00007ff97e944000 	C:\Windows\WinSxS\amd64_microsoft.windows.common-controls_6595b64144ccf1df_6.0.10586.0_none_8c15ae12515e1c22\COMCTL32.dll
0x00007ff986360000 - 0x00007ff9865dd000 	C:\Windows\system32\combase.dll
0x00007ff9838c0000 - 0x00007ff98392a000 	C:\Windows\system32\bcryptPrimitives.dll
0x00007ff984230000 - 0x00007ff98426b000 	C:\Windows\system32\IMM32.DLL
0x000000006be70000 - 0x000000006bf42000 	C:\Program Files\Java\jdk1.8.0_91\jre\bin\msvcr100.dll
0x000000006b5d0000 - 0x000000006be63000 	C:\Program Files\Java\jdk1.8.0_91\jre\bin\server\jvm.dll
0x00007ff985e00000 - 0x00007ff985e08000 	C:\Windows\system32\PSAPI.DLL
0x00007ff970d70000 - 0x00007ff970d79000 	C:\Windows\SYSTEM32\WSOCK32.dll
0x00007ff9843f0000 - 0x00007ff98445b000 	C:\Windows\system32\WS2_32.dll
0x00007ff980f40000 - 0x00007ff980f63000 	C:\Windows\SYSTEM32\WINMM.dll
0x00007ff97e990000 - 0x00007ff97e99a000 	C:\Windows\SYSTEM32\VERSION.dll
0x00007ff980e20000 - 0x00007ff980e4c000 	C:\Windows\SYSTEM32\WINMMBASE.dll
0x00007ff983540000 - 0x00007ff983583000 	C:\Windows\system32\cfgmgr32.dll
0x000000006b5c0000 - 0x000000006b5cf000 	C:\Program Files\Java\jdk1.8.0_91\jre\bin\verify.dll
0x000000006b590000 - 0x000000006b5b9000 	C:\Program Files\Java\jdk1.8.0_91\jre\bin\java.dll
0x000000006b570000 - 0x000000006b586000 	C:\Program Files\Java\jdk1.8.0_91\jre\bin\zip.dll
0x00007ff9848a0000 - 0x00007ff985dfc000 	C:\Windows\system32\SHELL32.dll
0x00007ff982d20000 - 0x00007ff983364000 	C:\Windows\system32\windows.storage.dll
0x00007ff986240000 - 0x00007ff986292000 	C:\Windows\system32\shlwapi.dll
0x00007ff982c50000 - 0x00007ff982c5f000 	C:\Windows\system32\kernel.appcore.dll
0x00007ff983590000 - 0x00007ff983645000 	C:\Windows\system32\shcore.dll
0x00007ff982c00000 - 0x00007ff982c4b000 	C:\Windows\system32\powrprof.dll
0x00007ff982c60000 - 0x00007ff982c74000 	C:\Windows\system32\profapi.dll

VM Arguments:
jvm_args: -Djava.awt.headless=true -Xmx1024M -Dfile.encoding=windows-31j -Duser.country=JP -Duser.language=ja -Duser.variant 
java_command: com.android.dx.command.Main --dex --force-jumbo --multi-dex --output C:\Users\si\AndroidStudioProjects\Test_EN_Revolution\app\build\intermediates\transforms\dex\debug\folders\1000\5\slice_3 C:\Users\si\AndroidStudioProjects\Test_EN_Revolution\app\build\intermediates\transforms\instantRunSlicer\debug\folders\1\5\slice_3
java_class_path (initial): C:\Users\si\AppData\Local\Android\sdk\build-tools\21.1.1\lib\dx.jar
Launcher Type: SUN_STANDARD

Environment Variables:
PATH=C:\ProgramData\Oracle\Java\javapath;C:\Windows\system32;C:\Windows;C:\Windows\System32\Wbem;C:\Windows\System32\WindowsPowerShell\v1.0\;C:\Program Files\Intel\WiFi\bin\;C:\Program Files\Common Files\Intel\WirelessCommon\;C:\Program Files\Git\cmd;C:\Program Files (x86)\NVIDIA Corporation\PhysX\Common;C:\Program Files\Intel\WiFi\bin\;C:\Program Files\Common Files\Intel\WirelessCommon\
USERNAME=si
OS=Windows_NT
PROCESSOR_IDENTIFIER=Intel64 Family 6 Model 69 Stepping 1, GenuineIntel



---------------  S Y S T E M  ---------------

OS: Windows 10.0 , 64 bit Build 10586 (10.0.10586.0)

CPU:total 4 (2 cores per cpu, 2 threads per core) family 6 model 69 stepping 1, cmov, cx8, fxsr, mmx, sse, sse2, sse3, ssse3, sse4.1, sse4.2, popcnt, avx, avx2, aes, clmul, erms, lzcnt, ht, tsc, tscinvbit, bmi1, bmi2

Memory: 4k page, physical 8269856k(669344k free), swap 9318432k(5672k free)

vm_info: Java HotSpot(TM) 64-Bit Server VM (25.91-b14) for windows-amd64 JRE (1.8.0_91-b14), built on Apr  1 2016 00:58:32 by "java_re" with MS VC++ 10.0 (VS2010)

time: Tue May 24 09:04:02 2016
elapsed time: 3 seconds (0d 0h 0m 3s)

