#
# There is insufficient memory for the Java Runtime Environment to continue.
# Native memory allocation (malloc) failed to allocate 860256 bytes for Chunk::new
# Possible reasons:
#   The system is out of physical RAM or swap space
#   In 32 bit mode, the process size limit was hit
# Possible solutions:
#   Reduce memory load on the system
#   Increase physical memory or swap space
#   Check if swap backing store is full
#   Use 64 bit Java on a 64 bit OS
#   Decrease Java heap size (-Xmx/-Xms)
#   Decrease number of Java threads
#   Decrease Java thread stack sizes (-Xss)
#   Set larger code cache with -XX:ReservedCodeCacheSize=
# This output file may be truncated or incomplete.
#
#  Out of Memory Error (allocation.cpp:390), pid=15732, tid=10844
#
# JRE version: Java(TM) SE Runtime Environment (8.0_91-b14) (build 1.8.0_91-b14)
# Java VM: Java HotSpot(TM) 64-Bit Server VM (25.91-b14 mixed mode windows-amd64 compressed oops)
# Failed to write core dump. Minidumps are not enabled by default on client versions of Windows
#

---------------  T H R E A D  ---------------

Current thread (0x00000000025da000):  JavaThread "C2 CompilerThread0" daemon [_thread_in_native, id=10844, stack(0x00000000162b0000,0x00000000163b0000)]

Stack: [0x00000000162b0000,0x00000000163b0000]
[error occurred during error reporting (printing stack bounds), id 0xc0000005]

Native frames: (J=compiled Java code, j=interpreted, Vv=VM code, C=native code)


Current CompileTask:
C2:   3621 1609       4       com.android.dx.dex.code.RopToDop::dopFor (792 bytes)


---------------  P R O C E S S  ---------------

Java Threads: ( => current thread )
  0x0000000016509000 JavaThread "Service Thread" daemon [_thread_blocked, id=15760, stack(0x00000000169b0000,0x0000000016ab0000)]
  0x0000000016503800 JavaThread "C1 CompilerThread2" daemon [_thread_blocked, id=15412, stack(0x00000000168b0000,0x00000000169b0000)]
  0x00000000025dd000 JavaThread "C2 CompilerThread1" daemon [_thread_in_native, id=15788, stack(0x00000000163b0000,0x00000000164b0000)]
=>0x00000000025da000 JavaThread "C2 CompilerThread0" daemon [_thread_in_native, id=10844, stack(0x00000000162b0000,0x00000000163b0000)]
  0x0000000014db5800 JavaThread "Attach Listener" daemon [_thread_blocked, id=13368, stack(0x00000000161b0000,0x00000000162b0000)]
  0x0000000014d72800 JavaThread "Signal Dispatcher" daemon [_thread_blocked, id=14956, stack(0x00000000160b0000,0x00000000161b0000)]
  0x0000000014d4a800 JavaThread "Finalizer" daemon [_thread_blocked, id=15972, stack(0x0000000015fb0000,0x00000000160b0000)]
  0x00000000025d0000 JavaThread "Reference Handler" daemon [_thread_blocked, id=15580, stack(0x0000000015eb0000,0x0000000015fb0000)]
  0x00000000024e0800 JavaThread "main" [_thread_in_Java, id=15920, stack(0x0000000002000000,0x0000000002100000)]

Other Threads:
  0x0000000014d28000 VMThread [stack: 0x0000000015db0000,0x0000000015eb0000] [id=15928]
  0x000000001655a800 WatcherThread [stack: 0x0000000016ab0000,0x0000000016bb0000] [id=16172]

VM state:not at safepoint (normal execution)

VM Mutex/Monitor currently owned by a thread: None

Heap:
 PSYoungGen      total 38400K, used 27158K [0x00000000eab00000, 0x00000000ef600000, 0x0000000100000000)
  eden space 33280K, 66% used [0x00000000eab00000,0x00000000ec0872c0,0x00000000ecb80000)
  from space 5120K, 99% used [0x00000000ed080000,0x00000000ed57e718,0x00000000ed580000)
  to   space 5120K, 0% used [0x00000000ecb80000,0x00000000ecb80000,0x00000000ed080000)
 ParOldGen       total 87552K, used 6045K [0x00000000c0000000, 0x00000000c5580000, 0x00000000eab00000)
  object space 87552K, 6% used [0x00000000c0000000,0x00000000c05e7488,0x00000000c5580000)
 Metaspace       used 6051K, capacity 7088K, committed 7296K, reserved 1056768K
  class space    used 588K, capacity 616K, committed 640K, reserved 1048576K

Card table byte_map: [0x0000000011a50000,0x0000000011c60000] byte_map_base: 0x0000000011450000

Marking Bits: (ParMarkBitMap*) 0x000000006bde2f70
 Begin Bits: [0x00000000121c0000, 0x00000000131c0000)
 End Bits:   [0x00000000131c0000, 0x00000000141c0000)

Polling page: 0x0000000001f50000

CodeCache: size=245760Kb used=7088Kb max_used=7088Kb free=238671Kb
 bounds [0x0000000002690000, 0x0000000002d90000, 0x0000000011690000]
 total_blobs=1890 nmethods=1623 adapters=180
 compilation: enabled

Compilation events (10 events):
Event: 3.602 Thread 0x0000000016503800 1634       2       com.android.dx.cf.iface.StdFieldList::get (9 bytes)
Event: 3.603 Thread 0x0000000016503800 nmethod 1634 0x0000000002d7b050 code [0x0000000002d7b1c0, 0x0000000002d7b388]
Event: 3.603 Thread 0x0000000016503800 1635       2       com.android.dx.dex.file.EncodedField::<init> (25 bytes)
Event: 3.603 Thread 0x0000000016503800 nmethod 1635 0x0000000002d7abd0 code [0x0000000002d7ad40, 0x0000000002d7af68]
Event: 3.603 Thread 0x0000000016503800 1632       2       com.android.dx.cf.attrib.RawAttribute::<init> (17 bytes)
Event: 3.603 Thread 0x0000000016503800 nmethod 1632 0x0000000002d7a490 code [0x0000000002d7a620, 0x0000000002d7a988]
Event: 3.603 Thread 0x0000000016503800 1633       2       com.android.dx.cf.attrib.RawAttribute::<init> (30 bytes)
Event: 3.604 Thread 0x0000000016503800 nmethod 1633 0x0000000002d79e50 code [0x0000000002d79fe0, 0x0000000002d7a2f8]
Event: 3.615 Thread 0x0000000016503800 1638       2       com.android.dx.dex.file.StringIdsSection::intern (53 bytes)
Event: 3.616 Thread 0x0000000016503800 nmethod 1638 0x0000000002d80e90 code [0x0000000002d81040, 0x0000000002d813d8]

GC Heap History (4 events):
Event: 2.404 GC heap before
{Heap before GC invocations=1 (full 0):
 PSYoungGen      total 38400K, used 33280K [0x00000000eab00000, 0x00000000ed580000, 0x0000000100000000)
  eden space 33280K, 100% used [0x00000000eab00000,0x00000000ecb80000,0x00000000ecb80000)
  from space 5120K, 0% used [0x00000000ed080000,0x00000000ed080000,0x00000000ed580000)
  to   space 5120K, 0% used [0x00000000ecb80000,0x00000000ecb80000,0x00000000ed080000)
 ParOldGen       total 87552K, used 0K [0x00000000c0000000, 0x00000000c5580000, 0x00000000eab00000)
  object space 87552K, 0% used [0x00000000c0000000,0x00000000c0000000,0x00000000c5580000)
 Metaspace       used 5815K, capacity 6960K, committed 7040K, reserved 1056768K
  class space    used 566K, capacity 616K, committed 640K, reserved 1048576K
Event: 2.415 GC heap after
Heap after GC invocations=1 (full 0):
 PSYoungGen      total 38400K, used 5105K [0x00000000eab00000, 0x00000000ed580000, 0x0000000100000000)
  eden space 33280K, 0% used [0x00000000eab00000,0x00000000eab00000,0x00000000ecb80000)
  from space 5120K, 99% used [0x00000000ecb80000,0x00000000ed07c4f0,0x00000000ed080000)
  to   space 5120K, 0% used [0x00000000ed080000,0x00000000ed080000,0x00000000ed580000)
 ParOldGen       total 87552K, used 1721K [0x00000000c0000000, 0x00000000c5580000, 0x00000000eab00000)
  object space 87552K, 1% used [0x00000000c0000000,0x00000000c01ae530,0x00000000c5580000)
 Metaspace       used 5815K, capacity 6960K, committed 7040K, reserved 1056768K
  class space    used 566K, capacity 616K, committed 640K, reserved 1048576K
}
Event: 3.255 GC heap before
{Heap before GC invocations=2 (full 0):
 PSYoungGen      total 38400K, used 38385K [0x00000000eab00000, 0x00000000ed580000, 0x0000000100000000)
  eden space 33280K, 100% used [0x00000000eab00000,0x00000000ecb80000,0x00000000ecb80000)
  from space 5120K, 99% used [0x00000000ecb80000,0x00000000ed07c4f0,0x00000000ed080000)
  to   space 5120K, 0% used [0x00000000ed080000,0x00000000ed080000,0x00000000ed580000)
 ParOldGen       total 87552K, used 1721K [0x00000000c0000000, 0x00000000c5580000, 0x00000000eab00000)
  object space 87552K, 1% used [0x00000000c0000000,0x00000000c01ae530,0x00000000c5580000)
 Metaspace       used 6018K, capacity 7024K, committed 7296K, reserved 1056768K
  class space    used 587K, capacity 616K, committed 640K, reserved 1048576K
Event: 3.288 GC heap after
Heap after GC invocations=2 (full 0):
 PSYoungGen      total 38400K, used 5113K [0x00000000eab00000, 0x00000000ef600000, 0x0000000100000000)
  eden space 33280K, 0% used [0x00000000eab00000,0x00000000eab00000,0x00000000ecb80000)
  from space 5120K, 99% used [0x00000000ed080000,0x00000000ed57e718,0x00000000ed580000)
  to   space 5120K, 0% used [0x00000000ecb80000,0x00000000ecb80000,0x00000000ed080000)
 ParOldGen       total 87552K, used 6045K [0x00000000c0000000, 0x00000000c5580000, 0x00000000eab00000)
  object space 87552K, 6% used [0x00000000c0000000,0x00000000c05e7488,0x00000000c5580000)
 Metaspace       used 6018K, capacity 7024K, committed 7296K, reserved 1056768K
  class space    used 587K, capacity 616K, committed 640K, reserved 1048576K
}

Deoptimization events (10 events):
Event: 2.438 Thread 0x00000000024e0800 Uncommon trap: reason=unstable_if action=reinterpret pc=0x0000000002b6f3d4 method=com.android.dx.util.LabeledList.set(ILcom/android/dx/util/LabeledItem;)V @ 16
Event: 2.668 Thread 0x00000000024e0800 Uncommon trap: reason=unstable_if action=reinterpret pc=0x0000000002c675b0 method=com.android.dx.rop.code.RegisterSpec.equals(ILcom/android/dx/rop/type/TypeBearer;Lcom/android/dx/rop/code/LocalItem;)Z @ 42
Event: 2.856 Thread 0x00000000024e0800 Uncommon trap: reason=unstable_if action=reinterpret pc=0x0000000002994dc0 method=java.util.HashMap.putVal(ILjava/lang/Object;Ljava/lang/Object;ZZ)Ljava/lang/Object; @ 162
Event: 2.870 Thread 0x00000000024e0800 Uncommon trap: reason=unstable_if action=reinterpret pc=0x0000000002c21ea4 method=java.util.HashMap.getNode(ILjava/lang/Object;)Ljava/util/HashMap$Node; @ 84
Event: 3.059 Thread 0x00000000024e0800 Uncommon trap: reason=class_check action=maybe_recompile pc=0x0000000002b5987c method=java.util.HashMap.putVal(ILjava/lang/Object;Ljava/lang/Object;ZZ)Ljava/lang/Object; @ 203
Event: 3.059 Thread 0x00000000024e0800 Uncommon trap: reason=class_check action=maybe_recompile pc=0x0000000002b5987c method=java.util.HashMap.putVal(ILjava/lang/Object;Ljava/lang/Object;ZZ)Ljava/lang/Object; @ 203
Event: 3.105 Thread 0x00000000024e0800 Uncommon trap: reason=unstable_if action=reinterpret pc=0x0000000002c48990 method=com.android.dx.util.BitIntSet.has(I)Z @ 8
Event: 3.493 Thread 0x00000000024e0800 Uncommon trap: reason=unstable_if action=reinterpret pc=0x0000000002d16ab8 method=com.android.dx.rop.code.LocalItem.hashCode()I @ 25
Event: 3.494 Thread 0x00000000024e0800 Uncommon trap: reason=unstable_if action=reinterpret pc=0x0000000002a077b4 method=com.android.dx.rop.code.LocalItem.hashCode()I @ 25
Event: 3.516 Thread 0x00000000024e0800 Uncommon trap: reason=unstable_if action=reinterpret pc=0x000000000298339c method=com.android.dx.rop.code.LocalItem.hashCode()I @ 25

Internal exceptions (6 events):
Event: 0.184 Thread 0x00000000024e0800 Exception <a 'java/lang/NoSuchMethodError': Method sun.misc.Unsafe.defineClass(Ljava/lang/String;[BII)Ljava/lang/Class; name or signature does not match> (0x00000000eab07cc0) thrown at [C:\re\workspace\8-2-build-windows-amd64-cygwin\jdk8u91\6644\hotspot\sr†^‹Èÿ‚Ç?
Event: 0.184 Thread 0x00000000024e0800 Exception <a 'java/lang/NoSuchMethodError': Method sun.misc.Unsafe.prefetchRead(Ljava/lang/Object;J)V name or signature does not match> (0x00000000eab07fa8) thrown at [C:\re\workspace\8-2-build-windows-amd64-cygwin\jdk8u91\6644\hotspot\src\share\vm\prims\jrF8Uë@
Event: 2.365 Thread 0x00000000024e0800 Implicit null exception at 0x00000000029fabe2 to 0x00000000029face9
Event: 2.867 Thread 0x00000000024e0800 Exception <a 'java/lang/ArrayIndexOutOfBoundsException': 18> (0x00000000eb91abe0) thrown at [C:\re\workspace\8-2-build-windows-amd64-cygwin\jdk8u91\6644\hotspot\src\share\vm\interpreter\interpreterRuntime.cpp, line 366]
Event: 2.868 Thread 0x00000000024e0800 Exception <a 'java/lang/ArrayIndexOutOfBoundsException': 145> (0x00000000eb91c760) thrown at [C:\re\workspace\8-2-build-windows-amd64-cygwin\jdk8u91\6644\hotspot\src\share\vm\interpreter\interpreterRuntime.cpp, line 366]
Event: 2.869 Thread 0x00000000024e0800 Exception <a 'java/lang/ArrayIndexOutOfBoundsException'> (0x00000000eb91da48) thrown at [C:\re\workspace\8-2-build-windows-amd64-cygwin\jdk8u91\6644\hotspot\src\share\vm\runtime\sharedRuntime.cpp, line 605]

Events (10 events):
Event: 3.479 loading class com/android/dx/cf/attrib/AttLocalVariableTypeTable done
Event: 3.493 Thread 0x00000000024e0800 Uncommon trap: trap_request=0xffffff65 fr.pc=0x0000000002d16ab8
Event: 3.493 Thread 0x00000000024e0800 DEOPT PACKING pc=0x0000000002d16ab8 sp=0x00000000020fe2f0
Event: 3.493 Thread 0x00000000024e0800 DEOPT UNPACKING pc=0x00000000026d582a sp=0x00000000020fe058 mode 2
Event: 3.494 Thread 0x00000000024e0800 Uncommon trap: trap_request=0xffffff65 fr.pc=0x0000000002a077b4
Event: 3.494 Thread 0x00000000024e0800 DEOPT PACKING pc=0x0000000002a077b4 sp=0x00000000020fdd50
Event: 3.494 Thread 0x00000000024e0800 DEOPT UNPACKING pc=0x00000000026d582a sp=0x00000000020fdbb8 mode 2
Event: 3.516 Thread 0x00000000024e0800 Uncommon trap: trap_request=0xffffff65 fr.pc=0x000000000298339c
Event: 3.516 Thread 0x00000000024e0800 DEOPT PACKING pc=0x000000000298339c sp=0x00000000020fe250
Event: 3.516 Thread 0x00000000024e0800 DEOPT UNPACKING pc=0x00000000026d582a sp=0x00000000020fe188 mode 2


Dynamic libraries:
0x00007ff7d4340000 - 0x00007ff7d4377000 	C:\Program Files\Java\jdk1.8.0_91\bin\java.exe
0x00007ff9865e0000 - 0x00007ff9867a1000 	C:\Windows\SYSTEM32\ntdll.dll
0x00007ff9862a0000 - 0x00007ff98634d000 	C:\Windows\system32\KERNEL32.DLL
0x00007ff9836d0000 - 0x00007ff9838b8000 	C:\Windows\system32\KERNELBASE.dll
0x00007ff9845c0000 - 0x00007ff984667000 	C:\Windows\system32\ADVAPI32.dll
0x00007ff983ba0000 - 0x00007ff983c3d000 	C:\Windows\system32\msvcrt.dll
0x00007ff984840000 - 0x00007ff98489b000 	C:\Windows\system32\sechost.dll
0x00007ff9842d0000 - 0x00007ff9843ec000 	C:\Windows\system32\RPCRT4.dll
0x00007ff984460000 - 0x00007ff9845b6000 	C:\Windows\system32\USER32.dll
0x00007ff983fd0000 - 0x00007ff984156000 	C:\Windows\system32\GDI32.dll
0x00007ff97e6d0000 - 0x00007ff97e944000 	C:\Windows\WinSxS\amd64_microsoft.windows.common-controls_6595b64144ccf1df_6.0.10586.0_none_8c15ae12515e1c22\COMCTL32.dll
0x00007ff986360000 - 0x00007ff9865dd000 	C:\Windows\system32\combase.dll
0x00007ff9838c0000 - 0x00007ff98392a000 	C:\Windows\system32\bcryptPrimitives.dll
0x00007ff984230000 - 0x00007ff98426b000 	C:\Windows\system32\IMM32.DLL
0x000000006be70000 - 0x000000006bf42000 	C:\Program Files\Java\jdk1.8.0_91\jre\bin\msvcr100.dll
0x000000006b5d0000 - 0x000000006be63000 	C:\Program Files\Java\jdk1.8.0_91\jre\bin\server\jvm.dll
0x00007ff985e00000 - 0x00007ff985e08000 	C:\Windows\system32\PSAPI.DLL
0x00007ff970d70000 - 0x00007ff970d79000 	C:\Windows\SYSTEM32\WSOCK32.dll
0x00007ff9843f0000 - 0x00007ff98445b000 	C:\Windows\system32\WS2_32.dll
0x00007ff980f40000 - 0x00007ff980f63000 	C:\Windows\SYSTEM32\WINMM.dll
0x00007ff97e990000 - 0x00007ff97e99a000 	C:\Windows\SYSTEM32\VERSION.dll
0x00007ff980e20000 - 0x00007ff980e4c000 	C:\Windows\SYSTEM32\WINMMBASE.dll
0x00007ff983540000 - 0x00007ff983583000 	C:\Windows\system32\cfgmgr32.dll
0x000000006b5c0000 - 0x000000006b5cf000 	C:\Program Files\Java\jdk1.8.0_91\jre\bin\verify.dll
0x000000006b590000 - 0x000000006b5b9000 	C:\Program Files\Java\jdk1.8.0_91\jre\bin\java.dll
0x000000006b570000 - 0x000000006b586000 	C:\Program Files\Java\jdk1.8.0_91\jre\bin\zip.dll
0x00007ff9848a0000 - 0x00007ff985dfc000 	C:\Windows\system32\SHELL32.dll
0x00007ff982d20000 - 0x00007ff983364000 	C:\Windows\system32\windows.storage.dll
0x00007ff986240000 - 0x00007ff986292000 	C:\Windows\system32\shlwapi.dll
0x00007ff982c50000 - 0x00007ff982c5f000 	C:\Windows\system32\kernel.appcore.dll
0x00007ff983590000 - 0x00007ff983645000 	C:\Windows\system32\shcore.dll
0x00007ff982c00000 - 0x00007ff982c4b000 	C:\Windows\system32\powrprof.dll
0x00007ff982c60000 - 0x00007ff982c74000 	C:\Windows\system32\profapi.dll

VM Arguments:
jvm_args: -Djava.awt.headless=true -Xmx1024M -Dfile.encoding=windows-31j -Duser.country=JP -Duser.language=ja -Duser.variant 
java_command: com.android.dx.command.Main --dex --force-jumbo --multi-dex --output C:\Users\si\AndroidStudioProjects\Test_EN_Revolution\app\build\intermediates\transforms\dex\debug\folders\1000\10\com.android.support-support-v4-21.0.3_801aa63ddd0e81737d5df33d079b8972051acbd4 C:\Users\si\AndroidStudioProjects\Test_EN_Revolution\app\build\intermediates\exploded-aar\com.android.support\support-v4\21.0.3\jars\classes.jar
java_class_path (initial): C:\Users\si\AppData\Local\Android\sdk\build-tools\21.1.1\lib\dx.jar
Launcher Type: SUN_STANDARD

Environment Variables:
PATH=C:\ProgramData\Oracle\Java\javapath;C:\Windows\system32;C:\Windows;C:\Windows\System32\Wbem;C:\Windows\System32\WindowsPowerShell\v1.0\;C:\Program Files\Intel\WiFi\bin\;C:\Program Files\Common Files\Intel\WirelessCommon\;C:\Program Files\Git\cmd;C:\Program Files (x86)\NVIDIA Corporation\PhysX\Common;C:\Program Files\Intel\WiFi\bin\;C:\Program Files\Common Files\Intel\WirelessCommon\
USERNAME=si
OS=Windows_NT
PROCESSOR_IDENTIFIER=Intel64 Family 6 Model 69 Stepping 1, GenuineIntel



---------------  S Y S T E M  ---------------

OS: Windows 10.0 , 64 bit Build 10586 (10.0.10586.0)

CPU:total 4 (2 cores per cpu, 2 threads per core) family 6 model 69 stepping 1, cmov, cx8, fxsr, mmx, sse, sse2, sse3, ssse3, sse4.1, sse4.2, popcnt, avx, avx2, aes, clmul, erms, lzcnt, ht, tsc, tscinvbit, bmi1, bmi2

Memory: 4k page, physical 8269856k(594096k free), swap 9318432k(5512k free)

vm_info: Java HotSpot(TM) 64-Bit Server VM (25.91-b14) for windows-amd64 JRE (1.8.0_91-b14), built on Apr  1 2016 00:58:32 by "java_re" with MS VC++ 10.0 (VS2010)

time: Tue May 24 09:00:02 2016
elapsed time: 3 seconds (0d 0h 0m 3s)

