#
# There is insufficient memory for the Java Runtime Environment to continue.
# Native memory allocation (malloc) failed to allocate 660816 bytes for Chunk::new
# Possible reasons:
#   The system is out of physical RAM or swap space
#   In 32 bit mode, the process size limit was hit
# Possible solutions:
#   Reduce memory load on the system
#   Increase physical memory or swap space
#   Check if swap backing store is full
#   Use 64 bit Java on a 64 bit OS
#   Decrease Java heap size (-Xmx/-Xms)
#   Decrease number of Java threads
#   Decrease Java thread stack sizes (-Xss)
#   Set larger code cache with -XX:ReservedCodeCacheSize=
# This output file may be truncated or incomplete.
#
#  Out of Memory Error (allocation.cpp:390), pid=14096, tid=13776
#
# JRE version: Java(TM) SE Runtime Environment (8.0_71-b15) (build 1.8.0_71-b15)
# Java VM: Java HotSpot(TM) 64-Bit Server VM (25.71-b15 mixed mode windows-amd64 compressed oops)
# Failed to write core dump. Minidumps are not enabled by default on client versions of Windows
#

---------------  T H R E A D  ---------------

Current thread (0x00000000163f7000):  JavaThread "C2 CompilerThread1" daemon [_thread_in_native, id=13776, stack(0x00000000167b0000,0x00000000168b0000)]

Stack: [0x00000000167b0000,0x00000000168b0000]
[error occurred during error reporting (printing stack bounds), id 0xc0000005]

Native frames: (J=compiled Java code, j=interpreted, Vv=VM code, C=native code)


Current CompileTask:
C2:   4576 1257       4       com.android.dx.rop.code.Rops::ropFor (771 bytes)


---------------  P R O C E S S  ---------------

Java Threads: ( => current thread )
  0x0000000016405800 JavaThread "Service Thread" daemon [_thread_blocked, id=13704, stack(0x00000000169b0000,0x0000000016ab0000)]
  0x0000000016401800 JavaThread "C1 CompilerThread2" daemon [_thread_blocked, id=13832, stack(0x00000000168b0000,0x00000000169b0000)]
=>0x00000000163f7000 JavaThread "C2 CompilerThread1" daemon [_thread_in_native, id=13776, stack(0x00000000167b0000,0x00000000168b0000)]
  0x0000000014da1000 JavaThread "C2 CompilerThread0" daemon [_thread_in_native, id=13784, stack(0x00000000162b0000,0x00000000163b0000)]
  0x0000000014d5e000 JavaThread "Attach Listener" daemon [_thread_blocked, id=13724, stack(0x00000000161b0000,0x00000000162b0000)]
  0x0000000014d5d000 JavaThread "Signal Dispatcher" daemon [_thread_blocked, id=13732, stack(0x00000000160b0000,0x00000000161b0000)]
  0x0000000002670000 JavaThread "Finalizer" daemon [_thread_blocked, id=13636, stack(0x0000000015fb0000,0x00000000160b0000)]
  0x000000000266d000 JavaThread "Reference Handler" daemon [_thread_blocked, id=13744, stack(0x0000000015eb0000,0x0000000015fb0000)]
  0x0000000002580800 JavaThread "main" [_thread_in_Java, id=13616, stack(0x0000000002000000,0x0000000002100000)]

Other Threads:
  0x0000000014d18000 VMThread [stack: 0x0000000015db0000,0x0000000015eb0000] [id=13692]
  0x0000000016452000 WatcherThread [stack: 0x0000000016ab0000,0x0000000016bb0000] [id=13688]

VM state:not at safepoint (normal execution)

VM Mutex/Monitor currently owned by a thread: None

Heap:
 PSYoungGen      total 38400K, used 8613K [0x00000000eab00000, 0x00000000ef600000, 0x0000000100000000)
  eden space 33280K, 10% used [0x00000000eab00000,0x00000000eae6f8d0,0x00000000ecb80000)
  from space 5120K, 99% used [0x00000000ed080000,0x00000000ed579d68,0x00000000ed580000)
  to   space 5120K, 0% used [0x00000000ecb80000,0x00000000ecb80000,0x00000000ed080000)
 ParOldGen       total 87552K, used 12574K [0x00000000c0000000, 0x00000000c5580000, 0x00000000eab00000)
  object space 87552K, 14% used [0x00000000c0000000,0x00000000c0c47b70,0x00000000c5580000)
 Metaspace       used 5586K, capacity 6896K, committed 7040K, reserved 1056768K
  class space    used 548K, capacity 616K, committed 640K, reserved 1048576K

Card table byte_map: [0x0000000011a40000,0x0000000011c50000] byte_map_base: 0x0000000011440000

Marking Bits: (ParMarkBitMap*) 0x00000000726bf600
 Begin Bits: [0x00000000121b0000, 0x00000000131b0000)
 End Bits:   [0x00000000131b0000, 0x00000000141b0000)

Polling page: 0x0000000000520000

CodeCache: size=245760Kb used=6070Kb max_used=6070Kb free=239689Kb
 bounds [0x0000000002680000, 0x0000000002c80000, 0x0000000011680000]
 total_blobs=1612 nmethods=1352 adapters=173
 compilation: enabled

Compilation events (10 events):
Event: 4.567 Thread 0x0000000016401800 1370       2       com.android.dx.ssa.back.SsaToRop::removePhiFunctions (83 bytes)
Event: 4.568 Thread 0x0000000016401800 nmethod 1370 0x0000000002c6de50 code [0x0000000002c6e060, 0x0000000002c6e6e8]
Event: 4.569 Thread 0x0000000016401800 1371       2       com.android.dx.ssa.LocalVariableExtractor::doit (59 bytes)
Event: 4.569 Thread 0x0000000016401800 nmethod 1371 0x0000000002c6ed50 code [0x0000000002c6eee0, 0x0000000002c6f148]
Event: 4.570 Thread 0x0000000016401800 1372       2       com.android.dx.rop.code.Rops::opMarkLocal (69 bytes)
Event: 4.571 Thread 0x0000000016401800 nmethod 1372 0x0000000002c6f310 code [0x0000000002c6f4e0, 0x0000000002c6f9b8]
Event: 4.571 Thread 0x0000000016401800 1373       2       com.android.dx.rop.code.RegisterSpec::make (21 bytes)
Event: 4.571 Thread 0x0000000016401800 nmethod 1373 0x0000000002c6fcd0 code [0x0000000002c6fe40, 0x0000000002c70038]
Event: 4.571 Thread 0x0000000016401800 1374       2       com.android.dx.ssa.SsaMethod::makeExitBlock (134 bytes)
Event: 4.572 Thread 0x0000000016401800 nmethod 1374 0x0000000002c70150 code [0x0000000002c70340, 0x0000000002c70948]

GC Heap History (4 events):
Event: 3.651 GC heap before
{Heap before GC invocations=1 (full 0):
 PSYoungGen      total 38400K, used 33280K [0x00000000eab00000, 0x00000000ed580000, 0x0000000100000000)
  eden space 33280K, 100% used [0x00000000eab00000,0x00000000ecb80000,0x00000000ecb80000)
  from space 5120K, 0% used [0x00000000ed080000,0x00000000ed080000,0x00000000ed580000)
  to   space 5120K, 0% used [0x00000000ecb80000,0x00000000ecb80000,0x00000000ed080000)
 ParOldGen       total 87552K, used 0K [0x00000000c0000000, 0x00000000c5580000, 0x00000000eab00000)
  object space 87552K, 0% used [0x00000000c0000000,0x00000000c0000000,0x00000000c5580000)
 Metaspace       used 5469K, capacity 6832K, committed 7040K, reserved 1056768K
  class space    used 547K, capacity 616K, committed 640K, reserved 1048576K
Event: 3.666 GC heap after
Heap after GC invocations=1 (full 0):
 PSYoungGen      total 38400K, used 5097K [0x00000000eab00000, 0x00000000ed580000, 0x0000000100000000)
  eden space 33280K, 0% used [0x00000000eab00000,0x00000000eab00000,0x00000000ecb80000)
  from space 5120K, 99% used [0x00000000ecb80000,0x00000000ed07a7f0,0x00000000ed080000)
  to   space 5120K, 0% used [0x00000000ed080000,0x00000000ed080000,0x00000000ed580000)
 ParOldGen       total 87552K, used 4143K [0x00000000c0000000, 0x00000000c5580000, 0x00000000eab00000)
  object space 87552K, 4% used [0x00000000c0000000,0x00000000c040bd90,0x00000000c5580000)
 Metaspace       used 5469K, capacity 6832K, committed 7040K, reserved 1056768K
  class space    used 547K, capacity 616K, committed 640K, reserved 1048576K
}
Event: 4.531 GC heap before
{Heap before GC invocations=2 (full 0):
 PSYoungGen      total 38400K, used 38377K [0x00000000eab00000, 0x00000000ed580000, 0x0000000100000000)
  eden space 33280K, 100% used [0x00000000eab00000,0x00000000ecb80000,0x00000000ecb80000)
  from space 5120K, 99% used [0x00000000ecb80000,0x00000000ed07a7f0,0x00000000ed080000)
  to   space 5120K, 0% used [0x00000000ed080000,0x00000000ed080000,0x00000000ed580000)
 ParOldGen       total 87552K, used 4143K [0x00000000c0000000, 0x00000000c5580000, 0x00000000eab00000)
  object space 87552K, 4% used [0x00000000c0000000,0x00000000c040bd90,0x00000000c5580000)
 Metaspace       used 5568K, capacity 6896K, committed 7040K, reserved 1056768K
  class space    used 548K, capacity 616K, committed 640K, reserved 1048576K
Event: 4.555 GC heap after
Heap after GC invocations=2 (full 0):
 PSYoungGen      total 38400K, used 5095K [0x00000000eab00000, 0x00000000ef600000, 0x0000000100000000)
  eden space 33280K, 0% used [0x00000000eab00000,0x00000000eab00000,0x00000000ecb80000)
  from space 5120K, 99% used [0x00000000ed080000,0x00000000ed579d68,0x00000000ed580000)
  to   space 5120K, 0% used [0x00000000ecb80000,0x00000000ecb80000,0x00000000ed080000)
 ParOldGen       total 87552K, used 12574K [0x00000000c0000000, 0x00000000c5580000, 0x00000000eab00000)
  object space 87552K, 14% used [0x00000000c0000000,0x00000000c0c47b70,0x00000000c5580000)
 Metaspace       used 5568K, capacity 6896K, committed 7040K, reserved 1056768K
  class space    used 548K, capacity 616K, committed 640K, reserved 1048576K
}

Deoptimization events (10 events):
Event: 4.480 Thread 0x0000000002580800 Uncommon trap: reason=bimorphic action=maybe_recompile pc=0x0000000002b995a8 method=com.android.dx.rop.code.InsnList.contentEquals(Lcom/android/dx/rop/code/InsnList;)Z @ 38
Event: 4.485 Thread 0x0000000002580800 Uncommon trap: reason=unstable_if action=reinterpret pc=0x0000000002b03ffc method=com.android.dx.cf.code.BaseMachine.getLocalTarget(Z)Lcom/android/dx/rop/code/RegisterSpec; @ 131
Event: 4.485 Thread 0x0000000002580800 Uncommon trap: reason=unstable_if action=reinterpret pc=0x0000000002b4cf30 method=com.android.dx.cf.code.BaseMachine.getLocalTarget(Z)Lcom/android/dx/rop/code/RegisterSpec; @ 131
Event: 4.513 Thread 0x0000000002580800 Uncommon trap: reason=class_check action=maybe_recompile pc=0x00000000029f91b8 method=com.android.dx.rop.type.Type.equals(Ljava/lang/Object;)Z @ 8
Event: 4.517 Thread 0x0000000002580800 Uncommon trap: reason=bimorphic action=maybe_recompile pc=0x0000000002b66710 method=com.android.dx.ssa.SCCP.setLatticeValueTo(IILcom/android/dx/rop/cst/Constant;)Z @ 43
Event: 4.521 Thread 0x0000000002580800 Uncommon trap: reason=class_check action=maybe_recompile pc=0x00000000029f91b8 method=com.android.dx.rop.type.Type.equals(Ljava/lang/Object;)Z @ 8
Event: 4.522 Thread 0x0000000002580800 Uncommon trap: reason=bimorphic action=maybe_recompile pc=0x0000000002b66710 method=com.android.dx.ssa.SCCP.setLatticeValueTo(IILcom/android/dx/rop/cst/Constant;)Z @ 43
Event: 4.560 Thread 0x0000000002580800 Uncommon trap: reason=unstable_if action=reinterpret pc=0x0000000002aeb398 method=com.android.dx.ssa.SCCP.simulateBranch(Lcom/android/dx/ssa/SsaInsn;)V @ 107
Event: 4.560 Thread 0x0000000002580800 Uncommon trap: reason=bimorphic action=maybe_recompile pc=0x0000000002b66710 method=com.android.dx.ssa.SCCP.setLatticeValueTo(IILcom/android/dx/rop/cst/Constant;)Z @ 43
Event: 4.560 Thread 0x0000000002580800 Uncommon trap: reason=bimorphic action=maybe_recompile pc=0x0000000002b66710 method=com.android.dx.ssa.SCCP.setLatticeValueTo(IILcom/android/dx/rop/cst/Constant;)Z @ 43

Internal exceptions (4 events):
Event: 0.079 Thread 0x0000000002580800 Exception <a 'java/lang/NoSuchMethodError': Method sun.misc.Unsafe.defineClass(Ljava/lang/String;[BII)Ljava/lang/Class; name or signature does not match> (0x00000000eab130d0) thrown at [C:\re\workspace\8-2-build-windows-amd64-cygwin\jdk8u71\5731\hotspot\sr`œëŠ,´?
Event: 0.079 Thread 0x0000000002580800 Exception <a 'java/lang/NoSuchMethodError': Method sun.misc.Unsafe.prefetchRead(Ljava/lang/Object;J)V name or signature does not match> (0x00000000eab133b8) thrown at [C:\re\workspace\8-2-build-windows-amd64-cygwin\jdk8u71\5731\hotspot\src\share\vm\prims\j9›ˆÛr@
Event: 2.181 Thread 0x0000000002580800 Implicit null exception at 0x00000000029dede2 to 0x00000000029deee9
Event: 2.188 Thread 0x0000000002580800 Implicit null exception at 0x000000000298c9e0 to 0x000000000298e2b1

Events (10 events):
Event: 4.555 Executing VM operation: ParallelGCFailedAllocation done
Event: 4.560 Thread 0x0000000002580800 Uncommon trap: trap_request=0xffffff65 fr.pc=0x0000000002aeb398
Event: 4.560 Thread 0x0000000002580800 DEOPT PACKING pc=0x0000000002aeb398 sp=0x00000000020fe5a0
Event: 4.560 Thread 0x0000000002580800 DEOPT UNPACKING pc=0x00000000026c582a sp=0x00000000020fe558 mode 2
Event: 4.560 Thread 0x0000000002580800 Uncommon trap: trap_request=0xffffffc6 fr.pc=0x0000000002b66710
Event: 4.560 Thread 0x0000000002580800 DEOPT PACKING pc=0x0000000002b66710 sp=0x00000000020fe640
Event: 4.560 Thread 0x0000000002580800 DEOPT UNPACKING pc=0x00000000026c582a sp=0x00000000020fe588 mode 2
Event: 4.560 Thread 0x0000000002580800 Uncommon trap: trap_request=0xffffffc6 fr.pc=0x0000000002b66710
Event: 4.560 Thread 0x0000000002580800 DEOPT PACKING pc=0x0000000002b66710 sp=0x00000000020fe640
Event: 4.560 Thread 0x0000000002580800 DEOPT UNPACKING pc=0x00000000026c582a sp=0x00000000020fe588 mode 2


Dynamic libraries:
0x00007ff70b8e0000 - 0x00007ff70b917000 	C:\Program Files\Java\jdk1.8.0_71\bin\java.exe
0x00007ff906540000 - 0x00007ff906701000 	C:\Windows\SYSTEM32\ntdll.dll
0x00007ff905750000 - 0x00007ff9057fd000 	C:\Windows\system32\KERNEL32.DLL
0x00007ff903000000 - 0x00007ff9031e8000 	C:\Windows\system32\KERNELBASE.dll
0x00007ff9063c0000 - 0x00007ff906467000 	C:\Windows\system32\ADVAPI32.dll
0x00007ff904f30000 - 0x00007ff904fcd000 	C:\Windows\system32\msvcrt.dll
0x00007ff903940000 - 0x00007ff90399b000 	C:\Windows\system32\sechost.dll
0x00007ff905b20000 - 0x00007ff905c3c000 	C:\Windows\system32\RPCRT4.dll
0x00007ff9059c0000 - 0x00007ff905b16000 	C:\Windows\system32\USER32.dll
0x00007ff905240000 - 0x00007ff9053c6000 	C:\Windows\system32\GDI32.dll
0x00007ff8fe070000 - 0x00007ff8fe2e4000 	C:\Windows\WinSxS\amd64_microsoft.windows.common-controls_6595b64144ccf1df_6.0.10586.0_none_8c15ae12515e1c22\COMCTL32.dll
0x00007ff906140000 - 0x00007ff9063bd000 	C:\Windows\system32\combase.dll
0x00007ff902bf0000 - 0x00007ff902c5a000 	C:\Windows\system32\bcryptPrimitives.dll
0x00007ff9050b0000 - 0x00007ff9050eb000 	C:\Windows\system32\IMM32.DLL
0x0000000071580000 - 0x0000000071652000 	C:\Program Files\Java\jdk1.8.0_71\jre\bin\msvcr100.dll
0x0000000071eb0000 - 0x000000007273f000 	C:\Program Files\Java\jdk1.8.0_71\jre\bin\server\jvm.dll
0x00007ff904f20000 - 0x00007ff904f28000 	C:\Windows\system32\PSAPI.DLL
0x00007ff8ef150000 - 0x00007ff8ef159000 	C:\Windows\SYSTEM32\WSOCK32.dll
0x00007ff904fd0000 - 0x00007ff90503b000 	C:\Windows\system32\WS2_32.dll
0x00007ff901160000 - 0x00007ff901183000 	C:\Windows\SYSTEM32\WINMM.dll
0x00007ff8fe2f0000 - 0x00007ff8fe2fa000 	C:\Windows\SYSTEM32\VERSION.dll
0x00007ff900f10000 - 0x00007ff900f3c000 	C:\Windows\SYSTEM32\WINMMBASE.dll
0x00007ff9038f0000 - 0x00007ff903933000 	C:\Windows\system32\cfgmgr32.dll
0x0000000071dc0000 - 0x0000000071dcf000 	C:\Program Files\Java\jdk1.8.0_71\jre\bin\verify.dll
0x0000000071d90000 - 0x0000000071db9000 	C:\Program Files\Java\jdk1.8.0_71\jre\bin\java.dll
0x0000000071d70000 - 0x0000000071d86000 	C:\Program Files\Java\jdk1.8.0_71\jre\bin\zip.dll
0x00007ff9039a0000 - 0x00007ff904efc000 	C:\Windows\system32\SHELL32.dll
0x00007ff9031f0000 - 0x00007ff903834000 	C:\Windows\system32\windows.storage.dll
0x00007ff905580000 - 0x00007ff9055d2000 	C:\Windows\system32\shlwapi.dll
0x00007ff902bb0000 - 0x00007ff902bbf000 	C:\Windows\system32\kernel.appcore.dll
0x00007ff902f40000 - 0x00007ff902ff5000 	C:\Windows\system32\shcore.dll
0x00007ff902b60000 - 0x00007ff902bab000 	C:\Windows\system32\powrprof.dll
0x00007ff902bc0000 - 0x00007ff902bd4000 	C:\Windows\system32\profapi.dll

VM Arguments:
jvm_args: -Djava.awt.headless=true -Xmx1024M -Dfile.encoding=windows-31j -Duser.country=JP -Duser.language=ja -Duser.variant 
java_command: com.android.dx.command.Main --dex --force-jumbo --multi-dex --output C:\Users\si\AndroidStudioProjects\Test_EN_Revolution\app\build\intermediates\transforms\dex\debug\folders\1000\5\slice_7 C:\Users\si\AndroidStudioProjects\Test_EN_Revolution\app\build\intermediates\transforms\instantRunSlicer\debug\folders\1\5\slice_7
java_class_path (initial): C:\Users\si\AppData\Local\Android\sdk\build-tools\21.1.1\lib\dx.jar
Launcher Type: SUN_STANDARD

Environment Variables:
PATH=C:\ProgramData\Oracle\Java\javapath;C:\Windows\system32;C:\Windows;C:\Windows\System32\Wbem;C:\Windows\System32\WindowsPowerShell\v1.0\;C:\Program Files\Intel\WiFi\bin\;C:\Program Files\Common Files\Intel\WirelessCommon\;C:\Program Files\Git\cmd;C:\Program Files (x86)\NVIDIA Corporation\PhysX\Common;C:\Program Files\Intel\WiFi\bin\;C:\Program Files\Common Files\Intel\WirelessCommon\
USERNAME=si
OS=Windows_NT
PROCESSOR_IDENTIFIER=Intel64 Family 6 Model 69 Stepping 1, GenuineIntel



---------------  S Y S T E M  ---------------

OS: Windows 10.0 , 64 bit Build 10586 (10.0.10586.0)

CPU:total 4 (2 cores per cpu, 2 threads per core) family 6 model 69 stepping 1, cmov, cx8, fxsr, mmx, sse, sse2, sse3, ssse3, sse4.1, sse4.2, popcnt, avx, avx2, aes, clmul, erms, lzcnt, ht, tsc, tscinvbit, bmi1, bmi2

Memory: 4k page, physical 8269856k(582484k free), swap 9318432k(8780k free)

vm_info: Java HotSpot(TM) 64-Bit Server VM (25.71-b15) for windows-amd64 JRE (1.8.0_71-b15), built on Dec 22 2015 18:15:55 by "java_re" with MS VC++ 10.0 (VS2010)

time: Mon May 23 12:06:19 2016
elapsed time: 4 seconds (0d 0h 0m 4s)

