#
# There is insufficient memory for the Java Runtime Environment to continue.
# Native memory allocation (malloc) failed to allocate 404736 bytes for Chunk::new
# Possible reasons:
#   The system is out of physical RAM or swap space
#   In 32 bit mode, the process size limit was hit
# Possible solutions:
#   Reduce memory load on the system
#   Increase physical memory or swap space
#   Check if swap backing store is full
#   Use 64 bit Java on a 64 bit OS
#   Decrease Java heap size (-Xmx/-Xms)
#   Decrease number of Java threads
#   Decrease Java thread stack sizes (-Xss)
#   Set larger code cache with -XX:ReservedCodeCacheSize=
# This output file may be truncated or incomplete.
#
#  Out of Memory Error (allocation.cpp:390), pid=17520, tid=19008
#
# JRE version: Java(TM) SE Runtime Environment (8.0_71-b15) (build 1.8.0_71-b15)
# Java VM: Java HotSpot(TM) 64-Bit Server VM (25.71-b15 mixed mode windows-amd64 compressed oops)
# Failed to write core dump. Minidumps are not enabled by default on client versions of Windows
#

---------------  T H R E A D  ---------------

Current thread (0x0000000014d1d800):  JavaThread "C2 CompilerThread0" daemon [_thread_in_native, id=19008, stack(0x0000000016270000,0x0000000016370000)]

Stack: [0x0000000016270000,0x0000000016370000]
[error occurred during error reporting (printing stack bounds), id 0xc0000005]

Native frames: (J=compiled Java code, j=interpreted, Vv=VM code, C=native code)


Current CompileTask:
C2:  10101 1688       4       com.android.dx.dex.code.OutputFinisher::addConstants (93 bytes)


---------------  P R O C E S S  ---------------

Java Threads: ( => current thread )
  0x00000000163c2800 JavaThread "Service Thread" daemon [_thread_blocked, id=19120, stack(0x0000000016970000,0x0000000016a70000)]
  0x00000000163bf000 JavaThread "C1 CompilerThread2" daemon [_thread_blocked, id=18988, stack(0x0000000016870000,0x0000000016970000)]
  0x00000000163bc800 JavaThread "C2 CompilerThread1" daemon [_thread_in_native, id=19108, stack(0x0000000016770000,0x0000000016870000)]
=>0x0000000014d1d800 JavaThread "C2 CompilerThread0" daemon [_thread_in_native, id=19008, stack(0x0000000016270000,0x0000000016370000)]
  0x0000000014d1c000 JavaThread "Attach Listener" daemon [_thread_blocked, id=19044, stack(0x0000000016170000,0x0000000016270000)]
  0x0000000014d1b000 JavaThread "Signal Dispatcher" daemon [_thread_blocked, id=18884, stack(0x0000000016070000,0x0000000016170000)]
  0x0000000002630000 JavaThread "Finalizer" daemon [_thread_blocked, id=18900, stack(0x0000000015f70000,0x0000000016070000)]
  0x000000000262d000 JavaThread "Reference Handler" daemon [_thread_blocked, id=19088, stack(0x0000000015e70000,0x0000000015f70000)]
  0x0000000002540800 JavaThread "main" [_thread_in_vm, id=18912, stack(0x0000000002340000,0x0000000002440000)]

Other Threads:
  0x0000000014cd8000 VMThread [stack: 0x0000000015d70000,0x0000000015e70000] [id=19184]
  0x00000000163da000 WatcherThread [stack: 0x0000000016a70000,0x0000000016b70000] [id=19092]

VM state:not at safepoint (normal execution)

VM Mutex/Monitor currently owned by a thread:  ([mutex/lock_event])
[0x0000000001f0e900] MethodCompileQueue_lock - owner thread: 0x0000000002540800

Heap:
 PSYoungGen      total 71680K, used 26529K [0x00000000eab00000, 0x00000000f3700000, 0x0000000100000000)
  eden space 66560K, 32% used [0x00000000eab00000,0x00000000ebfeb150,0x00000000eec00000)
  from space 5120K, 99% used [0x00000000eec00000,0x00000000ef0fd408,0x00000000ef100000)
  to   space 5120K, 0% used [0x00000000f3200000,0x00000000f3200000,0x00000000f3700000)
 ParOldGen       total 87552K, used 20806K [0x00000000c0000000, 0x00000000c5580000, 0x00000000eab00000)
  object space 87552K, 23% used [0x00000000c0000000,0x00000000c1451ba8,0x00000000c5580000)
 Metaspace       used 5732K, capacity 7024K, committed 7296K, reserved 1056768K
  class space    used 557K, capacity 616K, committed 640K, reserved 1048576K

Card table byte_map: [0x0000000011a00000,0x0000000011c10000] byte_map_base: 0x0000000011400000

Marking Bits: (ParMarkBitMap*) 0x000000005105f600
 Begin Bits: [0x0000000012170000, 0x0000000013170000)
 End Bits:   [0x0000000013170000, 0x0000000014170000)

Polling page: 0x0000000001e50000

CodeCache: size=245760Kb used=8373Kb max_used=8373Kb free=237386Kb
 bounds [0x0000000002640000, 0x0000000002e80000, 0x0000000011640000]
 total_blobs=1942 nmethods=1682 adapters=173
 compilation: enabled

Compilation events (10 events):
Event: 10.048 Thread 0x00000000163bc800 nmethod 1683 0x0000000002e70fd0 code [0x0000000002e71180, 0x0000000002e720f8]
Event: 10.048 Thread 0x00000000163bc800 1691       4       com.android.dx.dex.code.OutputFinisher::addConstants (68 bytes)
Event: 10.051 Thread 0x00000000163bf000 1696       1       com.android.dx.dex.file.DexFile::getByteData (5 bytes)
Event: 10.052 Thread 0x00000000163bf000 nmethod 1696 0x0000000002e5fb90 code [0x0000000002e5fce0, 0x0000000002e5fdf0]
Event: 10.053 Thread 0x00000000163bf000 1697       3       com.android.dx.dex.code.OutputFinisher::getAllConstants (47 bytes)
Event: 10.054 Thread 0x00000000163bf000 nmethod 1697 0x0000000002e6fed0 code [0x0000000002e70100, 0x0000000002e70a68]
Event: 10.055 Thread 0x00000000163bf000 1698       3       com.android.dx.dex.file.CodeItem::addContents (174 bytes)
Event: 10.056 Thread 0x00000000163bf000 nmethod 1698 0x0000000002e6d810 code [0x0000000002e6db20, 0x0000000002e6f418]
Event: 10.058 Thread 0x00000000163bf000 1699       3       com.android.dx.dex.code.StdCatchBuilder::hasAnyCatches (57 bytes)
Event: 10.059 Thread 0x00000000163bf000 nmethod 1699 0x0000000002e72c90 code [0x0000000002e72e80, 0x0000000002e73bb8]

GC Heap History (6 events):
Event: 3.965 GC heap before
{Heap before GC invocations=1 (full 0):
 PSYoungGen      total 38400K, used 33280K [0x00000000eab00000, 0x00000000ed580000, 0x0000000100000000)
  eden space 33280K, 100% used [0x00000000eab00000,0x00000000ecb80000,0x00000000ecb80000)
  from space 5120K, 0% used [0x00000000ed080000,0x00000000ed080000,0x00000000ed580000)
  to   space 5120K, 0% used [0x00000000ecb80000,0x00000000ecb80000,0x00000000ed080000)
 ParOldGen       total 87552K, used 0K [0x00000000c0000000, 0x00000000c5580000, 0x00000000eab00000)
  object space 87552K, 0% used [0x00000000c0000000,0x00000000c0000000,0x00000000c5580000)
 Metaspace       used 5466K, capacity 6832K, committed 7040K, reserved 1056768K
  class space    used 547K, capacity 616K, committed 640K, reserved 1048576K
Event: 4.034 GC heap after
Heap after GC invocations=1 (full 0):
 PSYoungGen      total 38400K, used 5097K [0x00000000eab00000, 0x00000000ef600000, 0x0000000100000000)
  eden space 33280K, 0% used [0x00000000eab00000,0x00000000eab00000,0x00000000ecb80000)
  from space 5120K, 99% used [0x00000000ecb80000,0x00000000ed07a740,0x00000000ed080000)
  to   space 5120K, 0% used [0x00000000ef100000,0x00000000ef100000,0x00000000ef600000)
 ParOldGen       total 87552K, used 4091K [0x00000000c0000000, 0x00000000c5580000, 0x00000000eab00000)
  object space 87552K, 4% used [0x00000000c0000000,0x00000000c03fed18,0x00000000c5580000)
 Metaspace       used 5466K, capacity 6832K, committed 7040K, reserved 1056768K
  class space    used 547K, capacity 616K, committed 640K, reserved 1048576K
}
Event: 6.099 GC heap before
{Heap before GC invocations=2 (full 0):
 PSYoungGen      total 38400K, used 38377K [0x00000000eab00000, 0x00000000ef600000, 0x0000000100000000)
  eden space 33280K, 100% used [0x00000000eab00000,0x00000000ecb80000,0x00000000ecb80000)
  from space 5120K, 99% used [0x00000000ecb80000,0x00000000ed07a740,0x00000000ed080000)
  to   space 5120K, 0% used [0x00000000ef100000,0x00000000ef100000,0x00000000ef600000)
 ParOldGen       total 87552K, used 4091K [0x00000000c0000000, 0x00000000c5580000, 0x00000000eab00000)
  object space 87552K, 4% used [0x00000000c0000000,0x00000000c03fed18,0x00000000c5580000)
 Metaspace       used 5573K, capacity 6896K, committed 7040K, reserved 1056768K
  class space    used 549K, capacity 616K, committed 640K, reserved 1048576K
Event: 6.215 GC heap after
Heap after GC invocations=2 (full 0):
 PSYoungGen      total 71680K, used 5118K [0x00000000eab00000, 0x00000000ef600000, 0x0000000100000000)
  eden space 66560K, 0% used [0x00000000eab00000,0x00000000eab00000,0x00000000eec00000)
  from space 5120K, 99% used [0x00000000ef100000,0x00000000ef5ff9b0,0x00000000ef600000)
  to   space 5120K, 0% used [0x00000000eec00000,0x00000000eec00000,0x00000000ef100000)
 ParOldGen       total 87552K, used 13051K [0x00000000c0000000, 0x00000000c5580000, 0x00000000eab00000)
  object space 87552K, 14% used [0x00000000c0000000,0x00000000c0cbefc0,0x00000000c5580000)
 Metaspace       used 5573K, capacity 6896K, committed 7040K, reserved 1056768K
  class space    used 549K, capacity 616K, committed 640K, reserved 1048576K
}
Event: 8.719 GC heap before
{Heap before GC invocations=3 (full 0):
 PSYoungGen      total 71680K, used 71678K [0x00000000eab00000, 0x00000000ef600000, 0x0000000100000000)
  eden space 66560K, 100% used [0x00000000eab00000,0x00000000eec00000,0x00000000eec00000)
  from space 5120K, 99% used [0x00000000ef100000,0x00000000ef5ff9b0,0x00000000ef600000)
  to   space 5120K, 0% used [0x00000000eec00000,0x00000000eec00000,0x00000000ef100000)
 ParOldGen       total 87552K, used 13051K [0x00000000c0000000, 0x00000000c5580000, 0x00000000eab00000)
  object space 87552K, 14% used [0x00000000c0000000,0x00000000c0cbefc0,0x00000000c5580000)
 Metaspace       used 5611K, capacity 6960K, committed 7040K, reserved 1056768K
  class space    used 549K, capacity 616K, committed 640K, reserved 1048576K
Event: 8.795 GC heap after
Heap after GC invocations=3 (full 0):
 PSYoungGen      total 71680K, used 5109K [0x00000000eab00000, 0x00000000f3700000, 0x0000000100000000)
  eden space 66560K, 0% used [0x00000000eab00000,0x00000000eab00000,0x00000000eec00000)
  from space 5120K, 99% used [0x00000000eec00000,0x00000000ef0fd408,0x00000000ef100000)
  to   space 5120K, 0% used [0x00000000f3200000,0x00000000f3200000,0x00000000f3700000)
 ParOldGen       total 87552K, used 20806K [0x00000000c0000000, 0x00000000c5580000, 0x00000000eab00000)
  object space 87552K, 23% used [0x00000000c0000000,0x00000000c1451ba8,0x00000000c5580000)
 Metaspace       used 5611K, capacity 6960K, committed 7040K, reserved 1056768K
  class space    used 549K, capacity 616K, committed 640K, reserved 1048576K
}

Deoptimization events (10 events):
Event: 9.834 Thread 0x0000000002540800 Uncommon trap: reason=unstable_if action=reinterpret pc=0x0000000002c221e0 method=com.android.dx.cf.code.BaseMachine.popArgs(Lcom/android/dx/cf/code/Frame;I)V @ 15
Event: 9.968 Thread 0x0000000002540800 Uncommon trap: reason=class_check action=maybe_recompile pc=0x0000000002a908c8 method=java.util.Arrays.hashCode([Ljava/lang/Object;)I @ 43
Event: 9.969 Thread 0x0000000002540800 Uncommon trap: reason=class_check action=maybe_recompile pc=0x0000000002a908c8 method=java.util.Arrays.hashCode([Ljava/lang/Object;)I @ 43
Event: 9.969 Thread 0x0000000002540800 Uncommon trap: reason=class_check action=maybe_recompile pc=0x0000000002a908c8 method=java.util.Arrays.hashCode([Ljava/lang/Object;)I @ 43
Event: 9.969 Thread 0x0000000002540800 Uncommon trap: reason=class_check action=maybe_recompile pc=0x0000000002a908c8 method=java.util.Arrays.hashCode([Ljava/lang/Object;)I @ 43
Event: 9.970 Thread 0x0000000002540800 Uncommon trap: reason=class_check action=maybe_recompile pc=0x0000000002a92ca8 method=java.util.Arrays.hashCode([Ljava/lang/Object;)I @ 43
Event: 9.970 Thread 0x0000000002540800 Uncommon trap: reason=unstable_if action=reinterpret pc=0x00000000027ea744 method=java.lang.String.replace(CC)Ljava/lang/String; @ 26
Event: 10.019 Thread 0x0000000002540800 Uncommon trap: reason=bimorphic action=maybe_recompile pc=0x0000000002c12850 method=java.util.HashMap.putVal(ILjava/lang/Object;Ljava/lang/Object;ZZ)Ljava/lang/Object; @ 203
Event: 10.019 Thread 0x0000000002540800 Uncommon trap: reason=bimorphic action=maybe_recompile pc=0x0000000002c12850 method=java.util.HashMap.putVal(ILjava/lang/Object;Ljava/lang/Object;ZZ)Ljava/lang/Object; @ 203
Event: 10.019 Thread 0x0000000002540800 Uncommon trap: reason=bimorphic action=maybe_recompile pc=0x0000000002c302b0 method=java.util.HashMap.putVal(ILjava/lang/Object;Ljava/lang/Object;ZZ)Ljava/lang/Object; @ 203

Internal exceptions (4 events):
Event: 0.219 Thread 0x0000000002540800 Exception <a 'java/lang/NoSuchMethodError': Method sun.misc.Unsafe.defineClass(Ljava/lang/String;[BII)Ljava/lang/Class; name or signature does not match> (0x00000000eab130d0) thrown at [C:\re\workspace\8-2-build-windows-amd64-cygwin\jdk8u71\5731\hotspot\srŒW@
Ì?
Event: 0.219 Thread 0x0000000002540800 Exception <a 'java/lang/NoSuchMethodError': Method sun.misc.Unsafe.prefetchRead(Ljava/lang/Object;J)V name or signature does not match> (0x00000000eab133b8) thrown at [C:\re\workspace\8-2-build-windows-amd64-cygwin\jdk8u71\5731\hotspot\src\share\vm\prims\j´üÄ’R
Event: 2.014 Thread 0x0000000002540800 Implicit null exception at 0x0000000002971ae2 to 0x0000000002971be9
Event: 2.015 Thread 0x0000000002540800 Implicit null exception at 0x0000000002965b80 to 0x00000000029678ad

Events (10 events):
Event: 9.980 loading class java/util/HashMap$KeyIterator done
Event: 10.019 Thread 0x0000000002540800 Uncommon trap: trap_request=0xffffffc6 fr.pc=0x0000000002c12850
Event: 10.019 Thread 0x0000000002540800 DEOPT PACKING pc=0x0000000002c12850 sp=0x000000000243ef40
Event: 10.019 Thread 0x0000000002540800 DEOPT UNPACKING pc=0x000000000268582a sp=0x000000000243ee60 mode 2
Event: 10.019 Thread 0x0000000002540800 Uncommon trap: trap_request=0xffffffc6 fr.pc=0x0000000002c12850
Event: 10.019 Thread 0x0000000002540800 DEOPT PACKING pc=0x0000000002c12850 sp=0x000000000243ef40
Event: 10.019 Thread 0x0000000002540800 DEOPT UNPACKING pc=0x000000000268582a sp=0x000000000243ee60 mode 2
Event: 10.019 Thread 0x0000000002540800 Uncommon trap: trap_request=0xffffffc6 fr.pc=0x0000000002c302b0
Event: 10.019 Thread 0x0000000002540800 DEOPT PACKING pc=0x0000000002c302b0 sp=0x000000000243eea0
Event: 10.019 Thread 0x0000000002540800 DEOPT UNPACKING pc=0x000000000268582a sp=0x000000000243ee58 mode 2


Dynamic libraries:
0x00007ff763520000 - 0x00007ff763557000 	C:\Program Files\Java\jdk1.8.0_71\bin\java.exe
0x00007ffa0ed60000 - 0x00007ffa0ef21000 	C:\Windows\SYSTEM32\ntdll.dll
0x00007ffa0ec90000 - 0x00007ffa0ed3d000 	C:\Windows\system32\KERNEL32.DLL
0x00007ffa0b550000 - 0x00007ffa0b738000 	C:\Windows\system32\KERNELBASE.dll
0x00007ffa0c700000 - 0x00007ffa0c7a7000 	C:\Windows\system32\ADVAPI32.dll
0x00007ffa0e050000 - 0x00007ffa0e0ed000 	C:\Windows\system32\msvcrt.dll
0x00007ffa0dff0000 - 0x00007ffa0e04b000 	C:\Windows\system32\sechost.dll
0x00007ffa0c2e0000 - 0x00007ffa0c3fc000 	C:\Windows\system32\RPCRT4.dll
0x00007ffa0c420000 - 0x00007ffa0c576000 	C:\Windows\system32\USER32.dll
0x00007ffa0c7b0000 - 0x00007ffa0c936000 	C:\Windows\system32\GDI32.dll
0x00007ffa064f0000 - 0x00007ffa06764000 	C:\Windows\WinSxS\amd64_microsoft.windows.common-controls_6595b64144ccf1df_6.0.10586.0_none_8c15ae12515e1c22\COMCTL32.dll
0x00007ffa0ea10000 - 0x00007ffa0ec8d000 	C:\Windows\system32\combase.dll
0x00007ffa0b880000 - 0x00007ffa0b8ea000 	C:\Windows\system32\bcryptPrimitives.dll
0x00007ffa0c170000 - 0x00007ffa0c1ab000 	C:\Windows\system32\IMM32.DLL
0x00000000516c0000 - 0x0000000051792000 	C:\Program Files\Java\jdk1.8.0_71\jre\bin\msvcr100.dll
0x0000000050850000 - 0x00000000510df000 	C:\Program Files\Java\jdk1.8.0_71\jre\bin\server\jvm.dll
0x00007ffa0c400000 - 0x00007ffa0c408000 	C:\Windows\system32\PSAPI.DLL
0x00007ff9f6b10000 - 0x00007ff9f6b19000 	C:\Windows\SYSTEM32\WSOCK32.dll
0x00007ffa0c580000 - 0x00007ffa0c5eb000 	C:\Windows\system32\WS2_32.dll
0x00007ffa09490000 - 0x00007ffa094b3000 	C:\Windows\SYSTEM32\WINMM.dll
0x00007ffa067f0000 - 0x00007ffa067fa000 	C:\Windows\SYSTEM32\VERSION.dll
0x00007ffa09430000 - 0x00007ffa0945c000 	C:\Windows\SYSTEM32\WINMMBASE.dll
0x00007ffa0c110000 - 0x00007ffa0c153000 	C:\Windows\system32\cfgmgr32.dll
0x0000000051b70000 - 0x0000000051b7f000 	C:\Program Files\Java\jdk1.8.0_71\jre\bin\verify.dll
0x0000000051b40000 - 0x0000000051b69000 	C:\Program Files\Java\jdk1.8.0_71\jre\bin\java.dll
0x0000000051b20000 - 0x0000000051b36000 	C:\Program Files\Java\jdk1.8.0_71\jre\bin\zip.dll
0x00007ffa0ca90000 - 0x00007ffa0dfec000 	C:\Windows\system32\SHELL32.dll
0x00007ffa0bac0000 - 0x00007ffa0c104000 	C:\Windows\system32\windows.storage.dll
0x00007ffa0c280000 - 0x00007ffa0c2d2000 	C:\Windows\system32\shlwapi.dll
0x00007ffa0b400000 - 0x00007ffa0b40f000 	C:\Windows\system32\kernel.appcore.dll
0x00007ffa0b740000 - 0x00007ffa0b7f5000 	C:\Windows\system32\shcore.dll
0x00007ffa0b3b0000 - 0x00007ffa0b3fb000 	C:\Windows\system32\powrprof.dll
0x00007ffa0b390000 - 0x00007ffa0b3a4000 	C:\Windows\system32\profapi.dll

VM Arguments:
jvm_args: -Djava.awt.headless=true -Xmx1024M -Dfile.encoding=windows-31j -Duser.country=JP -Duser.language=ja -Duser.variant 
java_command: com.android.dx.command.Main --dex --force-jumbo --multi-dex --output C:\Users\si\AndroidStudioProjects\Test_EN_Revolution\app\build\intermediates\transforms\dex\debug\folders\1000\5\slice_7 C:\Users\si\AndroidStudioProjects\Test_EN_Revolution\app\build\intermediates\transforms\instantRunSlicer\debug\folders\1\5\slice_7
java_class_path (initial): C:\Users\si\AppData\Local\Android\sdk\build-tools\21.1.1\lib\dx.jar
Launcher Type: SUN_STANDARD

Environment Variables:
PATH=C:\ProgramData\Oracle\Java\javapath;C:\Windows\system32;C:\Windows;C:\Windows\System32\Wbem;C:\Windows\System32\WindowsPowerShell\v1.0\;C:\Program Files\Intel\WiFi\bin\;C:\Program Files\Common Files\Intel\WirelessCommon\;C:\Program Files\Git\cmd;C:\Program Files (x86)\NVIDIA Corporation\PhysX\Common;C:\Program Files\Intel\WiFi\bin\;C:\Program Files\Common Files\Intel\WirelessCommon\
USERNAME=si
OS=Windows_NT
PROCESSOR_IDENTIFIER=Intel64 Family 6 Model 69 Stepping 1, GenuineIntel



---------------  S Y S T E M  ---------------

OS: Windows 10.0 , 64 bit Build 10586 (10.0.10586.0)

CPU:total 4 (2 cores per cpu, 2 threads per core) family 6 model 69 stepping 1, cmov, cx8, fxsr, mmx, sse, sse2, sse3, ssse3, sse4.1, sse4.2, popcnt, avx, avx2, aes, clmul, erms, lzcnt, ht, tsc, tscinvbit, bmi1, bmi2

Memory: 4k page, physical 8269856k(562384k free), swap 9318432k(5284k free)

vm_info: Java HotSpot(TM) 64-Bit Server VM (25.71-b15) for windows-amd64 JRE (1.8.0_71-b15), built on Dec 22 2015 18:15:55 by "java_re" with MS VC++ 10.0 (VS2010)

time: Fri May 20 16:26:52 2016
elapsed time: 10 seconds (0d 0h 0m 10s)

