#
# There is insufficient memory for the Java Runtime Environment to continue.
# Native memory allocation (malloc) failed to allocate 1162816 bytes for Chunk::new
# Possible reasons:
#   The system is out of physical RAM or swap space
#   In 32 bit mode, the process size limit was hit
# Possible solutions:
#   Reduce memory load on the system
#   Increase physical memory or swap space
#   Check if swap backing store is full
#   Use 64 bit Java on a 64 bit OS
#   Decrease Java heap size (-Xmx/-Xms)
#   Decrease number of Java threads
#   Decrease Java thread stack sizes (-Xss)
#   Set larger code cache with -XX:ReservedCodeCacheSize=
# This output file may be truncated or incomplete.
#
#  Out of Memory Error (allocation.cpp:390), pid=13832, tid=7248
#
# JRE version: Java(TM) SE Runtime Environment (8.0_71-b15) (build 1.8.0_71-b15)
# Java VM: Java HotSpot(TM) 64-Bit Server VM (25.71-b15 mixed mode windows-amd64 compressed oops)
# Failed to write core dump. Minidumps are not enabled by default on client versions of Windows
#

---------------  T H R E A D  ---------------

Current thread (0x0000000014e01000):  JavaThread "C2 CompilerThread0" daemon [_thread_in_native, id=7248, stack(0x00000000163c0000,0x00000000164c0000)]

Stack: [0x00000000163c0000,0x00000000164c0000]
[error occurred during error reporting (printing stack bounds), id 0xc0000005]

Native frames: (J=compiled Java code, j=interpreted, Vv=VM code, C=native code)


Current CompileTask:
C2:   9931 2171   !   4       com.android.dx.cf.code.Ropper::processBlock (1101 bytes)


---------------  P R O C E S S  ---------------

Java Threads: ( => current thread )
  0x0000000016641800 JavaThread "Service Thread" daemon [_thread_blocked, id=14108, stack(0x0000000016ac0000,0x0000000016bc0000)]
  0x0000000014e08800 JavaThread "C1 CompilerThread2" daemon [_thread_blocked, id=13508, stack(0x00000000169c0000,0x0000000016ac0000)]
  0x0000000014e04800 JavaThread "C2 CompilerThread1" daemon [_thread_in_native, id=13576, stack(0x00000000164c0000,0x00000000165c0000)]
=>0x0000000014e01000 JavaThread "C2 CompilerThread0" daemon [_thread_in_native, id=7248, stack(0x00000000163c0000,0x00000000164c0000)]
  0x0000000014dbe000 JavaThread "Attach Listener" daemon [_thread_blocked, id=13396, stack(0x00000000162c0000,0x00000000163c0000)]
  0x0000000014dbd800 JavaThread "Signal Dispatcher" daemon [_thread_blocked, id=12412, stack(0x00000000161c0000,0x00000000162c0000)]
  0x00000000026d6000 JavaThread "Finalizer" daemon [_thread_blocked, id=13652, stack(0x0000000016030000,0x0000000016130000)]
  0x00000000026cd000 JavaThread "Reference Handler" daemon [_thread_blocked, id=13480, stack(0x0000000015f30000,0x0000000016030000)]
  0x00000000025e0800 JavaThread "main" [_thread_in_Java, id=11420, stack(0x00000000024e0000,0x00000000025e0000)]

Other Threads:
  0x0000000014d78000 VMThread [stack: 0x0000000015e30000,0x0000000015f30000] [id=14112]
  0x0000000016668000 WatcherThread [stack: 0x0000000016bc0000,0x0000000016cc0000] [id=13936]

VM state:not at safepoint (normal execution)

VM Mutex/Monitor currently owned by a thread: None

Heap:
 PSYoungGen      total 71680K, used 35728K [0x00000000eab00000, 0x00000000ef600000, 0x0000000100000000)
  eden space 66560K, 46% used [0x00000000eab00000,0x00000000ec8e80c0,0x00000000eec00000)
  from space 5120K, 99% used [0x00000000eec00000,0x00000000ef0fc108,0x00000000ef100000)
  to   space 5120K, 0% used [0x00000000ef100000,0x00000000ef100000,0x00000000ef600000)
 ParOldGen       total 87552K, used 26690K [0x00000000c0000000, 0x00000000c5580000, 0x00000000eab00000)
  object space 87552K, 30% used [0x00000000c0000000,0x00000000c1a10a80,0x00000000c5580000)
 Metaspace       used 6163K, capacity 7152K, committed 7296K, reserved 1056768K
  class space    used 588K, capacity 616K, committed 640K, reserved 1048576K

Card table byte_map: [0x0000000011aa0000,0x0000000011cb0000] byte_map_base: 0x00000000114a0000

Marking Bits: (ParMarkBitMap*) 0x00000000726bf600
 Begin Bits: [0x0000000012210000, 0x0000000013210000)
 End Bits:   [0x0000000013210000, 0x0000000014210000)

Polling page: 0x0000000000460000

CodeCache: size=245760Kb used=9507Kb max_used=9520Kb free=236252Kb
 bounds [0x00000000026e0000, 0x0000000003040000, 0x00000000116e0000]
 total_blobs=2214 nmethods=1947 adapters=180
 compilation: enabled

Compilation events (10 events):
Event: 9.892 Thread 0x0000000014e04800 2175   !   4       com.android.dx.cf.direct.AttributeListParser::parse (323 bytes)
Event: 9.892 Thread 0x0000000014e08800 nmethod 2177 0x0000000002fd6810 code [0x0000000002fd6960, 0x0000000002fd6b30]
Event: 9.903 Thread 0x0000000014e08800 2184       3       java.util.HashMap$TreeNode::getTreeNode (22 bytes)
Event: 9.904 Thread 0x0000000014e08800 nmethod 2184 0x0000000002fe6e50 code [0x0000000002fe6fe0, 0x0000000002fe73c8]
Event: 9.911 Thread 0x0000000014e04800 nmethod 2175 0x0000000003005550 code [0x0000000003005720, 0x0000000003006478]
Event: 9.912 Thread 0x0000000014e04800 2187       4       com.android.dx.ssa.SCCP::<init> (142 bytes)
Event: 9.922 Thread 0x0000000014e08800 2190       2       com.android.dx.dex.file.AnnotationUtils::makeInnerClass (65 bytes)
Event: 9.923 Thread 0x0000000014e08800 nmethod 2190 0x00000000030049d0 code [0x0000000003004bc0, 0x00000000030050d8]
Event: 9.923 Thread 0x0000000014e04800 nmethod 2187 0x0000000002fe4bd0 code [0x0000000002fe4d80, 0x0000000002fe55d8]
Event: 9.924 Thread 0x0000000014e04800 2189       4       com.android.dx.ssa.back.LivenessAnalyzer::coInterferePhis (128 bytes)

GC Heap History (10 events):
Event: 3.048 GC heap before
{Heap before GC invocations=1 (full 0):
 PSYoungGen      total 38400K, used 33280K [0x00000000eab00000, 0x00000000ed580000, 0x0000000100000000)
  eden space 33280K, 100% used [0x00000000eab00000,0x00000000ecb80000,0x00000000ecb80000)
  from space 5120K, 0% used [0x00000000ed080000,0x00000000ed080000,0x00000000ed580000)
  to   space 5120K, 0% used [0x00000000ecb80000,0x00000000ecb80000,0x00000000ed080000)
 ParOldGen       total 87552K, used 0K [0x00000000c0000000, 0x00000000c5580000, 0x00000000eab00000)
  object space 87552K, 0% used [0x00000000c0000000,0x00000000c0000000,0x00000000c5580000)
 Metaspace       used 5808K, capacity 6960K, committed 7040K, reserved 1056768K
  class space    used 565K, capacity 616K, committed 640K, reserved 1048576K
Event: 3.063 GC heap after
Heap after GC invocations=1 (full 0):
 PSYoungGen      total 38400K, used 5108K [0x00000000eab00000, 0x00000000ed580000, 0x0000000100000000)
  eden space 33280K, 0% used [0x00000000eab00000,0x00000000eab00000,0x00000000ecb80000)
  from space 5120K, 99% used [0x00000000ecb80000,0x00000000ed07d330,0x00000000ed080000)
  to   space 5120K, 0% used [0x00000000ed080000,0x00000000ed080000,0x00000000ed580000)
 ParOldGen       total 87552K, used 1593K [0x00000000c0000000, 0x00000000c5580000, 0x00000000eab00000)
  object space 87552K, 1% used [0x00000000c0000000,0x00000000c018e780,0x00000000c5580000)
 Metaspace       used 5808K, capacity 6960K, committed 7040K, reserved 1056768K
  class space    used 565K, capacity 616K, committed 640K, reserved 1048576K
}
Event: 3.515 GC heap before
{Heap before GC invocations=2 (full 0):
 PSYoungGen      total 38400K, used 38388K [0x00000000eab00000, 0x00000000ed580000, 0x0000000100000000)
  eden space 33280K, 100% used [0x00000000eab00000,0x00000000ecb80000,0x00000000ecb80000)
  from space 5120K, 99% used [0x00000000ecb80000,0x00000000ed07d330,0x00000000ed080000)
  to   space 5120K, 0% used [0x00000000ed080000,0x00000000ed080000,0x00000000ed580000)
 ParOldGen       total 87552K, used 1593K [0x00000000c0000000, 0x00000000c5580000, 0x00000000eab00000)
  object space 87552K, 1% used [0x00000000c0000000,0x00000000c018e780,0x00000000c5580000)
 Metaspace       used 6013K, capacity 7024K, committed 7296K, reserved 1056768K
  class space    used 586K, capacity 616K, committed 640K, reserved 1048576K
Event: 3.536 GC heap after
Heap after GC invocations=2 (full 0):
 PSYoungGen      total 38400K, used 5102K [0x00000000eab00000, 0x00000000ed580000, 0x0000000100000000)
  eden space 33280K, 0% used [0x00000000eab00000,0x00000000eab00000,0x00000000ecb80000)
  from space 5120K, 99% used [0x00000000ed080000,0x00000000ed57ba68,0x00000000ed580000)
  to   space 5120K, 0% used [0x00000000ecb80000,0x00000000ecb80000,0x00000000ed080000)
 ParOldGen       total 87552K, used 5811K [0x00000000c0000000, 0x00000000c5580000, 0x00000000eab00000)
  object space 87552K, 6% used [0x00000000c0000000,0x00000000c05ace10,0x00000000c5580000)
 Metaspace       used 6013K, capacity 7024K, committed 7296K, reserved 1056768K
  class space    used 586K, capacity 616K, committed 640K, reserved 1048576K
}
Event: 4.369 GC heap before
{Heap before GC invocations=3 (full 0):
 PSYoungGen      total 38400K, used 38382K [0x00000000eab00000, 0x00000000ed580000, 0x0000000100000000)
  eden space 33280K, 100% used [0x00000000eab00000,0x00000000ecb80000,0x00000000ecb80000)
  from space 5120K, 99% used [0x00000000ed080000,0x00000000ed57ba68,0x00000000ed580000)
  to   space 5120K, 0% used [0x00000000ecb80000,0x00000000ecb80000,0x00000000ed080000)
 ParOldGen       total 87552K, used 5811K [0x00000000c0000000, 0x00000000c5580000, 0x00000000eab00000)
  object space 87552K, 6% used [0x00000000c0000000,0x00000000c05ace10,0x00000000c5580000)
 Metaspace       used 6059K, capacity 7088K, committed 7296K, reserved 1056768K
  class space    used 587K, capacity 616K, committed 640K, reserved 1048576K
Event: 4.398 GC heap after
Heap after GC invocations=3 (full 0):
 PSYoungGen      total 38400K, used 5110K [0x00000000eab00000, 0x00000000ef600000, 0x0000000100000000)
  eden space 33280K, 0% used [0x00000000eab00000,0x00000000eab00000,0x00000000ecb80000)
  from space 5120K, 99% used [0x00000000ecb80000,0x00000000ed07da20,0x00000000ed080000)
  to   space 5120K, 0% used [0x00000000ef100000,0x00000000ef100000,0x00000000ef600000)
 ParOldGen       total 87552K, used 11029K [0x00000000c0000000, 0x00000000c5580000, 0x00000000eab00000)
  object space 87552K, 12% used [0x00000000c0000000,0x00000000c0ac5660,0x00000000c5580000)
 Metaspace       used 6059K, capacity 7088K, committed 7296K, reserved 1056768K
  class space    used 587K, capacity 616K, committed 640K, reserved 1048576K
}
Event: 5.368 GC heap before
{Heap before GC invocations=4 (full 0):
 PSYoungGen      total 38400K, used 38390K [0x00000000eab00000, 0x00000000ef600000, 0x0000000100000000)
  eden space 33280K, 100% used [0x00000000eab00000,0x00000000ecb80000,0x00000000ecb80000)
  from space 5120K, 99% used [0x00000000ecb80000,0x00000000ed07da20,0x00000000ed080000)
  to   space 5120K, 0% used [0x00000000ef100000,0x00000000ef100000,0x00000000ef600000)
 ParOldGen       total 87552K, used 11029K [0x00000000c0000000, 0x00000000c5580000, 0x00000000eab00000)
  object space 87552K, 12% used [0x00000000c0000000,0x00000000c0ac5660,0x00000000c5580000)
 Metaspace       used 6071K, capacity 7088K, committed 7296K, reserved 1056768K
  class space    used 587K, capacity 616K, committed 640K, reserved 1048576K
Event: 5.395 GC heap after
Heap after GC invocations=4 (full 0):
 PSYoungGen      total 71680K, used 5090K [0x00000000eab00000, 0x00000000ef600000, 0x0000000100000000)
  eden space 66560K, 0% used [0x00000000eab00000,0x00000000eab00000,0x00000000eec00000)
  from space 5120K, 99% used [0x00000000ef100000,0x00000000ef5f8a38,0x00000000ef600000)
  to   space 5120K, 0% used [0x00000000eec00000,0x00000000eec00000,0x00000000ef100000)
 ParOldGen       total 87552K, used 16447K [0x00000000c0000000, 0x00000000c5580000, 0x00000000eab00000)
  object space 87552K, 18% used [0x00000000c0000000,0x00000000c100fdd0,0x00000000c5580000)
 Metaspace       used 6071K, capacity 7088K, committed 7296K, reserved 1056768K
  class space    used 587K, capacity 616K, committed 640K, reserved 1048576K
}
Event: 8.438 GC heap before
{Heap before GC invocations=5 (full 0):
 PSYoungGen      total 71680K, used 71650K [0x00000000eab00000, 0x00000000ef600000, 0x0000000100000000)
  eden space 66560K, 100% used [0x00000000eab00000,0x00000000eec00000,0x00000000eec00000)
  from space 5120K, 99% used [0x00000000ef100000,0x00000000ef5f8a38,0x00000000ef600000)
  to   space 5120K, 0% used [0x00000000eec00000,0x00000000eec00000,0x00000000ef100000)
 ParOldGen       total 87552K, used 16447K [0x00000000c0000000, 0x00000000c5580000, 0x00000000eab00000)
  object space 87552K, 18% used [0x00000000c0000000,0x00000000c100fdd0,0x00000000c5580000)
 Metaspace       used 6147K, capacity 7152K, committed 7296K, reserved 1056768K
  class space    used 588K, capacity 616K, committed 640K, reserved 1048576K
Event: 8.471 GC heap after
Heap after GC invocations=5 (full 0):
 PSYoungGen      total 71680K, used 5104K [0x00000000eab00000, 0x00000000ef600000, 0x0000000100000000)
  eden space 66560K, 0% used [0x00000000eab00000,0x00000000eab00000,0x00000000eec00000)
  from space 5120K, 99% used [0x00000000eec00000,0x00000000ef0fc108,0x00000000ef100000)
  to   space 5120K, 0% used [0x00000000ef100000,0x00000000ef100000,0x00000000ef600000)
 ParOldGen       total 87552K, used 26690K [0x00000000c0000000, 0x00000000c5580000, 0x00000000eab00000)
  object space 87552K, 30% used [0x00000000c0000000,0x00000000c1a10a80,0x00000000c5580000)
 Metaspace       used 6147K, capacity 7152K, committed 7296K, reserved 1056768K
  class space    used 588K, capacity 616K, committed 640K, reserved 1048576K
}

Deoptimization events (10 events):
Event: 7.417 Thread 0x00000000025e0800 Uncommon trap: reason=bimorphic action=maybe_recompile pc=0x0000000002d236a8 method=com.android.dx.cf.code.BytecodeArray.parseInstruction(ILcom/android/dx/cf/code/BytecodeArray$Visitor;)I @ 1501
Event: 8.482 Thread 0x00000000025e0800 Uncommon trap: reason=class_check action=maybe_recompile pc=0x0000000002f51fd4 method=com.android.dx.cf.code.BytecodeArray.parseInstruction(ILcom/android/dx/cf/code/BytecodeArray$Visitor;)I @ 2062
Event: 8.484 Thread 0x00000000025e0800 Uncommon trap: reason=class_check action=maybe_recompile pc=0x0000000002f51fd4 method=com.android.dx.cf.code.BytecodeArray.parseInstruction(ILcom/android/dx/cf/code/BytecodeArray$Visitor;)I @ 2062
Event: 8.505 Thread 0x00000000025e0800 Uncommon trap: reason=unstable_if action=reinterpret pc=0x0000000002bf6ef0 method=com.android.dx.ssa.SCCP.simulateBranch(Lcom/android/dx/ssa/SsaInsn;)V @ 64
Event: 8.508 Thread 0x00000000025e0800 Uncommon trap: reason=unstable_if action=reinterpret pc=0x0000000002c35d68 method=com.android.dx.ssa.LiteralOpUpgrader$1.visitNonMoveInsn(Lcom/android/dx/ssa/NormalSsaInsn;)V @ 55
Event: 8.509 Thread 0x00000000025e0800 Uncommon trap: reason=unstable_if action=reinterpret pc=0x0000000002e7ae18 method=com.android.dx.ssa.SsaMethod.onInsnRemoved(Lcom/android/dx/ssa/SsaInsn;)V @ 29
Event: 8.509 Thread 0x00000000025e0800 Uncommon trap: reason=unstable_if action=reinterpret pc=0x0000000002b1149c method=com.android.dx.ssa.SsaMethod.updateOneDefinition(Lcom/android/dx/ssa/SsaInsn;Lcom/android/dx/rop/code/RegisterSpec;)V @ 4
Event: 8.826 Thread 0x00000000025e0800 Uncommon trap: reason=class_check action=maybe_recompile pc=0x0000000002f51fd4 method=com.android.dx.cf.code.BytecodeArray.parseInstruction(ILcom/android/dx/cf/code/BytecodeArray$Visitor;)I @ 2062
Event: 8.830 Thread 0x00000000025e0800 Uncommon trap: reason=class_check action=maybe_recompile pc=0x0000000002f51fd4 method=com.android.dx.cf.code.BytecodeArray.parseInstruction(ILcom/android/dx/cf/code/BytecodeArray$Visitor;)I @ 2062
Event: 9.541 Thread 0x00000000025e0800 Uncommon trap: reason=class_check action=maybe_recompile pc=0x0000000002e21a2c method=com.android.dx.ssa.back.FirstFitLocalCombiningAllocator.findNextUnreservedRopReg(IILcom/android/dx/ssa/back/FirstFitLocalCombiningAllocator$Alignment;)I @ 60

Internal exceptions (7 events):
Event: 0.062 Thread 0x00000000025e0800 Exception <a 'java/lang/NoSuchMethodError': Method sun.misc.Unsafe.defineClass(Ljava/lang/String;[BII)Ljava/lang/Class; name or signature does not match> (0x00000000eab130d0) thrown at [C:\re\workspace\8-2-build-windows-amd64-cygwin\jdk8u71\5731\hotspot\srA¬ïŸ	ï¯?
Event: 0.062 Thread 0x00000000025e0800 Exception <a 'java/lang/NoSuchMethodError': Method sun.misc.Unsafe.prefetchRead(Ljava/lang/Object;J)V name or signature does not match> (0x00000000eab133b8) thrown at [C:\re\workspace\8-2-build-windows-amd64-cygwin\jdk8u71\5731\hotspot\src\share\vm\prims\j–8ÛÏS
@
Event: 3.291 Thread 0x00000000025e0800 Exception <a 'java/lang/ArrayIndexOutOfBoundsException': 18> (0x00000000eb9c86b0) thrown at [C:\re\workspace\8-2-build-windows-amd64-cygwin\jdk8u71\5731\hotspot\src\share\vm\interpreter\interpreterRuntime.cpp, line 366]
Event: 3.292 Thread 0x00000000025e0800 Exception <a 'java/lang/ArrayIndexOutOfBoundsException'> (0x00000000eb9ca230) thrown at [C:\re\workspace\8-2-build-windows-amd64-cygwin\jdk8u71\5731\hotspot\src\share\vm\runtime\sharedRuntime.cpp, line 605]
Event: 3.292 Thread 0x00000000025e0800 Exception <a 'java/lang/ArrayIndexOutOfBoundsException'> (0x00000000eb9cb518) thrown at [C:\re\workspace\8-2-build-windows-amd64-cygwin\jdk8u71\5731\hotspot\src\share\vm\runtime\sharedRuntime.cpp, line 605]
Event: 3.356 Thread 0x00000000025e0800 Implicit null exception at 0x0000000002ccf11c to 0x0000000002cd2321
Event: 8.509 Thread 0x00000000025e0800 Implicit null exception at 0x0000000002e7a579 to 0x0000000002e7ae09

Events (10 events):
Event: 9.537 Thread 0x00000000025e0800 DEOPT UNPACKING pc=0x000000000272787f sp=0x00000000025de738 mode 0
Event: 9.541 Thread 0x00000000025e0800 Uncommon trap: trap_request=0xffffffde fr.pc=0x0000000002e21a2c
Event: 9.541 Thread 0x00000000025e0800 DEOPT PACKING pc=0x0000000002e21a2c sp=0x00000000025de5a0
Event: 9.542 Thread 0x00000000025e0800 DEOPT UNPACKING pc=0x000000000272582a sp=0x00000000025de548 mode 2
Event: 9.551 Thread 0x00000000025e0800 DEOPT PACKING pc=0x0000000002ad0205 sp=0x00000000025de8c0
Event: 9.551 Thread 0x00000000025e0800 DEOPT UNPACKING pc=0x000000000272787f sp=0x00000000025de620 mode 0
Event: 9.567 Thread 0x00000000025e0800 DEOPT PACKING pc=0x0000000002d1ae61 sp=0x00000000025de900
Event: 9.567 Thread 0x00000000025e0800 DEOPT UNPACKING pc=0x000000000272787f sp=0x00000000025de6c0 mode 0
Event: 9.570 Thread 0x00000000025e0800 DEOPT PACKING pc=0x0000000002d4ec12 sp=0x00000000025dea00
Event: 9.570 Thread 0x00000000025e0800 DEOPT UNPACKING pc=0x000000000272787f sp=0x00000000025de810 mode 0


Dynamic libraries:
0x00007ff70b8e0000 - 0x00007ff70b917000 	C:\Program Files\Java\jdk1.8.0_71\bin\java.exe
0x00007ff906540000 - 0x00007ff906701000 	C:\Windows\SYSTEM32\ntdll.dll
0x00007ff905750000 - 0x00007ff9057fd000 	C:\Windows\system32\KERNEL32.DLL
0x00007ff903000000 - 0x00007ff9031e8000 	C:\Windows\system32\KERNELBASE.dll
0x00007ff9063c0000 - 0x00007ff906467000 	C:\Windows\system32\ADVAPI32.dll
0x00007ff904f30000 - 0x00007ff904fcd000 	C:\Windows\system32\msvcrt.dll
0x00007ff903940000 - 0x00007ff90399b000 	C:\Windows\system32\sechost.dll
0x00007ff905b20000 - 0x00007ff905c3c000 	C:\Windows\system32\RPCRT4.dll
0x00007ff9059c0000 - 0x00007ff905b16000 	C:\Windows\system32\USER32.dll
0x00007ff905240000 - 0x00007ff9053c6000 	C:\Windows\system32\GDI32.dll
0x00007ff8fe070000 - 0x00007ff8fe2e4000 	C:\Windows\WinSxS\amd64_microsoft.windows.common-controls_6595b64144ccf1df_6.0.10586.0_none_8c15ae12515e1c22\COMCTL32.dll
0x00007ff906140000 - 0x00007ff9063bd000 	C:\Windows\system32\combase.dll
0x00007ff902bf0000 - 0x00007ff902c5a000 	C:\Windows\system32\bcryptPrimitives.dll
0x00007ff9050b0000 - 0x00007ff9050eb000 	C:\Windows\system32\IMM32.DLL
0x0000000071580000 - 0x0000000071652000 	C:\Program Files\Java\jdk1.8.0_71\jre\bin\msvcr100.dll
0x0000000071eb0000 - 0x000000007273f000 	C:\Program Files\Java\jdk1.8.0_71\jre\bin\server\jvm.dll
0x00007ff904f20000 - 0x00007ff904f28000 	C:\Windows\system32\PSAPI.DLL
0x00007ff901160000 - 0x00007ff901183000 	C:\Windows\SYSTEM32\WINMM.dll
0x00007ff8ef150000 - 0x00007ff8ef159000 	C:\Windows\SYSTEM32\WSOCK32.dll
0x00007ff904fd0000 - 0x00007ff90503b000 	C:\Windows\system32\WS2_32.dll
0x00007ff8fe2f0000 - 0x00007ff8fe2fa000 	C:\Windows\SYSTEM32\VERSION.dll
0x00007ff900f10000 - 0x00007ff900f3c000 	C:\Windows\SYSTEM32\WINMMBASE.dll
0x00007ff9038f0000 - 0x00007ff903933000 	C:\Windows\system32\cfgmgr32.dll
0x0000000071dc0000 - 0x0000000071dcf000 	C:\Program Files\Java\jdk1.8.0_71\jre\bin\verify.dll
0x0000000071d90000 - 0x0000000071db9000 	C:\Program Files\Java\jdk1.8.0_71\jre\bin\java.dll
0x0000000071d70000 - 0x0000000071d86000 	C:\Program Files\Java\jdk1.8.0_71\jre\bin\zip.dll
0x00007ff9039a0000 - 0x00007ff904efc000 	C:\Windows\system32\SHELL32.dll
0x00007ff9031f0000 - 0x00007ff903834000 	C:\Windows\system32\windows.storage.dll
0x00007ff905580000 - 0x00007ff9055d2000 	C:\Windows\system32\shlwapi.dll
0x00007ff902bb0000 - 0x00007ff902bbf000 	C:\Windows\system32\kernel.appcore.dll
0x00007ff902f40000 - 0x00007ff902ff5000 	C:\Windows\system32\shcore.dll
0x00007ff902b60000 - 0x00007ff902bab000 	C:\Windows\system32\powrprof.dll
0x00007ff902bc0000 - 0x00007ff902bd4000 	C:\Windows\system32\profapi.dll

VM Arguments:
jvm_args: -Djava.awt.headless=true -Xmx1024M -Dfile.encoding=windows-31j -Duser.country=JP -Duser.language=ja -Duser.variant 
java_command: com.android.dx.command.Main --dex --force-jumbo --multi-dex --output C:\Users\si\AndroidStudioProjects\Test_EN_Revolution\app\build\intermediates\transforms\dex\debug\folders\1000\10\com.android.support-support-v4-21.0.3_801aa63ddd0e81737d5df33d079b8972051acbd4 C:\Users\si\AndroidStudioProjects\Test_EN_Revolution\app\build\intermediates\exploded-aar\com.android.support\support-v4\21.0.3\jars\classes.jar
java_class_path (initial): C:\Users\si\AppData\Local\Android\sdk\build-tools\21.1.1\lib\dx.jar
Launcher Type: SUN_STANDARD

Environment Variables:
PATH=C:\ProgramData\Oracle\Java\javapath;C:\Windows\system32;C:\Windows;C:\Windows\System32\Wbem;C:\Windows\System32\WindowsPowerShell\v1.0\;C:\Program Files\Intel\WiFi\bin\;C:\Program Files\Common Files\Intel\WirelessCommon\;C:\Program Files\Git\cmd;C:\Program Files (x86)\NVIDIA Corporation\PhysX\Common;C:\Program Files\Intel\WiFi\bin\;C:\Program Files\Common Files\Intel\WirelessCommon\
USERNAME=si
OS=Windows_NT
PROCESSOR_IDENTIFIER=Intel64 Family 6 Model 69 Stepping 1, GenuineIntel



---------------  S Y S T E M  ---------------

OS: Windows 10.0 , 64 bit Build 10586 (10.0.10586.0)

CPU:total 4 (2 cores per cpu, 2 threads per core) family 6 model 69 stepping 1, cmov, cx8, fxsr, mmx, sse, sse2, sse3, ssse3, sse4.1, sse4.2, popcnt, avx, avx2, aes, clmul, erms, lzcnt, ht, tsc, tscinvbit, bmi1, bmi2

Memory: 4k page, physical 8269856k(529812k free), swap 9318432k(5840k free)

vm_info: Java HotSpot(TM) 64-Bit Server VM (25.71-b15) for windows-amd64 JRE (1.8.0_71-b15), built on Dec 22 2015 18:15:55 by "java_re" with MS VC++ 10.0 (VS2010)

time: Mon May 23 12:06:35 2016
elapsed time: 9 seconds (0d 0h 0m 9s)

