#
# There is insufficient memory for the Java Runtime Environment to continue.
# Native memory allocation (malloc) failed to allocate 751312 bytes for Chunk::new
# Possible reasons:
#   The system is out of physical RAM or swap space
#   In 32 bit mode, the process size limit was hit
# Possible solutions:
#   Reduce memory load on the system
#   Increase physical memory or swap space
#   Check if swap backing store is full
#   Use 64 bit Java on a 64 bit OS
#   Decrease Java heap size (-Xmx/-Xms)
#   Decrease number of Java threads
#   Decrease Java thread stack sizes (-Xss)
#   Set larger code cache with -XX:ReservedCodeCacheSize=
# This output file may be truncated or incomplete.
#
#  Out of Memory Error (allocation.cpp:390), pid=16032, tid=15700
#
# JRE version: Java(TM) SE Runtime Environment (8.0_91-b14) (build 1.8.0_91-b14)
# Java VM: Java HotSpot(TM) 64-Bit Server VM (25.91-b14 mixed mode windows-amd64 compressed oops)
# Failed to write core dump. Minidumps are not enabled by default on client versions of Windows
#

---------------  T H R E A D  ---------------

Current thread (0x0000000014d91000):  JavaThread "C2 CompilerThread0" daemon [_thread_in_native, id=15700, stack(0x00000000162a0000,0x00000000163a0000)]

Stack: [0x00000000162a0000,0x00000000163a0000]
[error occurred during error reporting (printing stack bounds), id 0xc0000005]

Native frames: (J=compiled Java code, j=interpreted, Vv=VM code, C=native code)


Current CompileTask:
C2:   2880 1469   !   4       com.android.dx.cf.code.RopperMachine::run (1550 bytes)


---------------  P R O C E S S  ---------------

Java Threads: ( => current thread )
  0x00000000164f8000 JavaThread "Service Thread" daemon [_thread_blocked, id=5384, stack(0x00000000169a0000,0x0000000016aa0000)]
  0x00000000164f2000 JavaThread "C1 CompilerThread2" daemon [_thread_blocked, id=2508, stack(0x00000000168a0000,0x00000000169a0000)]
  0x0000000014d94800 JavaThread "C2 CompilerThread1" daemon [_thread_in_native, id=12944, stack(0x00000000163a0000,0x00000000164a0000)]
=>0x0000000014d91000 JavaThread "C2 CompilerThread0" daemon [_thread_in_native, id=15700, stack(0x00000000162a0000,0x00000000163a0000)]
  0x0000000014d8f800 JavaThread "Attach Listener" daemon [_thread_blocked, id=13192, stack(0x00000000161a0000,0x00000000162a0000)]
  0x0000000014d4c800 JavaThread "Signal Dispatcher" daemon [_thread_blocked, id=16016, stack(0x00000000160a0000,0x00000000161a0000)]
  0x0000000014d2a000 JavaThread "Finalizer" daemon [_thread_blocked, id=15436, stack(0x0000000015fa0000,0x00000000160a0000)]
  0x000000000265f000 JavaThread "Reference Handler" daemon [_thread_blocked, id=15504, stack(0x0000000015ea0000,0x0000000015fa0000)]
  0x0000000002570800 JavaThread "main" [_thread_in_Java, id=15484, stack(0x0000000002340000,0x0000000002440000)]

Other Threads:
  0x0000000014d08000 VMThread [stack: 0x0000000015da0000,0x0000000015ea0000] [id=15440]
  0x000000001653e000 WatcherThread [stack: 0x0000000016aa0000,0x0000000016ba0000] [id=13004]

VM state:not at safepoint (normal execution)

VM Mutex/Monitor currently owned by a thread: None

Heap:
 PSYoungGen      total 38400K, used 21396K [0x00000000eab00000, 0x00000000ed580000, 0x0000000100000000)
  eden space 33280K, 49% used [0x00000000eab00000,0x00000000ebaed068,0x00000000ecb80000)
  from space 5120K, 99% used [0x00000000ecb80000,0x00000000ed078328,0x00000000ed080000)
  to   space 5120K, 0% used [0x00000000ed080000,0x00000000ed080000,0x00000000ed580000)
 ParOldGen       total 87552K, used 1932K [0x00000000c0000000, 0x00000000c5580000, 0x00000000eab00000)
  object space 87552K, 2% used [0x00000000c0000000,0x00000000c01e33b8,0x00000000c5580000)
 Metaspace       used 5888K, capacity 7024K, committed 7296K, reserved 1056768K
  class space    used 566K, capacity 616K, committed 640K, reserved 1048576K

Card table byte_map: [0x0000000011a30000,0x0000000011c40000] byte_map_base: 0x0000000011430000

Marking Bits: (ParMarkBitMap*) 0x000000006bde2f70
 Begin Bits: [0x00000000121a0000, 0x00000000131a0000)
 End Bits:   [0x00000000131a0000, 0x00000000141a0000)

Polling page: 0x0000000000440000

CodeCache: size=245760Kb used=6384Kb max_used=6384Kb free=239375Kb
 bounds [0x0000000002670000, 0x0000000002cc0000, 0x0000000011670000]
 total_blobs=1760 nmethods=1493 adapters=180
 compilation: enabled

Compilation events (10 events):
Event: 2.771 Thread 0x00000000164f2000 1494       3       java.util.ArrayList$SubList::get (23 bytes)
Event: 2.772 Thread 0x00000000164f2000 nmethod 1494 0x0000000002ca54d0 code [0x0000000002ca5680, 0x0000000002ca5b68]
Event: 2.772 Thread 0x00000000164f2000 1495       3       com.android.dx.ssa.back.FirstFitLocalCombiningAllocator::handleCheckCastResults (413 bytes)
Event: 2.777 Thread 0x00000000164f2000 nmethod 1495 0x0000000002ca5e90 code [0x0000000002ca6460, 0x0000000002caa338]
Event: 2.782 Thread 0x00000000164f2000 1497       1       com.android.dx.cf.attrib.AttSignature::byteLength (3 bytes)
Event: 2.782 Thread 0x00000000164f2000 nmethod 1497 0x0000000002cacf90 code [0x0000000002cad0e0, 0x0000000002cad1f0]
Event: 2.786 Thread 0x00000000164f2000 1499       3       com.android.dx.rop.type.Type::asUninitialized (140 bytes)
Event: 2.787 Thread 0x00000000164f2000 nmethod 1499 0x0000000002cad250 code [0x0000000002cad5a0, 0x0000000002caf1d8]
Event: 2.788 Thread 0x00000000164f2000 1500       3       com.android.dx.cf.code.ExecutionStack::makeInitialized (51 bytes)
Event: 2.788 Thread 0x00000000164f2000 nmethod 1500 0x0000000002cafe50 code [0x0000000002cb0000, 0x0000000002cb0698]

GC Heap History (2 events):
Event: 2.086 GC heap before
{Heap before GC invocations=1 (full 0):
 PSYoungGen      total 38400K, used 33280K [0x00000000eab00000, 0x00000000ed580000, 0x0000000100000000)
  eden space 33280K, 100% used [0x00000000eab00000,0x00000000ecb80000,0x00000000ecb80000)
  from space 5120K, 0% used [0x00000000ed080000,0x00000000ed080000,0x00000000ed580000)
  to   space 5120K, 0% used [0x00000000ecb80000,0x00000000ecb80000,0x00000000ed080000)
 ParOldGen       total 87552K, used 0K [0x00000000c0000000, 0x00000000c5580000, 0x00000000eab00000)
  object space 87552K, 0% used [0x00000000c0000000,0x00000000c0000000,0x00000000c5580000)
 Metaspace       used 5796K, capacity 6960K, committed 7040K, reserved 1056768K
  class space    used 565K, capacity 616K, committed 640K, reserved 1048576K
Event: 2.104 GC heap after
Heap after GC invocations=1 (full 0):
 PSYoungGen      total 38400K, used 5088K [0x00000000eab00000, 0x00000000ed580000, 0x0000000100000000)
  eden space 33280K, 0% used [0x00000000eab00000,0x00000000eab00000,0x00000000ecb80000)
  from space 5120K, 99% used [0x00000000ecb80000,0x00000000ed078328,0x00000000ed080000)
  to   space 5120K, 0% used [0x00000000ed080000,0x00000000ed080000,0x00000000ed580000)
 ParOldGen       total 87552K, used 1932K [0x00000000c0000000, 0x00000000c5580000, 0x00000000eab00000)
  object space 87552K, 2% used [0x00000000c0000000,0x00000000c01e33b8,0x00000000c5580000)
 Metaspace       used 5796K, capacity 6960K, committed 7040K, reserved 1056768K
  class space    used 565K, capacity 616K, committed 640K, reserved 1048576K
}

Deoptimization events (9 events):
Event: 0.838 Thread 0x0000000002570800 Uncommon trap: reason=unstable_if action=reinterpret pc=0x000000000286bc30 method=java.util.HashMap.getNode(ILjava/lang/Object;)Ljava/util/HashMap$Node; @ 129
Event: 1.072 Thread 0x0000000002570800 Uncommon trap: reason=class_check action=maybe_recompile pc=0x000000000297e57c method=com.android.dx.ssa.NormalSsaInsn.accept(Lcom/android/dx/ssa/SsaInsn$Visitor;)V @ 9
Event: 1.072 Thread 0x0000000002570800 Uncommon trap: reason=class_check action=maybe_recompile pc=0x00000000028a92b0 method=com.android.dx.ssa.NormalSsaInsn.accept(Lcom/android/dx/ssa/SsaInsn$Visitor;)V @ 9
Event: 1.072 Thread 0x0000000002570800 Uncommon trap: reason=class_check action=maybe_recompile pc=0x00000000028a92b0 method=com.android.dx.ssa.NormalSsaInsn.accept(Lcom/android/dx/ssa/SsaInsn$Visitor;)V @ 9
Event: 1.072 Thread 0x0000000002570800 Uncommon trap: reason=class_check action=maybe_recompile pc=0x00000000028a92b0 method=com.android.dx.ssa.NormalSsaInsn.accept(Lcom/android/dx/ssa/SsaInsn$Visitor;)V @ 9
Event: 1.250 Thread 0x0000000002570800 Uncommon trap: reason=null_check action=make_not_entrant pc=0x000000000297ed44 method=com.android.dx.ssa.SsaRenamer.getLocalForNewReg(I)Lcom/android/dx/rop/code/LocalItem; @ 19
Event: 1.329 Thread 0x0000000002570800 Uncommon trap: reason=unstable_if action=reinterpret pc=0x00000000029f7c90 method=java.lang.String.<init>([CII)V @ 18
Event: 1.876 Thread 0x0000000002570800 Uncommon trap: reason=unstable_if action=reinterpret pc=0x0000000002b83fcc method=com.android.dx.ssa.MoveParamCombiner$1.visitNonMoveInsn(Lcom/android/dx/ssa/NormalSsaInsn;)V @ 27
Event: 2.794 Thread 0x0000000002570800 Uncommon trap: reason=unstable_if action=reinterpret pc=0x0000000002b984d0 method=com.android.dx.rop.code.LocalItem.compareHandlesNulls(Lcom/android/dx/rop/cst/CstString;Lcom/android/dx/rop/cst/CstString;)I @ 14

Internal exceptions (4 events):
Event: 0.122 Thread 0x0000000002570800 Exception <a 'java/lang/NoSuchMethodError': Method sun.misc.Unsafe.defineClass(Ljava/lang/String;[BII)Ljava/lang/Class; name or signature does not match> (0x00000000eab07cc0) thrown at [C:\re\workspace\8-2-build-windows-amd64-cygwin\jdk8u91\6644\hotspot\srå°ig
K¿?
Event: 0.122 Thread 0x0000000002570800 Exception <a 'java/lang/NoSuchMethodError': Method sun.misc.Unsafe.prefetchRead(Ljava/lang/Object;J)V name or signature does not match> (0x00000000eab07fa8) thrown at [C:\re\workspace\8-2-build-windows-amd64-cygwin\jdk8u91\6644\hotspot\src\share\vm\prims\jGžûv
Event: 1.250 Thread 0x0000000002570800 Implicit null exception at 0x000000000297d3f7 to 0x000000000297ecf9
Event: 2.794 Thread 0x0000000002570800 Implicit null exception at 0x0000000002b96c83 to 0x0000000002b984a5

Events (10 events):
Event: 2.104 Executing VM operation: ParallelGCFailedAllocation done
Event: 2.123 loading class com/android/dx/cf/code/BytecodeArray$ConstantParserVisitor
Event: 2.123 loading class com/android/dx/cf/code/BytecodeArray$ConstantParserVisitor done
Event: 2.145 loading class com/android/dx/cf/code/SwitchList
Event: 2.145 loading class com/android/dx/cf/code/SwitchList done
Event: 2.189 Thread 0x0000000002570800 DEOPT PACKING pc=0x00000000029d4009 sp=0x000000000243e620
Event: 2.189 Thread 0x0000000002570800 DEOPT UNPACKING pc=0x00000000026b787f sp=0x000000000243e3e8 mode 0
Event: 2.794 Thread 0x0000000002570800 Uncommon trap: trap_request=0xffffff65 fr.pc=0x0000000002b984d0
Event: 2.794 Thread 0x0000000002570800 DEOPT PACKING pc=0x0000000002b984d0 sp=0x000000000243e670
Event: 2.794 Thread 0x0000000002570800 DEOPT UNPACKING pc=0x00000000026b582a sp=0x000000000243e468 mode 2


Dynamic libraries:
0x00007ff7d4340000 - 0x00007ff7d4377000 	C:\Program Files\Java\jdk1.8.0_91\bin\java.exe
0x00007ff9865e0000 - 0x00007ff9867a1000 	C:\Windows\SYSTEM32\ntdll.dll
0x00007ff9862a0000 - 0x00007ff98634d000 	C:\Windows\system32\KERNEL32.DLL
0x00007ff9836d0000 - 0x00007ff9838b8000 	C:\Windows\system32\KERNELBASE.dll
0x00007ff9845c0000 - 0x00007ff984667000 	C:\Windows\system32\ADVAPI32.dll
0x00007ff983ba0000 - 0x00007ff983c3d000 	C:\Windows\system32\msvcrt.dll
0x00007ff984840000 - 0x00007ff98489b000 	C:\Windows\system32\sechost.dll
0x00007ff9842d0000 - 0x00007ff9843ec000 	C:\Windows\system32\RPCRT4.dll
0x00007ff984460000 - 0x00007ff9845b6000 	C:\Windows\system32\USER32.dll
0x00007ff983fd0000 - 0x00007ff984156000 	C:\Windows\system32\GDI32.dll
0x00007ff97e6d0000 - 0x00007ff97e944000 	C:\Windows\WinSxS\amd64_microsoft.windows.common-controls_6595b64144ccf1df_6.0.10586.0_none_8c15ae12515e1c22\COMCTL32.dll
0x00007ff986360000 - 0x00007ff9865dd000 	C:\Windows\system32\combase.dll
0x00007ff9838c0000 - 0x00007ff98392a000 	C:\Windows\system32\bcryptPrimitives.dll
0x00007ff984230000 - 0x00007ff98426b000 	C:\Windows\system32\IMM32.DLL
0x000000006be70000 - 0x000000006bf42000 	C:\Program Files\Java\jdk1.8.0_91\jre\bin\msvcr100.dll
0x000000006b5d0000 - 0x000000006be63000 	C:\Program Files\Java\jdk1.8.0_91\jre\bin\server\jvm.dll
0x00007ff985e00000 - 0x00007ff985e08000 	C:\Windows\system32\PSAPI.DLL
0x00007ff970d70000 - 0x00007ff970d79000 	C:\Windows\SYSTEM32\WSOCK32.dll
0x00007ff9843f0000 - 0x00007ff98445b000 	C:\Windows\system32\WS2_32.dll
0x00007ff980f40000 - 0x00007ff980f63000 	C:\Windows\SYSTEM32\WINMM.dll
0x00007ff97e990000 - 0x00007ff97e99a000 	C:\Windows\SYSTEM32\VERSION.dll
0x00007ff980e20000 - 0x00007ff980e4c000 	C:\Windows\SYSTEM32\WINMMBASE.dll
0x00007ff983540000 - 0x00007ff983583000 	C:\Windows\system32\cfgmgr32.dll
0x000000006b5c0000 - 0x000000006b5cf000 	C:\Program Files\Java\jdk1.8.0_91\jre\bin\verify.dll
0x000000006b590000 - 0x000000006b5b9000 	C:\Program Files\Java\jdk1.8.0_91\jre\bin\java.dll
0x000000006b570000 - 0x000000006b586000 	C:\Program Files\Java\jdk1.8.0_91\jre\bin\zip.dll
0x00007ff9848a0000 - 0x00007ff985dfc000 	C:\Windows\system32\SHELL32.dll
0x00007ff982d20000 - 0x00007ff983364000 	C:\Windows\system32\windows.storage.dll
0x00007ff986240000 - 0x00007ff986292000 	C:\Windows\system32\shlwapi.dll
0x00007ff982c50000 - 0x00007ff982c5f000 	C:\Windows\system32\kernel.appcore.dll
0x00007ff983590000 - 0x00007ff983645000 	C:\Windows\system32\shcore.dll
0x00007ff982c00000 - 0x00007ff982c4b000 	C:\Windows\system32\powrprof.dll
0x00007ff982c60000 - 0x00007ff982c74000 	C:\Windows\system32\profapi.dll

VM Arguments:
jvm_args: -Djava.awt.headless=true -Xmx1024M -Dfile.encoding=windows-31j -Duser.country=JP -Duser.language=ja -Duser.variant 
java_command: com.android.dx.command.Main --dex --force-jumbo --multi-dex --output C:\Users\si\AndroidStudioProjects\Test_EN_Revolution\app\build\intermediates\transforms\dex\debug\folders\1000\10\gson-2.6.2_a8b4b7090a627979a6c9e93fb1ab1090cf2aabd4 C:\Users\si\.gradle\caches\modules-2\files-2.1\com.google.code.gson\gson\2.6.2\f1bc476cc167b18e66c297df599b2377131a8947\gson-2.6.2.jar
java_class_path (initial): C:\Users\si\AppData\Local\Android\sdk\build-tools\21.1.1\lib\dx.jar
Launcher Type: SUN_STANDARD

Environment Variables:
PATH=C:\ProgramData\Oracle\Java\javapath;C:\Windows\system32;C:\Windows;C:\Windows\System32\Wbem;C:\Windows\System32\WindowsPowerShell\v1.0\;C:\Program Files\Intel\WiFi\bin\;C:\Program Files\Common Files\Intel\WirelessCommon\;C:\Program Files\Git\cmd;C:\Program Files (x86)\NVIDIA Corporation\PhysX\Common;C:\Program Files\Intel\WiFi\bin\;C:\Program Files\Common Files\Intel\WirelessCommon\
USERNAME=si
OS=Windows_NT
PROCESSOR_IDENTIFIER=Intel64 Family 6 Model 69 Stepping 1, GenuineIntel



---------------  S Y S T E M  ---------------

OS: Windows 10.0 , 64 bit Build 10586 (10.0.10586.0)

CPU:total 4 (2 cores per cpu, 2 threads per core) family 6 model 69 stepping 1, cmov, cx8, fxsr, mmx, sse, sse2, sse3, ssse3, sse4.1, sse4.2, popcnt, avx, avx2, aes, clmul, erms, lzcnt, ht, tsc, tscinvbit, bmi1, bmi2

Memory: 4k page, physical 8269856k(568952k free), swap 9318432k(5260k free)

vm_info: Java HotSpot(TM) 64-Bit Server VM (25.91-b14) for windows-amd64 JRE (1.8.0_91-b14), built on Apr  1 2016 00:58:32 by "java_re" with MS VC++ 10.0 (VS2010)

time: Tue May 24 09:00:07 2016
elapsed time: 2 seconds (0d 0h 0m 2s)

