#
# There is insufficient memory for the Java Runtime Environment to continue.
# Native memory allocation (malloc) failed to allocate 317872 bytes for Chunk::new
# Possible reasons:
#   The system is out of physical RAM or swap space
#   In 32 bit mode, the process size limit was hit
# Possible solutions:
#   Reduce memory load on the system
#   Increase physical memory or swap space
#   Check if swap backing store is full
#   Use 64 bit Java on a 64 bit OS
#   Decrease Java heap size (-Xmx/-Xms)
#   Decrease number of Java threads
#   Decrease Java thread stack sizes (-Xss)
#   Set larger code cache with -XX:ReservedCodeCacheSize=
# This output file may be truncated or incomplete.
#
#  Out of Memory Error (allocation.cpp:390), pid=20704, tid=22292
#
# JRE version: Java(TM) SE Runtime Environment (8.0_71-b15) (build 1.8.0_71-b15)
# Java VM: Java HotSpot(TM) 64-Bit Server VM (25.71-b15 mixed mode windows-amd64 compressed oops)
# Failed to write core dump. Minidumps are not enabled by default on client versions of Windows
#

---------------  T H R E A D  ---------------

Current thread (0x0000000014d65000):  JavaThread "C2 CompilerThread1" daemon [_thread_in_native, id=22292, stack(0x0000000016760000,0x0000000016860000)]

Stack: [0x0000000016760000,0x0000000016860000]
[error occurred during error reporting (printing stack bounds), id 0xc0000005]

Native frames: (J=compiled Java code, j=interpreted, Vv=VM code, C=native code)


Current CompileTask:
C2:   3165 1364       4       com.android.dx.dex.code.OutputFinisher::addConstants (93 bytes)


---------------  P R O C E S S  ---------------

Java Threads: ( => current thread )
  0x00000000163c2000 JavaThread "Service Thread" daemon [_thread_blocked, id=21616, stack(0x0000000016960000,0x0000000016a60000)]
  0x00000000163bc800 JavaThread "C1 CompilerThread2" daemon [_thread_blocked, id=21576, stack(0x0000000016860000,0x0000000016960000)]
=>0x0000000014d65000 JavaThread "C2 CompilerThread1" daemon [_thread_in_native, id=22292, stack(0x0000000016760000,0x0000000016860000)]
  0x0000000014d61000 JavaThread "C2 CompilerThread0" daemon [_thread_in_vm, id=21572, stack(0x0000000016260000,0x0000000016360000)]
  0x0000000014d5f800 JavaThread "Attach Listener" daemon [_thread_blocked, id=22344, stack(0x0000000016160000,0x0000000016260000)]
  0x0000000014d1c800 JavaThread "Signal Dispatcher" daemon [_thread_blocked, id=21024, stack(0x0000000016060000,0x0000000016160000)]
  0x0000000002636000 JavaThread "Finalizer" daemon [_thread_blocked, id=21992, stack(0x0000000015f60000,0x0000000016060000)]
  0x000000000262d000 JavaThread "Reference Handler" daemon [_thread_blocked, id=21732, stack(0x0000000015e60000,0x0000000015f60000)]
  0x0000000002540800 JavaThread "main" [_thread_in_Java, id=21004, stack(0x0000000002440000,0x0000000002540000)]

Other Threads:
  0x0000000014cd8000 VMThread [stack: 0x0000000015d60000,0x0000000015e60000] [id=21692]
  0x000000001640d000 WatcherThread [stack: 0x0000000016a60000,0x0000000016b60000] [id=21756]

VM state:not at safepoint (normal execution)

VM Mutex/Monitor currently owned by a thread: None

Heap:
 PSYoungGen      total 38400K, used 27755K [0x00000000eab00000, 0x00000000ef600000, 0x0000000100000000)
  eden space 33280K, 68% used [0x00000000eab00000,0x00000000ec11d258,0x00000000ecb80000)
  from space 5120K, 99% used [0x00000000ecb80000,0x00000000ed07da80,0x00000000ed080000)
  to   space 5120K, 0% used [0x00000000ef100000,0x00000000ef100000,0x00000000ef600000)
 ParOldGen       total 87552K, used 1718K [0x00000000c0000000, 0x00000000c5580000, 0x00000000eab00000)
  object space 87552K, 1% used [0x00000000c0000000,0x00000000c01adb48,0x00000000c5580000)
 Metaspace       used 5762K, capacity 7024K, committed 7296K, reserved 1056768K
  class space    used 561K, capacity 616K, committed 640K, reserved 1048576K

Card table byte_map: [0x0000000011a00000,0x0000000011c10000] byte_map_base: 0x0000000011400000

Marking Bits: (ParMarkBitMap*) 0x000000005105f600
 Begin Bits: [0x0000000012170000, 0x0000000013170000)
 End Bits:   [0x0000000013170000, 0x0000000014170000)

Polling page: 0x0000000000730000

CodeCache: size=245760Kb used=6239Kb max_used=6251Kb free=239520Kb
 bounds [0x0000000002640000, 0x0000000002c70000, 0x0000000011640000]
 total_blobs=1743 nmethods=1483 adapters=173
 compilation: enabled

Compilation events (10 events):
Event: 3.133 Thread 0x0000000014d61000 1483       4       com.android.dx.rop.code.SourcePosition::sameLine (17 bytes)
Event: 3.133 Thread 0x00000000163bc800 1484       3       com.android.dx.rop.code.RegisterSpec::equalsUsingSimpleType (27 bytes)
Event: 3.134 Thread 0x00000000163bc800 nmethod 1484 0x0000000002c59910 code [0x0000000002c59a80, 0x0000000002c59d68]
Event: 3.134 Thread 0x0000000014d61000 nmethod 1483 0x0000000002c1e6d0 code [0x0000000002c1e800, 0x0000000002c1e878]
Event: 3.134 Thread 0x00000000163bc800 1485       3       com.android.dx.dex.code.form.Form11n::isCompatible (89 bytes)
Event: 3.135 Thread 0x00000000163bc800 nmethod 1485 0x0000000002c5bc50 code [0x0000000002c5be60, 0x0000000002c5cd68]
Event: 3.135 Thread 0x00000000163bc800 1486       3       com.android.dx.dex.code.InsnFormat::signedFitsInNibble (18 bytes)
Event: 3.135 Thread 0x00000000163bc800 nmethod 1486 0x0000000002c5b890 code [0x0000000002c5b9e0, 0x0000000002c5bbb0]
Event: 3.136 Thread 0x00000000163bc800 1487       1       com.android.dx.dex.code.LocalStart::getLocal (5 bytes)
Event: 3.136 Thread 0x00000000163bc800 nmethod 1487 0x0000000002c5b5d0 code [0x0000000002c5b720, 0x0000000002c5b830]

GC Heap History (2 events):
Event: 2.324 GC heap before
{Heap before GC invocations=1 (full 0):
 PSYoungGen      total 38400K, used 33280K [0x00000000eab00000, 0x00000000ed580000, 0x0000000100000000)
  eden space 33280K, 100% used [0x00000000eab00000,0x00000000ecb80000,0x00000000ecb80000)
  from space 5120K, 0% used [0x00000000ed080000,0x00000000ed080000,0x00000000ed580000)
  to   space 5120K, 0% used [0x00000000ecb80000,0x00000000ecb80000,0x00000000ed080000)
 ParOldGen       total 87552K, used 0K [0x00000000c0000000, 0x00000000c5580000, 0x00000000eab00000)
  object space 87552K, 0% used [0x00000000c0000000,0x00000000c0000000,0x00000000c5580000)
 Metaspace       used 5471K, capacity 6832K, committed 7040K, reserved 1056768K
  class space    used 544K, capacity 616K, committed 640K, reserved 1048576K
Event: 2.353 GC heap after
Heap after GC invocations=1 (full 0):
 PSYoungGen      total 38400K, used 5110K [0x00000000eab00000, 0x00000000ef600000, 0x0000000100000000)
  eden space 33280K, 0% used [0x00000000eab00000,0x00000000eab00000,0x00000000ecb80000)
  from space 5120K, 99% used [0x00000000ecb80000,0x00000000ed07da80,0x00000000ed080000)
  to   space 5120K, 0% used [0x00000000ef100000,0x00000000ef100000,0x00000000ef600000)
 ParOldGen       total 87552K, used 1718K [0x00000000c0000000, 0x00000000c5580000, 0x00000000eab00000)
  object space 87552K, 1% used [0x00000000c0000000,0x00000000c01adb48,0x00000000c5580000)
 Metaspace       used 5471K, capacity 6832K, committed 7040K, reserved 1056768K
  class space    used 544K, capacity 616K, committed 640K, reserved 1048576K
}

Deoptimization events (10 events):
Event: 2.980 Thread 0x0000000002540800 Uncommon trap: reason=class_check action=maybe_recompile pc=0x0000000002a5c78c method=java.util.HashMap.putVal(ILjava/lang/Object;Ljava/lang/Object;ZZ)Ljava/lang/Object; @ 203
Event: 2.981 Thread 0x0000000002540800 Uncommon trap: reason=class_check action=maybe_recompile pc=0x0000000002a5c78c method=java.util.HashMap.putVal(ILjava/lang/Object;Ljava/lang/Object;ZZ)Ljava/lang/Object; @ 203
Event: 2.987 Thread 0x0000000002540800 Uncommon trap: reason=class_check action=maybe_recompile pc=0x0000000002a5c78c method=java.util.HashMap.putVal(ILjava/lang/Object;Ljava/lang/Object;ZZ)Ljava/lang/Object; @ 203
Event: 2.987 Thread 0x0000000002540800 Uncommon trap: reason=class_check action=maybe_recompile pc=0x0000000002a5c78c method=java.util.HashMap.putVal(ILjava/lang/Object;Ljava/lang/Object;ZZ)Ljava/lang/Object; @ 203
Event: 2.988 Thread 0x0000000002540800 Uncommon trap: reason=class_check action=maybe_recompile pc=0x0000000002a16358 method=java.util.HashMap.putVal(ILjava/lang/Object;Ljava/lang/Object;ZZ)Ljava/lang/Object; @ 203
Event: 3.029 Thread 0x0000000002540800 Uncommon trap: reason=bimorphic action=maybe_recompile pc=0x000000000286f024 method=java.util.HashMap.getNode(ILjava/lang/Object;)Ljava/util/HashMap$Node; @ 126
Event: 3.029 Thread 0x0000000002540800 Uncommon trap: reason=bimorphic action=maybe_recompile pc=0x000000000286f024 method=java.util.HashMap.getNode(ILjava/lang/Object;)Ljava/util/HashMap$Node; @ 126
Event: 3.031 Thread 0x0000000002540800 Uncommon trap: reason=bimorphic action=maybe_recompile pc=0x000000000286f024 method=java.util.HashMap.getNode(ILjava/lang/Object;)Ljava/util/HashMap$Node; @ 126
Event: 3.044 Thread 0x0000000002540800 Uncommon trap: reason=bimorphic action=maybe_recompile pc=0x00000000028b8170 method=java.util.HashMap.getNode(ILjava/lang/Object;)Ljava/util/HashMap$Node; @ 126
Event: 3.106 Thread 0x0000000002540800 Uncommon trap: reason=unstable_if action=reinterpret pc=0x0000000002c46674 method=com.android.dx.dex.code.OutputFinisher.findOpcodeForInsn(Lcom/android/dx/dex/code/DalvInsn;Lcom/android/dx/dex/code/Dop;)Lcom/android/dx/dex/code/Dop; @ 12

Internal exceptions (3 events):
Event: 0.150 Thread 0x0000000002540800 Exception <a 'java/lang/NoSuchMethodError': Method sun.misc.Unsafe.defineClass(Ljava/lang/String;[BII)Ljava/lang/Class; name or signature does not match> (0x00000000eab130d0) thrown at [C:\re\workspace\8-2-build-windows-amd64-cygwin\jdk8u71\5731\hotspot\sr¬‹–7~<Ã?
Event: 0.150 Thread 0x0000000002540800 Exception <a 'java/lang/NoSuchMethodError': Method sun.misc.Unsafe.prefetchRead(Ljava/lang/Object;J)V name or signature does not match> (0x00000000eab133b8) thrown at [C:\re\workspace\8-2-build-windows-amd64-cygwin\jdk8u71\5731\hotspot\src\share\vm\prims\jÎž·>‹sñ?
Event: 1.091 Thread 0x0000000002540800 Implicit null exception at 0x00000000028d805c to 0x00000000028d96b5

Events (10 events):
Event: 3.061 loading class com/android/dx/dex/code/LocalList$Disposition done
Event: 3.062 loading class com/android/dx/dex/code/LocalList$Entry
Event: 3.062 loading class com/android/dx/dex/code/LocalList$Entry done
Event: 3.064 loading class com/android/dx/dex/code/CatchHandlerList
Event: 3.064 loading class com/android/dx/dex/code/CatchHandlerList done
Event: 3.065 loading class com/android/dx/dex/code/CatchTable
Event: 3.065 loading class com/android/dx/dex/code/CatchTable done
Event: 3.106 Thread 0x0000000002540800 Uncommon trap: trap_request=0xffffff65 fr.pc=0x0000000002c46674
Event: 3.106 Thread 0x0000000002540800 DEOPT PACKING pc=0x0000000002c46674 sp=0x000000000253ee90
Event: 3.106 Thread 0x0000000002540800 DEOPT UNPACKING pc=0x000000000268582a sp=0x000000000253ee48 mode 2


Dynamic libraries:
0x00007ff763520000 - 0x00007ff763557000 	C:\Program Files\Java\jdk1.8.0_71\bin\java.exe
0x00007ffa0ed60000 - 0x00007ffa0ef21000 	C:\Windows\SYSTEM32\ntdll.dll
0x00007ffa0ec90000 - 0x00007ffa0ed3d000 	C:\Windows\system32\KERNEL32.DLL
0x00007ffa0b550000 - 0x00007ffa0b738000 	C:\Windows\system32\KERNELBASE.dll
0x00007ffa0c700000 - 0x00007ffa0c7a7000 	C:\Windows\system32\ADVAPI32.dll
0x00007ffa0e050000 - 0x00007ffa0e0ed000 	C:\Windows\system32\msvcrt.dll
0x00007ffa0dff0000 - 0x00007ffa0e04b000 	C:\Windows\system32\sechost.dll
0x00007ffa0c2e0000 - 0x00007ffa0c3fc000 	C:\Windows\system32\RPCRT4.dll
0x00007ffa0c420000 - 0x00007ffa0c576000 	C:\Windows\system32\USER32.dll
0x00007ffa0c7b0000 - 0x00007ffa0c936000 	C:\Windows\system32\GDI32.dll
0x00007ffa064f0000 - 0x00007ffa06764000 	C:\Windows\WinSxS\amd64_microsoft.windows.common-controls_6595b64144ccf1df_6.0.10586.0_none_8c15ae12515e1c22\COMCTL32.dll
0x00007ffa0ea10000 - 0x00007ffa0ec8d000 	C:\Windows\system32\combase.dll
0x00007ffa0b880000 - 0x00007ffa0b8ea000 	C:\Windows\system32\bcryptPrimitives.dll
0x00007ffa0c170000 - 0x00007ffa0c1ab000 	C:\Windows\system32\IMM32.DLL
0x00000000516c0000 - 0x0000000051792000 	C:\Program Files\Java\jdk1.8.0_71\jre\bin\msvcr100.dll
0x0000000050850000 - 0x00000000510df000 	C:\Program Files\Java\jdk1.8.0_71\jre\bin\server\jvm.dll
0x00007ffa0c400000 - 0x00007ffa0c408000 	C:\Windows\system32\PSAPI.DLL
0x00007ff9f6b10000 - 0x00007ff9f6b19000 	C:\Windows\SYSTEM32\WSOCK32.dll
0x00007ffa0c580000 - 0x00007ffa0c5eb000 	C:\Windows\system32\WS2_32.dll
0x00007ffa09490000 - 0x00007ffa094b3000 	C:\Windows\SYSTEM32\WINMM.dll
0x00007ffa067f0000 - 0x00007ffa067fa000 	C:\Windows\SYSTEM32\VERSION.dll
0x00007ffa09430000 - 0x00007ffa0945c000 	C:\Windows\SYSTEM32\WINMMBASE.dll
0x00007ffa0c110000 - 0x00007ffa0c153000 	C:\Windows\system32\cfgmgr32.dll
0x0000000051b70000 - 0x0000000051b7f000 	C:\Program Files\Java\jdk1.8.0_71\jre\bin\verify.dll
0x0000000051b40000 - 0x0000000051b69000 	C:\Program Files\Java\jdk1.8.0_71\jre\bin\java.dll
0x0000000051b20000 - 0x0000000051b36000 	C:\Program Files\Java\jdk1.8.0_71\jre\bin\zip.dll
0x00007ffa0ca90000 - 0x00007ffa0dfec000 	C:\Windows\system32\SHELL32.dll
0x00007ffa0bac0000 - 0x00007ffa0c104000 	C:\Windows\system32\windows.storage.dll
0x00007ffa0c280000 - 0x00007ffa0c2d2000 	C:\Windows\system32\shlwapi.dll
0x00007ffa0b400000 - 0x00007ffa0b40f000 	C:\Windows\system32\kernel.appcore.dll
0x00007ffa0b740000 - 0x00007ffa0b7f5000 	C:\Windows\system32\shcore.dll
0x00007ffa0b3b0000 - 0x00007ffa0b3fb000 	C:\Windows\system32\powrprof.dll
0x00007ffa0b390000 - 0x00007ffa0b3a4000 	C:\Windows\system32\profapi.dll

VM Arguments:
jvm_args: -Djava.awt.headless=true -Xmx1024M -Dfile.encoding=windows-31j -Duser.country=JP -Duser.language=ja -Duser.variant 
java_command: com.android.dx.command.Main --dex --force-jumbo --multi-dex --output C:\Users\si\AndroidStudioProjects\Test_EN_Revolution\app\build\intermediates\transforms\dex\debug\folders\1000\5\slice_1 C:\Users\si\AndroidStudioProjects\Test_EN_Revolution\app\build\intermediates\transforms\instantRunSlicer\debug\folders\1\5\slice_1
java_class_path (initial): C:\Users\si\AppData\Local\Android\sdk\build-tools\21.1.1\lib\dx.jar
Launcher Type: SUN_STANDARD

Environment Variables:
PATH=C:\ProgramData\Oracle\Java\javapath;C:\Windows\system32;C:\Windows;C:\Windows\System32\Wbem;C:\Windows\System32\WindowsPowerShell\v1.0\;C:\Program Files\Intel\WiFi\bin\;C:\Program Files\Common Files\Intel\WirelessCommon\;C:\Program Files\Git\cmd;C:\Program Files (x86)\NVIDIA Corporation\PhysX\Common;C:\Program Files\Intel\WiFi\bin\;C:\Program Files\Common Files\Intel\WirelessCommon\
USERNAME=si
OS=Windows_NT
PROCESSOR_IDENTIFIER=Intel64 Family 6 Model 69 Stepping 1, GenuineIntel



---------------  S Y S T E M  ---------------

OS: Windows 10.0 , 64 bit Build 10586 (10.0.10586.0)

CPU:total 4 (2 cores per cpu, 2 threads per core) family 6 model 69 stepping 1, cmov, cx8, fxsr, mmx, sse, sse2, sse3, ssse3, sse4.1, sse4.2, popcnt, avx, avx2, aes, clmul, erms, lzcnt, ht, tsc, tscinvbit, bmi1, bmi2

Memory: 4k page, physical 8269856k(619712k free), swap 9318432k(5180k free)

vm_info: Java HotSpot(TM) 64-Bit Server VM (25.71-b15) for windows-amd64 JRE (1.8.0_71-b15), built on Dec 22 2015 18:15:55 by "java_re" with MS VC++ 10.0 (VS2010)

time: Fri May 20 16:30:04 2016
elapsed time: 3 seconds (0d 0h 0m 3s)

