#
# There is insufficient memory for the Java Runtime Environment to continue.
# Native memory allocation (malloc) failed to allocate 32744 bytes for ChunkPool::allocate
# Possible reasons:
#   The system is out of physical RAM or swap space
#   In 32 bit mode, the process size limit was hit
# Possible solutions:
#   Reduce memory load on the system
#   Increase physical memory or swap space
#   Check if swap backing store is full
#   Use 64 bit Java on a 64 bit OS
#   Decrease Java heap size (-Xmx/-Xms)
#   Decrease number of Java threads
#   Decrease Java thread stack sizes (-Xss)
#   Set larger code cache with -XX:ReservedCodeCacheSize=
# This output file may be truncated or incomplete.
#
#  Out of Memory Error (allocation.cpp:273), pid=19088, tid=19836
#
# JRE version: Java(TM) SE Runtime Environment (8.0_71-b15) (build 1.8.0_71-b15)
# Java VM: Java HotSpot(TM) 64-Bit Server VM (25.71-b15 mixed mode windows-amd64 compressed oops)
# Failed to write core dump. Minidumps are not enabled by default on client versions of Windows
#

---------------  T H R E A D  ---------------

Current thread (0x0000000014dfd800):  JavaThread "C1 CompilerThread2" daemon [_thread_in_vm, id=19836, stack(0x00000000168f0000,0x00000000169f0000)]

Stack: [0x00000000168f0000,0x00000000169f0000]
[error occurred during error reporting (printing stack bounds), id 0xc0000005]

Native frames: (J=compiled Java code, j=interpreted, Vv=VM code, C=native code)


Current CompileTask:
C1:  11331 2211   !   2       com.android.dx.command.dexer.Main::processFileBytes (263 bytes)


---------------  P R O C E S S  ---------------

Java Threads: ( => current thread )
  0x0000000016549800 JavaThread "Service Thread" daemon [_thread_blocked, id=20040, stack(0x00000000169f0000,0x0000000016af0000)]
=>0x0000000014dfd800 JavaThread "C1 CompilerThread2" daemon [_thread_in_vm, id=19836, stack(0x00000000168f0000,0x00000000169f0000)]
  0x0000000014df5000 JavaThread "C2 CompilerThread1" daemon [_thread_in_native, id=19788, stack(0x00000000163f0000,0x00000000164f0000)]
  0x0000000014dad800 JavaThread "C2 CompilerThread0" daemon [_thread_in_native, id=19736, stack(0x00000000162f0000,0x00000000163f0000)]
  0x0000000014dac000 JavaThread "Attach Listener" daemon [_thread_blocked, id=19760, stack(0x00000000161f0000,0x00000000162f0000)]
  0x0000000014d98000 JavaThread "Signal Dispatcher" daemon [_thread_blocked, id=19648, stack(0x00000000160f0000,0x00000000161f0000)]
  0x00000000011b6000 JavaThread "Finalizer" daemon [_thread_blocked, id=20424, stack(0x0000000015ff0000,0x00000000160f0000)]
  0x00000000011ad000 JavaThread "Reference Handler" daemon [_thread_blocked, id=20400, stack(0x0000000015ef0000,0x0000000015ff0000)]
  0x00000000010c0800 JavaThread "main" [_thread_in_vm, id=19496, stack(0x0000000000fc0000,0x00000000010c0000)]

Other Threads:
  0x0000000014d68000 VMThread [stack: 0x0000000015df0000,0x0000000015ef0000] [id=20212]
  0x00000000165ac800 WatcherThread [stack: 0x0000000016af0000,0x0000000016bf0000] [id=20408]

VM state:not at safepoint (normal execution)

VM Mutex/Monitor currently owned by a thread: None

Heap:
 PSYoungGen      total 138240K, used 7999K [0x00000000eab00000, 0x00000000fe500000, 0x0000000100000000)
  eden space 133120K, 2% used [0x00000000eab00000,0x00000000eadd1578,0x00000000f2d00000)
  from space 5120K, 99% used [0x00000000f2d00000,0x00000000f31fe708,0x00000000f3200000)
  to   space 27648K, 0% used [0x00000000fca00000,0x00000000fca00000,0x00000000fe500000)
 ParOldGen       total 87552K, used 47621K [0x00000000c0000000, 0x00000000c5580000, 0x00000000eab00000)
  object space 87552K, 54% used [0x00000000c0000000,0x00000000c2e81538,0x00000000c5580000)
 Metaspace       used 6170K, capacity 7152K, committed 7296K, reserved 1056768K
  class space    used 588K, capacity 616K, committed 640K, reserved 1048576K

Card table byte_map: [0x0000000001580000,0x0000000001790000] byte_map_base: 0x0000000000f80000

Marking Bits: (ParMarkBitMap*) 0x000000005105f600
 Begin Bits: [0x0000000012400000, 0x0000000013400000)
 End Bits:   [0x0000000013400000, 0x0000000014400000)

Polling page: 0x0000000000830000

CodeCache: size=245760Kb used=9946Kb max_used=9946Kb free=235813Kb
 bounds [0x0000000003400000, 0x0000000003dc0000, 0x0000000012400000]
 total_blobs=2266 nmethods=1999 adapters=180
 compilation: enabled

Compilation events (10 events):
Event: 11.139 Thread 0x0000000014dfd800 nmethod 2204 0x0000000003dbca10 code [0x0000000003dbcbc0, 0x0000000003dbceb8]
Event: 11.144 Thread 0x0000000014dfd800 2206       2       com.android.dx.ssa.back.FirstFitLocalCombiningAllocator$Alignment$2::nextClearBit (26 bytes)
Event: 11.144 Thread 0x0000000014dfd800 nmethod 2206 0x0000000003dbd150 code [0x0000000003dbd2c0, 0x0000000003dbd4d8]
Event: 11.151 Thread 0x0000000014dfd800 2207       2       com.android.dx.rop.code.SwitchInsn::accept (8 bytes)
Event: 11.151 Thread 0x0000000014dfd800 nmethod 2207 0x0000000003dbd610 code [0x0000000003dbd780, 0x0000000003dbd908]
Event: 11.157 Thread 0x0000000014dfd800 2209       2       com.android.dx.rop.code.Rops::opIfLt (13 bytes)
Event: 11.157 Thread 0x0000000014dfd800 nmethod 2209 0x0000000003dbd990 code [0x0000000003dbdb00, 0x0000000003dbdc88]
Event: 11.320 Thread 0x0000000014dfd800 2210       2       sun.util.calendar.AbstractCalendar::setTimeOfDay (116 bytes)
Event: 11.320 Thread 0x0000000014dfd800 nmethod 2210 0x0000000003dbdd10 code [0x0000000003dbde80, 0x0000000003dbe1e8]
Event: 11.327 Thread 0x0000000014dfd800 2211   !   2       com.android.dx.command.dexer.Main::processFileBytes (263 bytes)

GC Heap History (10 events):
Event: 1.673 GC heap before
{Heap before GC invocations=1 (full 0):
 PSYoungGen      total 38400K, used 33280K [0x00000000eab00000, 0x00000000ed580000, 0x0000000100000000)
  eden space 33280K, 100% used [0x00000000eab00000,0x00000000ecb80000,0x00000000ecb80000)
  from space 5120K, 0% used [0x00000000ed080000,0x00000000ed080000,0x00000000ed580000)
  to   space 5120K, 0% used [0x00000000ecb80000,0x00000000ecb80000,0x00000000ed080000)
 ParOldGen       total 87552K, used 0K [0x00000000c0000000, 0x00000000c5580000, 0x00000000eab00000)
  object space 87552K, 0% used [0x00000000c0000000,0x00000000c0000000,0x00000000c5580000)
 Metaspace       used 5792K, capacity 6960K, committed 7040K, reserved 1056768K
  class space    used 565K, capacity 616K, committed 640K, reserved 1048576K
Event: 1.694 GC heap after
Heap after GC invocations=1 (full 0):
 PSYoungGen      total 38400K, used 5104K [0x00000000eab00000, 0x00000000ef600000, 0x0000000100000000)
  eden space 33280K, 0% used [0x00000000eab00000,0x00000000eab00000,0x00000000ecb80000)
  from space 5120K, 99% used [0x00000000ecb80000,0x00000000ed07c0b8,0x00000000ed080000)
  to   space 5120K, 0% used [0x00000000ef100000,0x00000000ef100000,0x00000000ef600000)
 ParOldGen       total 87552K, used 1594K [0x00000000c0000000, 0x00000000c5580000, 0x00000000eab00000)
  object space 87552K, 1% used [0x00000000c0000000,0x00000000c018eb38,0x00000000c5580000)
 Metaspace       used 5792K, capacity 6960K, committed 7040K, reserved 1056768K
  class space    used 565K, capacity 616K, committed 640K, reserved 1048576K
}
Event: 2.469 GC heap before
{Heap before GC invocations=2 (full 0):
 PSYoungGen      total 38400K, used 38384K [0x00000000eab00000, 0x00000000ef600000, 0x0000000100000000)
  eden space 33280K, 100% used [0x00000000eab00000,0x00000000ecb80000,0x00000000ecb80000)
  from space 5120K, 99% used [0x00000000ecb80000,0x00000000ed07c0b8,0x00000000ed080000)
  to   space 5120K, 0% used [0x00000000ef100000,0x00000000ef100000,0x00000000ef600000)
 ParOldGen       total 87552K, used 1594K [0x00000000c0000000, 0x00000000c5580000, 0x00000000eab00000)
  object space 87552K, 1% used [0x00000000c0000000,0x00000000c018eb38,0x00000000c5580000)
 Metaspace       used 6004K, capacity 7024K, committed 7296K, reserved 1056768K
  class space    used 586K, capacity 616K, committed 640K, reserved 1048576K
Event: 2.507 GC heap after
Heap after GC invocations=2 (full 0):
 PSYoungGen      total 71680K, used 5118K [0x00000000eab00000, 0x00000000ef600000, 0x0000000100000000)
  eden space 66560K, 0% used [0x00000000eab00000,0x00000000eab00000,0x00000000eec00000)
  from space 5120K, 99% used [0x00000000ef100000,0x00000000ef5ffa78,0x00000000ef600000)
  to   space 5120K, 0% used [0x00000000eec00000,0x00000000eec00000,0x00000000ef100000)
 ParOldGen       total 87552K, used 5837K [0x00000000c0000000, 0x00000000c5580000, 0x00000000eab00000)
  object space 87552K, 6% used [0x00000000c0000000,0x00000000c05b3508,0x00000000c5580000)
 Metaspace       used 6004K, capacity 7024K, committed 7296K, reserved 1056768K
  class space    used 586K, capacity 616K, committed 640K, reserved 1048576K
}
Event: 4.566 GC heap before
{Heap before GC invocations=3 (full 0):
 PSYoungGen      total 71680K, used 71678K [0x00000000eab00000, 0x00000000ef600000, 0x0000000100000000)
  eden space 66560K, 100% used [0x00000000eab00000,0x00000000eec00000,0x00000000eec00000)
  from space 5120K, 99% used [0x00000000ef100000,0x00000000ef5ffa78,0x00000000ef600000)
  to   space 5120K, 0% used [0x00000000eec00000,0x00000000eec00000,0x00000000ef100000)
 ParOldGen       total 87552K, used 5837K [0x00000000c0000000, 0x00000000c5580000, 0x00000000eab00000)
  object space 87552K, 6% used [0x00000000c0000000,0x00000000c05b3508,0x00000000c5580000)
 Metaspace       used 6064K, capacity 7088K, committed 7296K, reserved 1056768K
  class space    used 587K, capacity 616K, committed 640K, reserved 1048576K
Event: 4.630 GC heap after
Heap after GC invocations=3 (full 0):
 PSYoungGen      total 71680K, used 5099K [0x00000000eab00000, 0x00000000f3700000, 0x0000000100000000)
  eden space 66560K, 0% used [0x00000000eab00000,0x00000000eab00000,0x00000000eec00000)
  from space 5120K, 99% used [0x00000000eec00000,0x00000000ef0faf18,0x00000000ef100000)
  to   space 5120K, 0% used [0x00000000f3200000,0x00000000f3200000,0x00000000f3700000)
 ParOldGen       total 87552K, used 16341K [0x00000000c0000000, 0x00000000c5580000, 0x00000000eab00000)
  object space 87552K, 18% used [0x00000000c0000000,0x00000000c0ff5538,0x00000000c5580000)
 Metaspace       used 6064K, capacity 7088K, committed 7296K, reserved 1056768K
  class space    used 587K, capacity 616K, committed 640K, reserved 1048576K
}
Event: 7.696 GC heap before
{Heap before GC invocations=4 (full 0):
 PSYoungGen      total 71680K, used 71659K [0x00000000eab00000, 0x00000000f3700000, 0x0000000100000000)
  eden space 66560K, 100% used [0x00000000eab00000,0x00000000eec00000,0x00000000eec00000)
  from space 5120K, 99% used [0x00000000eec00000,0x00000000ef0faf18,0x00000000ef100000)
  to   space 5120K, 0% used [0x00000000f3200000,0x00000000f3200000,0x00000000f3700000)
 ParOldGen       total 87552K, used 16341K [0x00000000c0000000, 0x00000000c5580000, 0x00000000eab00000)
  object space 87552K, 18% used [0x00000000c0000000,0x00000000c0ff5538,0x00000000c5580000)
 Metaspace       used 6115K, capacity 7088K, committed 7296K, reserved 1056768K
  class space    used 588K, capacity 616K, committed 640K, reserved 1048576K
Event: 7.800 GC heap after
Heap after GC invocations=4 (full 0):
 PSYoungGen      total 138240K, used 5110K [0x00000000eab00000, 0x00000000f3700000, 0x0000000100000000)
  eden space 133120K, 0% used [0x00000000eab00000,0x00000000eab00000,0x00000000f2d00000)
  from space 5120K, 99% used [0x00000000f3200000,0x00000000f36fd990,0x00000000f3700000)
  to   space 5120K, 0% used [0x00000000f2d00000,0x00000000f2d00000,0x00000000f3200000)
 ParOldGen       total 87552K, used 26725K [0x00000000c0000000, 0x00000000c5580000, 0x00000000eab00000)
  object space 87552K, 30% used [0x00000000c0000000,0x00000000c1a195e0,0x00000000c5580000)
 Metaspace       used 6115K, capacity 7088K, committed 7296K, reserved 1056768K
  class space    used 588K, capacity 616K, committed 640K, reserved 1048576K
}
Event: 11.164 GC heap before
{Heap before GC invocations=5 (full 0):
 PSYoungGen      total 138240K, used 138230K [0x00000000eab00000, 0x00000000f3700000, 0x0000000100000000)
  eden space 133120K, 100% used [0x00000000eab00000,0x00000000f2d00000,0x00000000f2d00000)
  from space 5120K, 99% used [0x00000000f3200000,0x00000000f36fd990,0x00000000f3700000)
  to   space 5120K, 0% used [0x00000000f2d00000,0x00000000f2d00000,0x00000000f3200000)
 ParOldGen       total 87552K, used 26725K [0x00000000c0000000, 0x00000000c5580000, 0x00000000eab00000)
  object space 87552K, 30% used [0x00000000c0000000,0x00000000c1a195e0,0x00000000c5580000)
 Metaspace       used 6170K, capacity 7152K, committed 7296K, reserved 1056768K
  class space    used 588K, capacity 616K, committed 640K, reserved 1048576K
Event: 11.315 GC heap after
Heap after GC invocations=5 (full 0):
 PSYoungGen      total 138240K, used 5113K [0x00000000eab00000, 0x00000000fe500000, 0x0000000100000000)
  eden space 133120K, 0% used [0x00000000eab00000,0x00000000eab00000,0x00000000f2d00000)
  from space 5120K, 99% used [0x00000000f2d00000,0x00000000f31fe708,0x00000000f3200000)
  to   space 27648K, 0% used [0x00000000fca00000,0x00000000fca00000,0x00000000fe500000)
 ParOldGen       total 87552K, used 47621K [0x00000000c0000000, 0x00000000c5580000, 0x00000000eab00000)
  object space 87552K, 54% used [0x00000000c0000000,0x00000000c2e81538,0x00000000c5580000)
 Metaspace       used 6170K, capacity 7152K, committed 7296K, reserved 1056768K
  class space    used 588K, capacity 616K, committed 640K, reserved 1048576K
}

Deoptimization events (10 events):
Event: 10.773 Thread 0x00000000010c0800 Uncommon trap: reason=class_check action=maybe_recompile pc=0x0000000003d7e544 method=com.android.dx.cf.code.OneLocalsArray.set(ILcom/android/dx/rop/type/TypeBearer;)V @ 85
Event: 10.773 Thread 0x00000000010c0800 Uncommon trap: reason=class_check action=maybe_recompile pc=0x0000000003d7e544 method=com.android.dx.cf.code.OneLocalsArray.set(ILcom/android/dx/rop/type/TypeBearer;)V @ 85
Event: 10.776 Thread 0x00000000010c0800 Uncommon trap: reason=class_check action=maybe_recompile pc=0x0000000003d7e544 method=com.android.dx.cf.code.OneLocalsArray.set(ILcom/android/dx/rop/type/TypeBearer;)V @ 85
Event: 10.776 Thread 0x00000000010c0800 Uncommon trap: reason=class_check action=maybe_recompile pc=0x0000000003d7e544 method=com.android.dx.cf.code.OneLocalsArray.set(ILcom/android/dx/rop/type/TypeBearer;)V @ 85
Event: 10.878 Thread 0x00000000010c0800 Uncommon trap: reason=unstable_if action=reinterpret pc=0x0000000003d24568 method=com.android.dx.cf.code.Simulator$SimVisitor.visitNoArgs(IIILcom/android/dx/rop/type/Type;)V @ 1277
Event: 11.110 Thread 0x00000000010c0800 Uncommon trap: reason=unstable_if action=reinterpret pc=0x000000000396fdcc method=com.android.dx.ssa.MoveParamCombiner$1.visitNonMoveInsn(Lcom/android/dx/ssa/NormalSsaInsn;)V @ 27
Event: 11.142 Thread 0x00000000010c0800 Uncommon trap: reason=bimorphic action=maybe_recompile pc=0x0000000003cc3a94 method=com.android.dx.ssa.LiteralOpUpgrader.tryReplacingWithConstant(Lcom/android/dx/ssa/NormalSsaInsn;)Z @ 62
Event: 11.143 Thread 0x00000000010c0800 Uncommon trap: reason=class_check action=maybe_recompile pc=0x0000000003b871ec method=com.android.dx.ssa.back.FirstFitLocalCombiningAllocator.findNextUnreservedRopReg(IILcom/android/dx/ssa/back/FirstFitLocalCombiningAllocator$Alignment;)I @ 60
Event: 11.146 Thread 0x00000000010c0800 Uncommon trap: reason=bimorphic action=maybe_recompile pc=0x0000000003cc3a94 method=com.android.dx.ssa.LiteralOpUpgrader.tryReplacingWithConstant(Lcom/android/dx/ssa/NormalSsaInsn;)Z @ 62
Event: 11.147 Thread 0x00000000010c0800 Uncommon trap: reason=class_check action=maybe_recompile pc=0x0000000003b871ec method=com.android.dx.ssa.back.FirstFitLocalCombiningAllocator.findNextUnreservedRopReg(IILcom/android/dx/ssa/back/FirstFitLocalCombiningAllocator$Alignment;)I @ 60

Internal exceptions (6 events):
Event: 0.049 Thread 0x00000000010c0800 Exception <a 'java/lang/NoSuchMethodError': Method sun.misc.Unsafe.defineClass(Ljava/lang/String;[BII)Ljava/lang/Class; name or signature does not match> (0x00000000eab130d0) thrown at [C:\re\workspace\8-2-build-windows-amd64-cygwin\jdk8u71\5731\hotspot\sr¼‘˜T©?
Event: 0.049 Thread 0x00000000010c0800 Exception <a 'java/lang/NoSuchMethodError': Method sun.misc.Unsafe.prefetchRead(Ljava/lang/Object;J)V name or signature does not match> (0x00000000eab133b8) thrown at [C:\re\workspace\8-2-build-windows-amd64-cygwin\jdk8u71\5731\hotspot\src\share\vm\prims\j
Event: 1.666 Thread 0x00000000010c0800 Implicit null exception at 0x00000000038f5222 to 0x00000000038f5329
Event: 1.958 Thread 0x00000000010c0800 Exception <a 'java/lang/ArrayIndexOutOfBoundsException': 18> (0x00000000eb9d2340) thrown at [C:\re\workspace\8-2-build-windows-amd64-cygwin\jdk8u71\5731\hotspot\src\share\vm\interpreter\interpreterRuntime.cpp, line 366]
Event: 1.958 Thread 0x00000000010c0800 Exception <a 'java/lang/ArrayIndexOutOfBoundsException'> (0x00000000eb9d3ec0) thrown at [C:\re\workspace\8-2-build-windows-amd64-cygwin\jdk8u71\5731\hotspot\src\share\vm\runtime\sharedRuntime.cpp, line 605]
Event: 1.959 Thread 0x00000000010c0800 Exception <a 'java/lang/ArrayIndexOutOfBoundsException'> (0x00000000eb9d51a8) thrown at [C:\re\workspace\8-2-build-windows-amd64-cygwin\jdk8u71\5731\hotspot\src\share\vm\runtime\sharedRuntime.cpp, line 605]

Events (10 events):
Event: 11.143 Thread 0x00000000010c0800 DEOPT PACKING pc=0x0000000003b871ec sp=0x00000000010be4d0
Event: 11.143 Thread 0x00000000010c0800 DEOPT UNPACKING pc=0x000000000344582a sp=0x00000000010be430 mode 2
Event: 11.146 Thread 0x00000000010c0800 Uncommon trap: trap_request=0xffffffc6 fr.pc=0x0000000003cc3a94
Event: 11.146 Thread 0x00000000010c0800 DEOPT PACKING pc=0x0000000003cc3a94 sp=0x00000000010be320
Event: 11.146 Thread 0x00000000010c0800 DEOPT UNPACKING pc=0x000000000344582a sp=0x00000000010be2c0 mode 2
Event: 11.146 Thread 0x00000000010c0800 Uncommon trap: trap_request=0xffffffde fr.pc=0x0000000003b871ec
Event: 11.147 Thread 0x00000000010c0800 DEOPT PACKING pc=0x0000000003b871ec sp=0x00000000010be3b0
Event: 11.147 Thread 0x00000000010c0800 DEOPT UNPACKING pc=0x000000000344582a sp=0x00000000010be310 mode 2
Event: 11.164 Executing VM operation: ParallelGCFailedAllocation
Event: 11.316 Executing VM operation: ParallelGCFailedAllocation done


Dynamic libraries:
0x00007ff763520000 - 0x00007ff763557000 	C:\Program Files\Java\jdk1.8.0_71\bin\java.exe
0x00007ffa0ed60000 - 0x00007ffa0ef21000 	C:\Windows\SYSTEM32\ntdll.dll
0x00007ffa0ec90000 - 0x00007ffa0ed3d000 	C:\Windows\system32\KERNEL32.DLL
0x00007ffa0b550000 - 0x00007ffa0b738000 	C:\Windows\system32\KERNELBASE.dll
0x00007ffa0c700000 - 0x00007ffa0c7a7000 	C:\Windows\system32\ADVAPI32.dll
0x00007ffa0e050000 - 0x00007ffa0e0ed000 	C:\Windows\system32\msvcrt.dll
0x00007ffa0dff0000 - 0x00007ffa0e04b000 	C:\Windows\system32\sechost.dll
0x00007ffa0c2e0000 - 0x00007ffa0c3fc000 	C:\Windows\system32\RPCRT4.dll
0x00007ffa0c420000 - 0x00007ffa0c576000 	C:\Windows\system32\USER32.dll
0x00007ffa0c7b0000 - 0x00007ffa0c936000 	C:\Windows\system32\GDI32.dll
0x00007ffa064f0000 - 0x00007ffa06764000 	C:\Windows\WinSxS\amd64_microsoft.windows.common-controls_6595b64144ccf1df_6.0.10586.0_none_8c15ae12515e1c22\COMCTL32.dll
0x00007ffa0ea10000 - 0x00007ffa0ec8d000 	C:\Windows\system32\combase.dll
0x00007ffa0b880000 - 0x00007ffa0b8ea000 	C:\Windows\system32\bcryptPrimitives.dll
0x00007ffa0c170000 - 0x00007ffa0c1ab000 	C:\Windows\system32\IMM32.DLL
0x00000000516c0000 - 0x0000000051792000 	C:\Program Files\Java\jdk1.8.0_71\jre\bin\msvcr100.dll
0x0000000050850000 - 0x00000000510df000 	C:\Program Files\Java\jdk1.8.0_71\jre\bin\server\jvm.dll
0x00007ffa0c400000 - 0x00007ffa0c408000 	C:\Windows\system32\PSAPI.DLL
0x00007ff9f6b10000 - 0x00007ff9f6b19000 	C:\Windows\SYSTEM32\WSOCK32.dll
0x00007ffa0c580000 - 0x00007ffa0c5eb000 	C:\Windows\system32\WS2_32.dll
0x00007ffa09490000 - 0x00007ffa094b3000 	C:\Windows\SYSTEM32\WINMM.dll
0x00007ffa067f0000 - 0x00007ffa067fa000 	C:\Windows\SYSTEM32\VERSION.dll
0x00007ffa09430000 - 0x00007ffa0945c000 	C:\Windows\SYSTEM32\WINMMBASE.dll
0x00007ffa0c110000 - 0x00007ffa0c153000 	C:\Windows\system32\cfgmgr32.dll
0x0000000051b70000 - 0x0000000051b7f000 	C:\Program Files\Java\jdk1.8.0_71\jre\bin\verify.dll
0x0000000051b40000 - 0x0000000051b69000 	C:\Program Files\Java\jdk1.8.0_71\jre\bin\java.dll
0x0000000051b20000 - 0x0000000051b36000 	C:\Program Files\Java\jdk1.8.0_71\jre\bin\zip.dll
0x00007ffa0ca90000 - 0x00007ffa0dfec000 	C:\Windows\system32\SHELL32.dll
0x00007ffa0bac0000 - 0x00007ffa0c104000 	C:\Windows\system32\windows.storage.dll
0x00007ffa0c280000 - 0x00007ffa0c2d2000 	C:\Windows\system32\shlwapi.dll
0x00007ffa0b400000 - 0x00007ffa0b40f000 	C:\Windows\system32\kernel.appcore.dll
0x00007ffa0b740000 - 0x00007ffa0b7f5000 	C:\Windows\system32\shcore.dll
0x00007ffa0b3b0000 - 0x00007ffa0b3fb000 	C:\Windows\system32\powrprof.dll
0x00007ffa0b390000 - 0x00007ffa0b3a4000 	C:\Windows\system32\profapi.dll

VM Arguments:
jvm_args: -Djava.awt.headless=true -Xmx1024M -Dfile.encoding=windows-31j -Duser.country=JP -Duser.language=ja -Duser.variant 
java_command: com.android.dx.command.Main --dex --force-jumbo --multi-dex --output C:\Users\si\AndroidStudioProjects\Test_EN_Revolution\app\build\intermediates\transforms\dex\debug\folders\1000\10\com.android.support-support-v4-21.0.3_801aa63ddd0e81737d5df33d079b8972051acbd4 C:\Users\si\AndroidStudioProjects\Test_EN_Revolution\app\build\intermediates\exploded-aar\com.android.support\support-v4\21.0.3\jars\classes.jar
java_class_path (initial): C:\Users\si\AppData\Local\Android\sdk\build-tools\21.1.1\lib\dx.jar
Launcher Type: SUN_STANDARD

Environment Variables:
PATH=C:\ProgramData\Oracle\Java\javapath;C:\Windows\system32;C:\Windows;C:\Windows\System32\Wbem;C:\Windows\System32\WindowsPowerShell\v1.0\;C:\Program Files\Intel\WiFi\bin\;C:\Program Files\Common Files\Intel\WirelessCommon\;C:\Program Files\Git\cmd;C:\Program Files (x86)\NVIDIA Corporation\PhysX\Common;C:\Program Files\Intel\WiFi\bin\;C:\Program Files\Common Files\Intel\WirelessCommon\
USERNAME=si
OS=Windows_NT
PROCESSOR_IDENTIFIER=Intel64 Family 6 Model 69 Stepping 1, GenuineIntel



---------------  S Y S T E M  ---------------

OS: Windows 10.0 , 64 bit Build 10586 (10.0.10586.0)

CPU:total 4 (2 cores per cpu, 2 threads per core) family 6 model 69 stepping 1, cmov, cx8, fxsr, mmx, sse, sse2, sse3, ssse3, sse4.1, sse4.2, popcnt, avx, avx2, aes, clmul, erms, lzcnt, ht, tsc, tscinvbit, bmi1, bmi2

Memory: 4k page, physical 8269856k(481004k free), swap 9318432k(5288k free)

vm_info: Java HotSpot(TM) 64-Bit Server VM (25.71-b15) for windows-amd64 JRE (1.8.0_71-b15), built on Dec 22 2015 18:15:55 by "java_re" with MS VC++ 10.0 (VS2010)

time: Fri May 20 16:32:36 2016
elapsed time: 11 seconds (0d 0h 0m 11s)

