#
# There is insufficient memory for the Java Runtime Environment to continue.
# Native memory allocation (malloc) failed to allocate 262160 bytes for Chunk::new
# Possible reasons:
#   The system is out of physical RAM or swap space
#   In 32 bit mode, the process size limit was hit
# Possible solutions:
#   Reduce memory load on the system
#   Increase physical memory or swap space
#   Check if swap backing store is full
#   Use 64 bit Java on a 64 bit OS
#   Decrease Java heap size (-Xmx/-Xms)
#   Decrease number of Java threads
#   Decrease Java thread stack sizes (-Xss)
#   Set larger code cache with -XX:ReservedCodeCacheSize=
# This output file may be truncated or incomplete.
#
#  Out of Memory Error (allocation.cpp:390), pid=10652, tid=14500
#
# JRE version: Java(TM) SE Runtime Environment (8.0_91-b14) (build 1.8.0_91-b14)
# Java VM: Java HotSpot(TM) 64-Bit Server VM (25.91-b14 mixed mode windows-amd64 compressed oops)
# Failed to write core dump. Minidumps are not enabled by default on client versions of Windows
#

---------------  T H R E A D  ---------------

Current thread (0x000000001638f000):  JavaThread "C2 CompilerThread1" daemon [_thread_in_native, id=14500, stack(0x0000000016740000,0x0000000016840000)]

Stack: [0x0000000016740000,0x0000000016840000]
[error occurred during error reporting (printing stack bounds), id 0xc0000005]

Native frames: (J=compiled Java code, j=interpreted, Vv=VM code, C=native code)


Current CompileTask:
C2:  10377 1837   !   4       com.android.dx.cf.code.BytecodeArray::parseInstruction (2764 bytes)


---------------  P R O C E S S  ---------------

Java Threads: ( => current thread )
  0x0000000016399000 JavaThread "Service Thread" daemon [_thread_blocked, id=14704, stack(0x0000000016940000,0x0000000016a40000)]
  0x0000000016391800 JavaThread "C1 CompilerThread2" daemon [_thread_blocked, id=14620, stack(0x0000000016840000,0x0000000016940000)]
=>0x000000001638f000 JavaThread "C2 CompilerThread1" daemon [_thread_in_native, id=14500, stack(0x0000000016740000,0x0000000016840000)]
  0x0000000014ca1000 JavaThread "C2 CompilerThread0" daemon [_thread_in_native, id=15220, stack(0x0000000016240000,0x0000000016340000)]
  0x0000000014c9f800 JavaThread "Attach Listener" daemon [_thread_blocked, id=14468, stack(0x0000000016140000,0x0000000016240000)]
  0x0000000014c5c800 JavaThread "Signal Dispatcher" daemon [_thread_blocked, id=14372, stack(0x0000000016040000,0x0000000016140000)]
  0x0000000002574000 JavaThread "Finalizer" daemon [_thread_blocked, id=14536, stack(0x0000000015eb0000,0x0000000015fb0000)]
  0x000000000256f000 JavaThread "Reference Handler" daemon [_thread_blocked, id=14528, stack(0x0000000015db0000,0x0000000015eb0000)]
  0x0000000002480800 JavaThread "main" [_thread_in_Java, id=14864, stack(0x0000000002000000,0x0000000002100000)]

Other Threads:
  0x0000000014c18000 VMThread [stack: 0x0000000015cb0000,0x0000000015db0000] [id=14044]
  0x00000000163e3000 WatcherThread [stack: 0x0000000016a40000,0x0000000016b40000] [id=13532]

VM state:not at safepoint (normal execution)

VM Mutex/Monitor currently owned by a thread: None

Heap:
 PSYoungGen      total 83968K, used 17523K [0x00000000eab00000, 0x00000000f4f00000, 0x0000000100000000)
  eden space 66560K, 3% used [0x00000000eab00000,0x00000000ead96a20,0x00000000eec00000)
  from space 17408K, 85% used [0x00000000f3e00000,0x00000000f4c86570,0x00000000f4f00000)
  to   space 5120K, 0% used [0x00000000eec00000,0x00000000eec00000,0x00000000ef100000)
 ParOldGen       total 87552K, used 28558K [0x00000000c0000000, 0x00000000c5580000, 0x00000000eab00000)
  object space 87552K, 32% used [0x00000000c0000000,0x00000000c1be3b68,0x00000000c5580000)
 Metaspace       used 5762K, capacity 7088K, committed 7296K, reserved 1056768K
  class space    used 551K, capacity 616K, committed 640K, reserved 1048576K

Card table byte_map: [0x0000000011940000,0x0000000011b50000] byte_map_base: 0x0000000011340000

Marking Bits: (ParMarkBitMap*) 0x000000006bde2f70
 Begin Bits: [0x00000000120b0000, 0x00000000130b0000)
 End Bits:   [0x00000000130b0000, 0x00000000140b0000)

Polling page: 0x0000000000530000

CodeCache: size=245760Kb used=7210Kb max_used=9142Kb free=238549Kb
 bounds [0x0000000002580000, 0x0000000002ea0000, 0x0000000011580000]
 total_blobs=1723 nmethods=1463 adapters=173
 compilation: enabled

Compilation events (10 events):
Event: 10.214 Thread 0x000000001638f000 nmethod 1830 0x00000000028c7a90 code [0x00000000028c7cc0, 0x00000000028c9190]
Event: 10.350 Thread 0x0000000014ca1000 1836       4       com.android.dx.rop.cst.CstMemberRef::<init> (43 bytes)
Event: 10.351 Thread 0x0000000014ca1000 nmethod 1836 0x00000000026e75d0 code [0x00000000026e7700, 0x00000000026e77b8]
Event: 10.352 Thread 0x000000001638f000 1837   !   4       com.android.dx.cf.code.BytecodeArray::parseInstruction (2764 bytes)
Event: 10.352 Thread 0x0000000016391800 1838       3       com.android.dx.cf.code.BytecodeArray$ConstantParserVisitor::visitConstant (18 bytes)
Event: 10.352 Thread 0x0000000016391800 nmethod 1838 0x00000000026fa710 code [0x00000000026fa860, 0x00000000026fa9d0]
Event: 10.352 Thread 0x0000000016391800 1839       3       com.android.dx.util.ByteArray::getByte (14 bytes)
Event: 10.352 Thread 0x0000000016391800 nmethod 1839 0x0000000002721e50 code [0x0000000002721fc0, 0x0000000002722208]
Event: 10.353 Thread 0x0000000016391800 1840   !   3       com.android.dx.cf.code.RopperMachine::run (1550 bytes)
Event: 10.354 Thread 0x0000000014ca1000 1841   !   4       com.android.dx.cf.code.Ropper::processBlock (1101 bytes)

GC Heap History (10 events):
Event: 5.400 GC heap before
{Heap before GC invocations=2 (full 0):
 PSYoungGen      total 38400K, used 38398K [0x00000000eab00000, 0x00000000ed580000, 0x0000000100000000)
  eden space 33280K, 100% used [0x00000000eab00000,0x00000000ecb80000,0x00000000ecb80000)
  from space 5120K, 99% used [0x00000000ecb80000,0x00000000ed07f990,0x00000000ed080000)
  to   space 5120K, 0% used [0x00000000ed080000,0x00000000ed080000,0x00000000ed580000)
 ParOldGen       total 87552K, used 1354K [0x00000000c0000000, 0x00000000c5580000, 0x00000000eab00000)
  object space 87552K, 1% used [0x00000000c0000000,0x00000000c0152908,0x00000000c5580000)
 Metaspace       used 5617K, capacity 6960K, committed 7040K, reserved 1056768K
  class space    used 550K, capacity 616K, committed 640K, reserved 1048576K
Event: 5.426 GC heap after
Heap after GC invocations=2 (full 0):
 PSYoungGen      total 38400K, used 5094K [0x00000000eab00000, 0x00000000ef600000, 0x0000000100000000)
  eden space 33280K, 0% used [0x00000000eab00000,0x00000000eab00000,0x00000000ecb80000)
  from space 5120K, 99% used [0x00000000ed080000,0x00000000ed579940,0x00000000ed580000)
  to   space 5120K, 0% used [0x00000000ecb80000,0x00000000ecb80000,0x00000000ed080000)
 ParOldGen       total 87552K, used 6322K [0x00000000c0000000, 0x00000000c5580000, 0x00000000eab00000)
  object space 87552K, 7% used [0x00000000c0000000,0x00000000c062caf0,0x00000000c5580000)
 Metaspace       used 5617K, capacity 6960K, committed 7040K, reserved 1056768K
  class space    used 550K, capacity 616K, committed 640K, reserved 1048576K
}
Event: 6.216 GC heap before
{Heap before GC invocations=3 (full 0):
 PSYoungGen      total 38400K, used 38374K [0x00000000eab00000, 0x00000000ef600000, 0x0000000100000000)
  eden space 33280K, 100% used [0x00000000eab00000,0x00000000ecb80000,0x00000000ecb80000)
  from space 5120K, 99% used [0x00000000ed080000,0x00000000ed579940,0x00000000ed580000)
  to   space 5120K, 0% used [0x00000000ecb80000,0x00000000ecb80000,0x00000000ed080000)
 ParOldGen       total 87552K, used 6322K [0x00000000c0000000, 0x00000000c5580000, 0x00000000eab00000)
  object space 87552K, 7% used [0x00000000c0000000,0x00000000c062caf0,0x00000000c5580000)
 Metaspace       used 5673K, capacity 7024K, committed 7296K, reserved 1056768K
  class space    used 550K, capacity 616K, committed 640K, reserved 1048576K
Event: 6.235 GC heap after
Heap after GC invocations=3 (full 0):
 PSYoungGen      total 38400K, used 5102K [0x00000000eab00000, 0x00000000ef600000, 0x0000000100000000)
  eden space 33280K, 0% used [0x00000000eab00000,0x00000000eab00000,0x00000000ecb80000)
  from space 5120K, 99% used [0x00000000ecb80000,0x00000000ed07b8e0,0x00000000ed080000)
  to   space 5120K, 0% used [0x00000000ef100000,0x00000000ef100000,0x00000000ef600000)
 ParOldGen       total 87552K, used 11153K [0x00000000c0000000, 0x00000000c5580000, 0x00000000eab00000)
  object space 87552K, 12% used [0x00000000c0000000,0x00000000c0ae44b0,0x00000000c5580000)
 Metaspace       used 5673K, capacity 7024K, committed 7296K, reserved 1056768K
  class space    used 550K, capacity 616K, committed 640K, reserved 1048576K
}
Event: 7.316 GC heap before
{Heap before GC invocations=4 (full 0):
 PSYoungGen      total 38400K, used 38382K [0x00000000eab00000, 0x00000000ef600000, 0x0000000100000000)
  eden space 33280K, 100% used [0x00000000eab00000,0x00000000ecb80000,0x00000000ecb80000)
  from space 5120K, 99% used [0x00000000ecb80000,0x00000000ed07b8e0,0x00000000ed080000)
  to   space 5120K, 0% used [0x00000000ef100000,0x00000000ef100000,0x00000000ef600000)
 ParOldGen       total 87552K, used 11153K [0x00000000c0000000, 0x00000000c5580000, 0x00000000eab00000)
  object space 87552K, 12% used [0x00000000c0000000,0x00000000c0ae44b0,0x00000000c5580000)
 Metaspace       used 5712K, capacity 7024K, committed 7296K, reserved 1056768K
  class space    used 551K, capacity 616K, committed 640K, reserved 1048576K
Event: 7.342 GC heap after
Heap after GC invocations=4 (full 0):
 PSYoungGen      total 71680K, used 5097K [0x00000000eab00000, 0x00000000ef600000, 0x0000000100000000)
  eden space 66560K, 0% used [0x00000000eab00000,0x00000000eab00000,0x00000000eec00000)
  from space 5120K, 99% used [0x00000000ef100000,0x00000000ef5fa7f0,0x00000000ef600000)
  to   space 5120K, 0% used [0x00000000eec00000,0x00000000eec00000,0x00000000ef100000)
 ParOldGen       total 87552K, used 15397K [0x00000000c0000000, 0x00000000c5580000, 0x00000000eab00000)
  object space 87552K, 17% used [0x00000000c0000000,0x00000000c0f096b0,0x00000000c5580000)
 Metaspace       used 5712K, capacity 7024K, committed 7296K, reserved 1056768K
  class space    used 551K, capacity 616K, committed 640K, reserved 1048576K
}
Event: 8.732 GC heap before
{Heap before GC invocations=5 (full 0):
 PSYoungGen      total 71680K, used 71657K [0x00000000eab00000, 0x00000000ef600000, 0x0000000100000000)
  eden space 66560K, 100% used [0x00000000eab00000,0x00000000eec00000,0x00000000eec00000)
  from space 5120K, 99% used [0x00000000ef100000,0x00000000ef5fa7f0,0x00000000ef600000)
  to   space 5120K, 0% used [0x00000000eec00000,0x00000000eec00000,0x00000000ef100000)
 ParOldGen       total 87552K, used 15397K [0x00000000c0000000, 0x00000000c5580000, 0x00000000eab00000)
  object space 87552K, 17% used [0x00000000c0000000,0x00000000c0f096b0,0x00000000c5580000)
 Metaspace       used 5727K, capacity 7024K, committed 7296K, reserved 1056768K
  class space    used 551K, capacity 616K, committed 640K, reserved 1048576K
Event: 8.778 GC heap after
Heap after GC invocations=5 (full 0):
 PSYoungGen      total 71680K, used 5102K [0x00000000eab00000, 0x00000000f4f00000, 0x0000000100000000)
  eden space 66560K, 0% used [0x00000000eab00000,0x00000000eab00000,0x00000000eec00000)
  from space 5120K, 99% used [0x00000000eec00000,0x00000000ef0fb8e8,0x00000000ef100000)
  to   space 17408K, 0% used [0x00000000f3e00000,0x00000000f3e00000,0x00000000f4f00000)
 ParOldGen       total 87552K, used 28558K [0x00000000c0000000, 0x00000000c5580000, 0x00000000eab00000)
  object space 87552K, 32% used [0x00000000c0000000,0x00000000c1be3b68,0x00000000c5580000)
 Metaspace       used 5727K, capacity 7024K, committed 7296K, reserved 1056768K
  class space    used 551K, capacity 616K, committed 640K, reserved 1048576K
}
Event: 10.310 GC heap before
{Heap before GC invocations=6 (full 0):
 PSYoungGen      total 71680K, used 71662K [0x00000000eab00000, 0x00000000f4f00000, 0x0000000100000000)
  eden space 66560K, 100% used [0x00000000eab00000,0x00000000eec00000,0x00000000eec00000)
  from space 5120K, 99% used [0x00000000eec00000,0x00000000ef0fb8e8,0x00000000ef100000)
  to   space 17408K, 0% used [0x00000000f3e00000,0x00000000f3e00000,0x00000000f4f00000)
 ParOldGen       total 87552K, used 28558K [0x00000000c0000000, 0x00000000c5580000, 0x00000000eab00000)
  object space 87552K, 32% used [0x00000000c0000000,0x00000000c1be3b68,0x00000000c5580000)
 Metaspace       used 5759K, capacity 7088K, committed 7296K, reserved 1056768K
  class space    used 551K, capacity 616K, committed 640K, reserved 1048576K
Event: 10.335 GC heap after
Heap after GC invocations=6 (full 0):
 PSYoungGen      total 83968K, used 14873K [0x00000000eab00000, 0x00000000f4f00000, 0x0000000100000000)
  eden space 66560K, 0% used [0x00000000eab00000,0x00000000eab00000,0x00000000eec00000)
  from space 17408K, 85% used [0x00000000f3e00000,0x00000000f4c86570,0x00000000f4f00000)
  to   space 5120K, 0% used [0x00000000eec00000,0x00000000eec00000,0x00000000ef100000)
 ParOldGen       total 87552K, used 28558K [0x00000000c0000000, 0x00000000c5580000, 0x00000000eab00000)
  object space 87552K, 32% used [0x00000000c0000000,0x00000000c1be3b68,0x00000000c5580000)
 Metaspace       used 5759K, capacity 7088K, committed 7296K, reserved 1056768K
  class space    used 551K, capacity 616K, committed 640K, reserved 1048576K
}

Deoptimization events (10 events):
Event: 10.351 Thread 0x0000000002480800 Uncommon trap: reason=bimorphic action=maybe_recompile pc=0x0000000002ca23b8 method=com.android.dx.cf.code.BytecodeArray.parseInstruction(ILcom/android/dx/cf/code/BytecodeArray$Visitor;)I @ 1130
Event: 10.351 Thread 0x0000000002480800 Uncommon trap: reason=bimorphic action=maybe_recompile pc=0x0000000002ca201c method=com.android.dx.cf.code.BytecodeArray.parseInstruction(ILcom/android/dx/cf/code/BytecodeArray$Visitor;)I @ 907
Event: 10.351 Thread 0x0000000002480800 Uncommon trap: reason=bimorphic action=maybe_recompile pc=0x0000000002ca2518 method=com.android.dx.cf.code.BytecodeArray.parseInstruction(ILcom/android/dx/cf/code/BytecodeArray$Visitor;)I @ 1224
Event: 10.351 Thread 0x0000000002480800 Uncommon trap: reason=bimorphic action=maybe_recompile pc=0x0000000002ca209c method=com.android.dx.cf.code.BytecodeArray.parseInstruction(ILcom/android/dx/cf/code/BytecodeArray$Visitor;)I @ 923
Event: 10.351 Thread 0x0000000002480800 Uncommon trap: reason=bimorphic action=maybe_recompile pc=0x0000000002ca2518 method=com.android.dx.cf.code.BytecodeArray.parseInstruction(ILcom/android/dx/cf/code/BytecodeArray$Visitor;)I @ 1224
Event: 10.353 Thread 0x0000000002480800 Uncommon trap: reason=unstable_if action=reinterpret pc=0x0000000002e47618 method=com.android.dx.cf.code.RopperMachine.run(Lcom/android/dx/cf/code/Frame;II)V @ 1500
Event: 10.353 Thread 0x0000000002480800 Uncommon trap: reason=class_check action=maybe_recompile pc=0x0000000002e62460 method=com.android.dx.cf.code.Ropper.processBlock(Lcom/android/dx/cf/code/ByteBlock;Lcom/android/dx/cf/code/Frame;[I)V @ 777
Event: 10.354 Thread 0x0000000002480800 Uncommon trap: reason=class_check action=maybe_recompile pc=0x0000000002e62460 method=com.android.dx.cf.code.Ropper.processBlock(Lcom/android/dx/cf/code/ByteBlock;Lcom/android/dx/cf/code/Frame;[I)V @ 777
Event: 10.354 Thread 0x0000000002480800 Uncommon trap: reason=class_check action=maybe_recompile pc=0x0000000002e62460 method=com.android.dx.cf.code.Ropper.processBlock(Lcom/android/dx/cf/code/ByteBlock;Lcom/android/dx/cf/code/Frame;[I)V @ 777
Event: 10.354 Thread 0x0000000002480800 Uncommon trap: reason=class_check action=maybe_recompile pc=0x0000000002e62460 method=com.android.dx.cf.code.Ropper.processBlock(Lcom/android/dx/cf/code/ByteBlock;Lcom/android/dx/cf/code/Frame;[I)V @ 777

Internal exceptions (4 events):
Event: 0.335 Thread 0x0000000002480800 Exception <a 'java/lang/NoSuchMethodError': Method sun.misc.Unsafe.defineClass(Ljava/lang/String;[BII)Ljava/lang/Class; name or signature does not match> (0x00000000eab07cc0) thrown at [C:\re\workspace\8-2-build-windows-amd64-cygwin\jdk8u91\6644\hotspot\sr$VÂ"vÕ?
Event: 0.335 Thread 0x0000000002480800 Exception <a 'java/lang/NoSuchMethodError': Method sun.misc.Unsafe.prefetchRead(Ljava/lang/Object;J)V name or signature does not match> (0x00000000eab07fa8) thrown at [C:\re\workspace\8-2-build-windows-amd64-cygwin\jdk8u91\6644\hotspot\src\share\vm\prims\j 6ÒŽ@
Event: 2.139 Thread 0x0000000002480800 Implicit null exception at 0x0000000002861f22 to 0x000000000286201a
Event: 2.914 Thread 0x0000000002480800 Implicit null exception at 0x00000000029b4ce8 to 0x00000000029b5845

Events (10 events):
Event: 10.353 Thread 0x0000000002480800 DEOPT UNPACKING pc=0x00000000025c582a sp=0x00000000020fe648 mode 2
Event: 10.354 Thread 0x0000000002480800 Uncommon trap: trap_request=0xffffffde fr.pc=0x0000000002e62460
Event: 10.354 Thread 0x0000000002480800 DEOPT PACKING pc=0x0000000002e62460 sp=0x00000000020fe680
Event: 10.354 Thread 0x0000000002480800 DEOPT UNPACKING pc=0x00000000025c582a sp=0x00000000020fe648 mode 2
Event: 10.354 Thread 0x0000000002480800 Uncommon trap: trap_request=0xffffffde fr.pc=0x0000000002e62460
Event: 10.354 Thread 0x0000000002480800 DEOPT PACKING pc=0x0000000002e62460 sp=0x00000000020fe680
Event: 10.354 Thread 0x0000000002480800 DEOPT UNPACKING pc=0x00000000025c582a sp=0x00000000020fe648 mode 2
Event: 10.354 Thread 0x0000000002480800 Uncommon trap: trap_request=0xffffffde fr.pc=0x0000000002e62460
Event: 10.354 Thread 0x0000000002480800 DEOPT PACKING pc=0x0000000002e62460 sp=0x00000000020fe680
Event: 10.354 Thread 0x0000000002480800 DEOPT UNPACKING pc=0x00000000025c582a sp=0x00000000020fe648 mode 2


Dynamic libraries:
0x00007ff7d4340000 - 0x00007ff7d4377000 	C:\Program Files\Java\jdk1.8.0_91\bin\java.exe
0x00007ff9865e0000 - 0x00007ff9867a1000 	C:\Windows\SYSTEM32\ntdll.dll
0x00007ff9862a0000 - 0x00007ff98634d000 	C:\Windows\system32\KERNEL32.DLL
0x00007ff9836d0000 - 0x00007ff9838b8000 	C:\Windows\system32\KERNELBASE.dll
0x00007ff9845c0000 - 0x00007ff984667000 	C:\Windows\system32\ADVAPI32.dll
0x00007ff983ba0000 - 0x00007ff983c3d000 	C:\Windows\system32\msvcrt.dll
0x00007ff984840000 - 0x00007ff98489b000 	C:\Windows\system32\sechost.dll
0x00007ff9842d0000 - 0x00007ff9843ec000 	C:\Windows\system32\RPCRT4.dll
0x00007ff984460000 - 0x00007ff9845b6000 	C:\Windows\system32\USER32.dll
0x00007ff983fd0000 - 0x00007ff984156000 	C:\Windows\system32\GDI32.dll
0x00007ff97e6d0000 - 0x00007ff97e944000 	C:\Windows\WinSxS\amd64_microsoft.windows.common-controls_6595b64144ccf1df_6.0.10586.0_none_8c15ae12515e1c22\COMCTL32.dll
0x00007ff986360000 - 0x00007ff9865dd000 	C:\Windows\system32\combase.dll
0x00007ff9838c0000 - 0x00007ff98392a000 	C:\Windows\system32\bcryptPrimitives.dll
0x00007ff984230000 - 0x00007ff98426b000 	C:\Windows\system32\IMM32.DLL
0x000000006be70000 - 0x000000006bf42000 	C:\Program Files\Java\jdk1.8.0_91\jre\bin\msvcr100.dll
0x000000006b5d0000 - 0x000000006be63000 	C:\Program Files\Java\jdk1.8.0_91\jre\bin\server\jvm.dll
0x00007ff985e00000 - 0x00007ff985e08000 	C:\Windows\system32\PSAPI.DLL
0x00007ff970d70000 - 0x00007ff970d79000 	C:\Windows\SYSTEM32\WSOCK32.dll
0x00007ff9843f0000 - 0x00007ff98445b000 	C:\Windows\system32\WS2_32.dll
0x00007ff980f40000 - 0x00007ff980f63000 	C:\Windows\SYSTEM32\WINMM.dll
0x00007ff97e990000 - 0x00007ff97e99a000 	C:\Windows\SYSTEM32\VERSION.dll
0x00007ff980e20000 - 0x00007ff980e4c000 	C:\Windows\SYSTEM32\WINMMBASE.dll
0x00007ff983540000 - 0x00007ff983583000 	C:\Windows\system32\cfgmgr32.dll
0x000000006b5c0000 - 0x000000006b5cf000 	C:\Program Files\Java\jdk1.8.0_91\jre\bin\verify.dll
0x000000006b590000 - 0x000000006b5b9000 	C:\Program Files\Java\jdk1.8.0_91\jre\bin\java.dll
0x000000006b570000 - 0x000000006b586000 	C:\Program Files\Java\jdk1.8.0_91\jre\bin\zip.dll
0x00007ff9848a0000 - 0x00007ff985dfc000 	C:\Windows\system32\SHELL32.dll
0x00007ff982d20000 - 0x00007ff983364000 	C:\Windows\system32\windows.storage.dll
0x00007ff986240000 - 0x00007ff986292000 	C:\Windows\system32\shlwapi.dll
0x00007ff982c50000 - 0x00007ff982c5f000 	C:\Windows\system32\kernel.appcore.dll
0x00007ff983590000 - 0x00007ff983645000 	C:\Windows\system32\shcore.dll
0x00007ff982c00000 - 0x00007ff982c4b000 	C:\Windows\system32\powrprof.dll
0x00007ff982c60000 - 0x00007ff982c74000 	C:\Windows\system32\profapi.dll

VM Arguments:
jvm_args: -Djava.awt.headless=true -Xmx1024M -Dfile.encoding=windows-31j -Duser.country=JP -Duser.language=ja -Duser.variant 
java_command: com.android.dx.command.Main --dex --force-jumbo --multi-dex --output C:\Users\si\AndroidStudioProjects\Test_EN_Revolution\app\build\intermediates\transforms\dex\debug\folders\1000\5\slice_4 C:\Users\si\AndroidStudioProjects\Test_EN_Revolution\app\build\intermediates\transforms\instantRunSlicer\debug\folders\1\5\slice_4
java_class_path (initial): C:\Users\si\AppData\Local\Android\sdk\build-tools\21.1.1\lib\dx.jar
Launcher Type: SUN_STANDARD

Environment Variables:
PATH=C:\ProgramData\Oracle\Java\javapath;C:\Windows\system32;C:\Windows;C:\Windows\System32\Wbem;C:\Windows\System32\WindowsPowerShell\v1.0\;C:\Program Files\Intel\WiFi\bin\;C:\Program Files\Common Files\Intel\WirelessCommon\;C:\Program Files\Git\cmd;C:\Program Files (x86)\NVIDIA Corporation\PhysX\Common;C:\Program Files\Intel\WiFi\bin\;C:\Program Files\Common Files\Intel\WirelessCommon\
USERNAME=si
OS=Windows_NT
PROCESSOR_IDENTIFIER=Intel64 Family 6 Model 69 Stepping 1, GenuineIntel



---------------  S Y S T E M  ---------------

OS: Windows 10.0 , 64 bit Build 10586 (10.0.10586.0)

CPU:total 4 (2 cores per cpu, 2 threads per core) family 6 model 69 stepping 1, cmov, cx8, fxsr, mmx, sse, sse2, sse3, ssse3, sse4.1, sse4.2, popcnt, avx, avx2, aes, clmul, erms, lzcnt, ht, tsc, tscinvbit, bmi1, bmi2

Memory: 4k page, physical 8269856k(653704k free), swap 9318432k(3280k free)

vm_info: Java HotSpot(TM) 64-Bit Server VM (25.91-b14) for windows-amd64 JRE (1.8.0_91-b14), built on Apr  1 2016 00:58:32 by "java_re" with MS VC++ 10.0 (VS2010)

time: Tue May 24 09:04:14 2016
elapsed time: 10 seconds (0d 0h 0m 10s)

