#
# There is insufficient memory for the Java Runtime Environment to continue.
# Native memory allocation (malloc) failed to allocate 313616 bytes for Chunk::new
# Possible reasons:
#   The system is out of physical RAM or swap space
#   In 32 bit mode, the process size limit was hit
# Possible solutions:
#   Reduce memory load on the system
#   Increase physical memory or swap space
#   Check if swap backing store is full
#   Use 64 bit Java on a 64 bit OS
#   Decrease Java heap size (-Xmx/-Xms)
#   Decrease number of Java threads
#   Decrease Java thread stack sizes (-Xss)
#   Set larger code cache with -XX:ReservedCodeCacheSize=
# This output file may be truncated or incomplete.
#
#  Out of Memory Error (allocation.cpp:390), pid=13824, tid=12428
#
# JRE version: Java(TM) SE Runtime Environment (8.0_71-b15) (build 1.8.0_71-b15)
# Java VM: Java HotSpot(TM) 64-Bit Server VM (25.71-b15 mixed mode windows-amd64 compressed oops)
# Failed to write core dump. Minidumps are not enabled by default on client versions of Windows
#

---------------  T H R E A D  ---------------

Current thread (0x0000000014d44000):  JavaThread "C2 CompilerThread0" daemon [_thread_in_native, id=12428, stack(0x00000000162e0000,0x00000000163e0000)]

Stack: [0x00000000162e0000,0x00000000163e0000]
[error occurred during error reporting (printing stack bounds), id 0xc0000005]

Native frames: (J=compiled Java code, j=interpreted, Vv=VM code, C=native code)


Current CompileTask:
C2:   4106 1558   !   4       com.android.dx.cf.code.BytecodeArray::parseInstruction (2764 bytes)


---------------  P R O C E S S  ---------------

Java Threads: ( => current thread )
  0x0000000016542800 JavaThread "Service Thread" daemon [_thread_blocked, id=13316, stack(0x00000000169e0000,0x0000000016ae0000)]
  0x000000001653c800 JavaThread "C1 CompilerThread2" daemon [_thread_blocked, id=13240, stack(0x00000000168e0000,0x00000000169e0000)]
  0x0000000014d47000 JavaThread "C2 CompilerThread1" daemon [_thread_in_native, id=12924, stack(0x00000000163e0000,0x00000000164e0000)]
=>0x0000000014d44000 JavaThread "C2 CompilerThread0" daemon [_thread_in_native, id=12428, stack(0x00000000162e0000,0x00000000163e0000)]
  0x0000000014cfe800 JavaThread "Attach Listener" daemon [_thread_blocked, id=12852, stack(0x00000000161e0000,0x00000000162e0000)]
  0x0000000014cfe000 JavaThread "Signal Dispatcher" daemon [_thread_blocked, id=13344, stack(0x00000000160e0000,0x00000000161e0000)]
  0x0000000002581000 JavaThread "Finalizer" daemon [_thread_blocked, id=12460, stack(0x0000000015f50000,0x0000000016050000)]
  0x000000000257e000 JavaThread "Reference Handler" daemon [_thread_blocked, id=13048, stack(0x0000000015e50000,0x0000000015f50000)]
  0x0000000002490800 JavaThread "main" [_thread_in_Java, id=14328, stack(0x0000000002000000,0x0000000002100000)]

Other Threads:
  0x0000000014cb8000 VMThread [stack: 0x0000000015d50000,0x0000000015e50000] [id=14276]
  0x0000000016593800 WatcherThread [stack: 0x0000000016ae0000,0x0000000016be0000] [id=12496]

VM state:not at safepoint (normal execution)

VM Mutex/Monitor currently owned by a thread: None

Heap:
 PSYoungGen      total 38400K, used 22995K [0x00000000eab00000, 0x00000000ef600000, 0x0000000100000000)
  eden space 33280K, 53% used [0x00000000eab00000,0x00000000ebc7af90,0x00000000ecb80000)
  from space 5120K, 99% used [0x00000000ed080000,0x00000000ed579d08,0x00000000ed580000)
  to   space 5120K, 0% used [0x00000000ecb80000,0x00000000ecb80000,0x00000000ed080000)
 ParOldGen       total 87552K, used 6130K [0x00000000c0000000, 0x00000000c5580000, 0x00000000eab00000)
  object space 87552K, 7% used [0x00000000c0000000,0x00000000c05fc9d8,0x00000000c5580000)
 Metaspace       used 6011K, capacity 7088K, committed 7296K, reserved 1056768K
  class space    used 587K, capacity 616K, committed 640K, reserved 1048576K

Card table byte_map: [0x00000000119e0000,0x0000000011bf0000] byte_map_base: 0x00000000113e0000

Marking Bits: (ParMarkBitMap*) 0x00000000726bf600
 Begin Bits: [0x0000000012150000, 0x0000000013150000)
 End Bits:   [0x0000000013150000, 0x0000000014150000)

Polling page: 0x00000000009b0000

CodeCache: size=245760Kb used=7283Kb max_used=7283Kb free=238476Kb
 bounds [0x0000000002620000, 0x0000000002d50000, 0x0000000011620000]
 total_blobs=1879 nmethods=1612 adapters=180
 compilation: enabled

Compilation events (10 events):
Event: 4.084 Thread 0x000000001653c800 1628       2       com.android.dx.cf.attrib.InnerClassList$Item::<init> (40 bytes)
Event: 4.084 Thread 0x000000001653c800 nmethod 1628 0x0000000002d3e1d0 code [0x0000000002d3e340, 0x0000000002d3e588]
Event: 4.084 Thread 0x000000001653c800 1629       2       com.android.dx.cf.attrib.InnerClassList::get (9 bytes)
Event: 4.084 Thread 0x000000001653c800 nmethod 1629 0x0000000002d3dd90 code [0x0000000002d3df00, 0x0000000002d3e0a8]
Event: 4.086 Thread 0x000000001653c800 1631       2       com.android.dx.rop.type.Type::asUninitialized (140 bytes)
Event: 4.087 Thread 0x000000001653c800 nmethod 1631 0x0000000002d43350 code [0x0000000002d435c0, 0x0000000002d44058]
Event: 4.087 Thread 0x000000001653c800 1632       2       com.android.dx.cf.code.ExecutionStack::makeInitialized (51 bytes)
Event: 4.087 Thread 0x000000001653c800 nmethod 1632 0x0000000002d35f90 code [0x0000000002d36120, 0x0000000002d364b8]
Event: 4.097 Thread 0x000000001653c800 1633       2       com.android.dx.dex.code.TargetInsn::<init> (29 bytes)
Event: 4.098 Thread 0x000000001653c800 nmethod 1633 0x0000000002d44790 code [0x0000000002d44900, 0x0000000002d44b58]

GC Heap History (4 events):
Event: 2.902 GC heap before
{Heap before GC invocations=1 (full 0):
 PSYoungGen      total 38400K, used 33280K [0x00000000eab00000, 0x00000000ed580000, 0x0000000100000000)
  eden space 33280K, 100% used [0x00000000eab00000,0x00000000ecb80000,0x00000000ecb80000)
  from space 5120K, 0% used [0x00000000ed080000,0x00000000ed080000,0x00000000ed580000)
  to   space 5120K, 0% used [0x00000000ecb80000,0x00000000ecb80000,0x00000000ed080000)
 ParOldGen       total 87552K, used 0K [0x00000000c0000000, 0x00000000c5580000, 0x00000000eab00000)
  object space 87552K, 0% used [0x00000000c0000000,0x00000000c0000000,0x00000000c5580000)
 Metaspace       used 5770K, capacity 6960K, committed 7040K, reserved 1056768K
  class space    used 563K, capacity 616K, committed 640K, reserved 1048576K
Event: 2.917 GC heap after
Heap after GC invocations=1 (full 0):
 PSYoungGen      total 38400K, used 5094K [0x00000000eab00000, 0x00000000ed580000, 0x0000000100000000)
  eden space 33280K, 0% used [0x00000000eab00000,0x00000000eab00000,0x00000000ecb80000)
  from space 5120K, 99% used [0x00000000ecb80000,0x00000000ed079b60,0x00000000ed080000)
  to   space 5120K, 0% used [0x00000000ed080000,0x00000000ed080000,0x00000000ed580000)
 ParOldGen       total 87552K, used 1486K [0x00000000c0000000, 0x00000000c5580000, 0x00000000eab00000)
  object space 87552K, 1% used [0x00000000c0000000,0x00000000c0173ad8,0x00000000c5580000)
 Metaspace       used 5770K, capacity 6960K, committed 7040K, reserved 1056768K
  class space    used 563K, capacity 616K, committed 640K, reserved 1048576K
}
Event: 3.760 GC heap before
{Heap before GC invocations=2 (full 0):
 PSYoungGen      total 38400K, used 38374K [0x00000000eab00000, 0x00000000ed580000, 0x0000000100000000)
  eden space 33280K, 100% used [0x00000000eab00000,0x00000000ecb80000,0x00000000ecb80000)
  from space 5120K, 99% used [0x00000000ecb80000,0x00000000ed079b60,0x00000000ed080000)
  to   space 5120K, 0% used [0x00000000ed080000,0x00000000ed080000,0x00000000ed580000)
 ParOldGen       total 87552K, used 1486K [0x00000000c0000000, 0x00000000c5580000, 0x00000000eab00000)
  object space 87552K, 1% used [0x00000000c0000000,0x00000000c0173ad8,0x00000000c5580000)
 Metaspace       used 5994K, capacity 7024K, committed 7296K, reserved 1056768K
  class space    used 587K, capacity 616K, committed 640K, reserved 1048576K
Event: 3.777 GC heap after
Heap after GC invocations=2 (full 0):
 PSYoungGen      total 38400K, used 5095K [0x00000000eab00000, 0x00000000ef600000, 0x0000000100000000)
  eden space 33280K, 0% used [0x00000000eab00000,0x00000000eab00000,0x00000000ecb80000)
  from space 5120K, 99% used [0x00000000ed080000,0x00000000ed579d08,0x00000000ed580000)
  to   space 5120K, 0% used [0x00000000ecb80000,0x00000000ecb80000,0x00000000ed080000)
 ParOldGen       total 87552K, used 6130K [0x00000000c0000000, 0x00000000c5580000, 0x00000000eab00000)
  object space 87552K, 7% used [0x00000000c0000000,0x00000000c05fc9d8,0x00000000c5580000)
 Metaspace       used 5994K, capacity 7024K, committed 7296K, reserved 1056768K
  class space    used 587K, capacity 616K, committed 640K, reserved 1048576K
}

Deoptimization events (10 events):
Event: 3.541 Thread 0x0000000002490800 Uncommon trap: reason=unstable_if action=reinterpret pc=0x0000000002a5ca7c method=com.android.dx.util.IntList.binarysearch(I)I @ 105
Event: 3.562 Thread 0x0000000002490800 Uncommon trap: reason=class_check action=maybe_recompile pc=0x0000000002c909e8 method=com.android.dx.cf.code.BytecodeArray.parseInstruction(ILcom/android/dx/cf/code/BytecodeArray$Visitor;)I @ 1287
Event: 3.562 Thread 0x0000000002490800 Uncommon trap: reason=bimorphic action=maybe_recompile pc=0x0000000002b4c8d0 method=com.android.dx.ssa.LiteralOpUpgrader.tryReplacingWithConstant(Lcom/android/dx/ssa/NormalSsaInsn;)Z @ 52
Event: 3.580 Thread 0x0000000002490800 Uncommon trap: reason=unstable_if action=reinterpret pc=0x0000000002b095e4 method=java.util.HashMap.putVal(ILjava/lang/Object;Ljava/lang/Object;ZZ)Ljava/lang/Object; @ 109
Event: 3.619 Thread 0x0000000002490800 Uncommon trap: reason=unstable_if action=reinterpret pc=0x0000000002cabc40 method=com.android.dx.ssa.LiteralOpUpgrader$1.visitNonMoveInsn(Lcom/android/dx/ssa/NormalSsaInsn;)V @ 24
Event: 3.714 Thread 0x0000000002490800 Uncommon trap: reason=class_check action=maybe_recompile pc=0x0000000002c909e8 method=com.android.dx.cf.code.BytecodeArray.parseInstruction(ILcom/android/dx/cf/code/BytecodeArray$Visitor;)I @ 1287
Event: 3.714 Thread 0x0000000002490800 Uncommon trap: reason=class_check action=maybe_recompile pc=0x0000000002c909e8 method=com.android.dx.cf.code.BytecodeArray.parseInstruction(ILcom/android/dx/cf/code/BytecodeArray$Visitor;)I @ 1287
Event: 3.714 Thread 0x0000000002490800 Uncommon trap: reason=class_check action=maybe_recompile pc=0x0000000002c909e8 method=com.android.dx.cf.code.BytecodeArray.parseInstruction(ILcom/android/dx/cf/code/BytecodeArray$Visitor;)I @ 1287
Event: 3.797 Thread 0x0000000002490800 Uncommon trap: reason=unstable_if action=reinterpret pc=0x0000000002c008f8 method=com.android.dx.util.BitIntSet.has(I)Z @ 8
Event: 3.923 Thread 0x0000000002490800 Uncommon trap: reason=bimorphic action=maybe_recompile pc=0x0000000002d10cac method=com.android.dx.ssa.LiteralOpUpgrader.tryReplacingWithConstant(Lcom/android/dx/ssa/NormalSsaInsn;)Z @ 62

Internal exceptions (7 events):
Event: 0.230 Thread 0x0000000002490800 Exception <a 'java/lang/NoSuchMethodError': Method sun.misc.Unsafe.defineClass(Ljava/lang/String;[BII)Ljava/lang/Class; name or signature does not match> (0x00000000eab130d0) thrown at [C:\re\workspace\8-2-build-windows-amd64-cygwin\jdk8u71\5731\hotspot\srãkNfÍ?
Event: 0.230 Thread 0x0000000002490800 Exception <a 'java/lang/NoSuchMethodError': Method sun.misc.Unsafe.prefetchRead(Ljava/lang/Object;J)V name or signature does not match> (0x00000000eab133b8) thrown at [C:\re\workspace\8-2-build-windows-amd64-cygwin\jdk8u71\5731\hotspot\src\share\vm\prims\jR6”6Pßú?
Event: 1.680 Thread 0x0000000002490800 Implicit null exception at 0x00000000029483a2 to 0x00000000029484a9
Event: 3.117 Thread 0x0000000002490800 Exception <a 'java/lang/ArrayIndexOutOfBoundsException': 18> (0x00000000eb0eae70) thrown at [C:\re\workspace\8-2-build-windows-amd64-cygwin\jdk8u71\5731\hotspot\src\share\vm\interpreter\interpreterRuntime.cpp, line 366]
Event: 3.117 Thread 0x0000000002490800 Exception <a 'java/lang/ArrayIndexOutOfBoundsException'> (0x00000000eb0ec9f0) thrown at [C:\re\workspace\8-2-build-windows-amd64-cygwin\jdk8u71\5731\hotspot\src\share\vm\runtime\sharedRuntime.cpp, line 605]
Event: 3.119 Thread 0x0000000002490800 Exception <a 'java/lang/ArrayIndexOutOfBoundsException'> (0x00000000eb0edcd8) thrown at [C:\re\workspace\8-2-build-windows-amd64-cygwin\jdk8u71\5731\hotspot\src\share\vm\runtime\sharedRuntime.cpp, line 605]
Event: 3.481 Thread 0x0000000002490800 Implicit null exception at 0x00000000028fee68 to 0x0000000002900d45

Events (10 events):
Event: 3.739 loading class com/android/dx/cf/attrib/AttRuntimeVisibleAnnotations
Event: 3.739 loading class com/android/dx/cf/attrib/AttRuntimeVisibleAnnotations done
Event: 3.759 Executing VM operation: ParallelGCFailedAllocation
Event: 3.777 Executing VM operation: ParallelGCFailedAllocation done
Event: 3.797 Thread 0x0000000002490800 Uncommon trap: trap_request=0xffffff65 fr.pc=0x0000000002c008f8
Event: 3.797 Thread 0x0000000002490800 DEOPT PACKING pc=0x0000000002c008f8 sp=0x00000000020fe490
Event: 3.797 Thread 0x0000000002490800 DEOPT UNPACKING pc=0x000000000266582a sp=0x00000000020fe3c8 mode 2
Event: 3.923 Thread 0x0000000002490800 Uncommon trap: trap_request=0xffffffc6 fr.pc=0x0000000002d10cac
Event: 3.923 Thread 0x0000000002490800 DEOPT PACKING pc=0x0000000002d10cac sp=0x00000000020fe400
Event: 3.923 Thread 0x0000000002490800 DEOPT UNPACKING pc=0x000000000266582a sp=0x00000000020fe3c0 mode 2


Dynamic libraries:
0x00007ff70b8e0000 - 0x00007ff70b917000 	C:\Program Files\Java\jdk1.8.0_71\bin\java.exe
0x00007ff906540000 - 0x00007ff906701000 	C:\Windows\SYSTEM32\ntdll.dll
0x00007ff905750000 - 0x00007ff9057fd000 	C:\Windows\system32\KERNEL32.DLL
0x00007ff903000000 - 0x00007ff9031e8000 	C:\Windows\system32\KERNELBASE.dll
0x00007ff9063c0000 - 0x00007ff906467000 	C:\Windows\system32\ADVAPI32.dll
0x00007ff904f30000 - 0x00007ff904fcd000 	C:\Windows\system32\msvcrt.dll
0x00007ff903940000 - 0x00007ff90399b000 	C:\Windows\system32\sechost.dll
0x00007ff905b20000 - 0x00007ff905c3c000 	C:\Windows\system32\RPCRT4.dll
0x00007ff9059c0000 - 0x00007ff905b16000 	C:\Windows\system32\USER32.dll
0x00007ff905240000 - 0x00007ff9053c6000 	C:\Windows\system32\GDI32.dll
0x00007ff8fe070000 - 0x00007ff8fe2e4000 	C:\Windows\WinSxS\amd64_microsoft.windows.common-controls_6595b64144ccf1df_6.0.10586.0_none_8c15ae12515e1c22\COMCTL32.dll
0x00007ff906140000 - 0x00007ff9063bd000 	C:\Windows\system32\combase.dll
0x00007ff902bf0000 - 0x00007ff902c5a000 	C:\Windows\system32\bcryptPrimitives.dll
0x00007ff9050b0000 - 0x00007ff9050eb000 	C:\Windows\system32\IMM32.DLL
0x0000000071580000 - 0x0000000071652000 	C:\Program Files\Java\jdk1.8.0_71\jre\bin\msvcr100.dll
0x0000000071eb0000 - 0x000000007273f000 	C:\Program Files\Java\jdk1.8.0_71\jre\bin\server\jvm.dll
0x00007ff904f20000 - 0x00007ff904f28000 	C:\Windows\system32\PSAPI.DLL
0x00007ff8ef150000 - 0x00007ff8ef159000 	C:\Windows\SYSTEM32\WSOCK32.dll
0x00007ff904fd0000 - 0x00007ff90503b000 	C:\Windows\system32\WS2_32.dll
0x00007ff901160000 - 0x00007ff901183000 	C:\Windows\SYSTEM32\WINMM.dll
0x00007ff8fe2f0000 - 0x00007ff8fe2fa000 	C:\Windows\SYSTEM32\VERSION.dll
0x00007ff900f10000 - 0x00007ff900f3c000 	C:\Windows\SYSTEM32\WINMMBASE.dll
0x00007ff9038f0000 - 0x00007ff903933000 	C:\Windows\system32\cfgmgr32.dll
0x0000000071dc0000 - 0x0000000071dcf000 	C:\Program Files\Java\jdk1.8.0_71\jre\bin\verify.dll
0x0000000071d90000 - 0x0000000071db9000 	C:\Program Files\Java\jdk1.8.0_71\jre\bin\java.dll
0x0000000071d70000 - 0x0000000071d86000 	C:\Program Files\Java\jdk1.8.0_71\jre\bin\zip.dll
0x00007ff9039a0000 - 0x00007ff904efc000 	C:\Windows\system32\SHELL32.dll
0x00007ff9031f0000 - 0x00007ff903834000 	C:\Windows\system32\windows.storage.dll
0x00007ff905580000 - 0x00007ff9055d2000 	C:\Windows\system32\shlwapi.dll
0x00007ff902bb0000 - 0x00007ff902bbf000 	C:\Windows\system32\kernel.appcore.dll
0x00007ff902f40000 - 0x00007ff902ff5000 	C:\Windows\system32\shcore.dll
0x00007ff902b60000 - 0x00007ff902bab000 	C:\Windows\system32\powrprof.dll
0x00007ff902bc0000 - 0x00007ff902bd4000 	C:\Windows\system32\profapi.dll

VM Arguments:
jvm_args: -Djava.awt.headless=true -Xmx1024M -Dfile.encoding=windows-31j -Duser.country=JP -Duser.language=ja -Duser.variant 
java_command: com.android.dx.command.Main --dex --force-jumbo --multi-dex --output C:\Users\si\AndroidStudioProjects\Test_EN_Revolution\app\build\intermediates\transforms\dex\debug\folders\1000\10\com.android.support-appcompat-v7-21.0.3_db37840fee357c1d77c9a114cc94632d489c8e36 C:\Users\si\AndroidStudioProjects\Test_EN_Revolution\app\build\intermediates\exploded-aar\com.android.support\appcompat-v7\21.0.3\jars\classes.jar
java_class_path (initial): C:\Users\si\AppData\Local\Android\sdk\build-tools\21.1.1\lib\dx.jar
Launcher Type: SUN_STANDARD

Environment Variables:
PATH=C:\ProgramData\Oracle\Java\javapath;C:\Windows\system32;C:\Windows;C:\Windows\System32\Wbem;C:\Windows\System32\WindowsPowerShell\v1.0\;C:\Program Files\Intel\WiFi\bin\;C:\Program Files\Common Files\Intel\WirelessCommon\;C:\Program Files\Git\cmd;C:\Program Files (x86)\NVIDIA Corporation\PhysX\Common;C:\Program Files\Intel\WiFi\bin\;C:\Program Files\Common Files\Intel\WirelessCommon\
USERNAME=si
OS=Windows_NT
PROCESSOR_IDENTIFIER=Intel64 Family 6 Model 69 Stepping 1, GenuineIntel



---------------  S Y S T E M  ---------------

OS: Windows 10.0 , 64 bit Build 10586 (10.0.10586.0)

CPU:total 4 (2 cores per cpu, 2 threads per core) family 6 model 69 stepping 1, cmov, cx8, fxsr, mmx, sse, sse2, sse3, ssse3, sse4.1, sse4.2, popcnt, avx, avx2, aes, clmul, erms, lzcnt, ht, tsc, tscinvbit, bmi1, bmi2

Memory: 4k page, physical 8269856k(574436k free), swap 9318432k(5388k free)

vm_info: Java HotSpot(TM) 64-Bit Server VM (25.71-b15) for windows-amd64 JRE (1.8.0_71-b15), built on Dec 22 2015 18:15:55 by "java_re" with MS VC++ 10.0 (VS2010)

time: Mon May 23 12:06:16 2016
elapsed time: 4 seconds (0d 0h 0m 4s)

