#
# There is insufficient memory for the Java Runtime Environment to continue.
# Native memory allocation (malloc) failed to allocate 1061216 bytes for Chunk::new
# Possible reasons:
#   The system is out of physical RAM or swap space
#   In 32 bit mode, the process size limit was hit
# Possible solutions:
#   Reduce memory load on the system
#   Increase physical memory or swap space
#   Check if swap backing store is full
#   Use 64 bit Java on a 64 bit OS
#   Decrease Java heap size (-Xmx/-Xms)
#   Decrease number of Java threads
#   Decrease Java thread stack sizes (-Xss)
#   Set larger code cache with -XX:ReservedCodeCacheSize=
# This output file may be truncated or incomplete.
#
#  Out of Memory Error (allocation.cpp:390), pid=19468, tid=20916
#
# JRE version: Java(TM) SE Runtime Environment (8.0_71-b15) (build 1.8.0_71-b15)
# Java VM: Java HotSpot(TM) 64-Bit Server VM (25.71-b15 mixed mode windows-amd64 compressed oops)
# Failed to write core dump. Minidumps are not enabled by default on client versions of Windows
#

---------------  T H R E A D  ---------------

Current thread (0x0000000014dad800):  JavaThread "C2 CompilerThread0" daemon [_thread_in_native, id=20916, stack(0x0000000016280000,0x0000000016380000)]

Stack: [0x0000000016280000,0x0000000016380000]
[error occurred during error reporting (printing stack bounds), id 0xc0000005]

Native frames: (J=compiled Java code, j=interpreted, Vv=VM code, C=native code)


Current CompileTask:
C2:   9512 1303   !   4       com.android.dx.cf.code.Ropper::processBlock (1101 bytes)


---------------  P R O C E S S  ---------------

Java Threads: ( => current thread )
  0x00000000163d9000 JavaThread "Service Thread" daemon [_thread_blocked, id=21292, stack(0x0000000016980000,0x0000000016a80000)]
  0x00000000163d2800 JavaThread "C1 CompilerThread2" daemon [_thread_blocked, id=21184, stack(0x0000000016880000,0x0000000016980000)]
  0x00000000163d0000 JavaThread "C2 CompilerThread1" daemon [_thread_blocked, id=21076, stack(0x0000000016780000,0x0000000016880000)]
=>0x0000000014dad800 JavaThread "C2 CompilerThread0" daemon [_thread_in_native, id=20916, stack(0x0000000016280000,0x0000000016380000)]
  0x0000000014dac000 JavaThread "Attach Listener" daemon [_thread_blocked, id=20948, stack(0x0000000016180000,0x0000000016280000)]
  0x0000000014dab000 JavaThread "Signal Dispatcher" daemon [_thread_blocked, id=20868, stack(0x0000000016080000,0x0000000016180000)]
  0x00000000010e0000 JavaThread "Finalizer" daemon [_thread_blocked, id=13728, stack(0x0000000015ef0000,0x0000000015ff0000)]
  0x00000000010dd000 JavaThread "Reference Handler" daemon [_thread_blocked, id=20648, stack(0x0000000015df0000,0x0000000015ef0000)]
  0x0000000000ff0800 JavaThread "main" [_thread_in_native, id=20452, stack(0x0000000000870000,0x0000000000970000)]

Other Threads:
  0x0000000014d68000 VMThread [stack: 0x0000000015cf0000,0x0000000015df0000] [id=20016]
  0x0000000016424800 WatcherThread [stack: 0x0000000016a80000,0x0000000016b80000] [id=21408]

VM state:not at safepoint (normal execution)

VM Mutex/Monitor currently owned by a thread: None

Heap:
 PSYoungGen      total 71680K, used 47064K [0x00000000eab00000, 0x00000000ef600000, 0x0000000100000000)
  eden space 66560K, 63% used [0x00000000eab00000,0x00000000ed3f6398,0x00000000eec00000)
  from space 5120K, 99% used [0x00000000ef100000,0x00000000ef5ffda0,0x00000000ef600000)
  to   space 5120K, 0% used [0x00000000eec00000,0x00000000eec00000,0x00000000ef100000)
 ParOldGen       total 87552K, used 17906K [0x00000000c0000000, 0x00000000c5580000, 0x00000000eab00000)
  object space 87552K, 20% used [0x00000000c0000000,0x00000000c117c960,0x00000000c5580000)
 Metaspace       used 5442K, capacity 6832K, committed 7040K, reserved 1056768K
  class space    used 546K, capacity 616K, committed 640K, reserved 1048576K

Card table byte_map: [0x0000000001520000,0x0000000001730000] byte_map_base: 0x0000000000f20000

Marking Bits: (ParMarkBitMap*) 0x000000005105f600
 Begin Bits: [0x0000000012400000, 0x0000000013400000)
 End Bits:   [0x0000000013400000, 0x0000000014400000)

Polling page: 0x0000000000530000

CodeCache: size=245760Kb used=5707Kb max_used=5718Kb free=240052Kb
 bounds [0x0000000003400000, 0x00000000039a0000, 0x0000000012400000]
 total_blobs=1567 nmethods=1307 adapters=173
 compilation: enabled

Compilation events (10 events):
Event: 9.431 Thread 0x00000000163d2800 1304       3       com.android.dx.rop.cst.CstLiteral32::equals (35 bytes)
Event: 9.431 Thread 0x00000000163d2800 nmethod 1304 0x000000000398fe50 code [0x000000000398ffc0, 0x0000000003990410]
Event: 9.431 Thread 0x00000000163d0000 1305       4       java.lang.StringBuilder::append (8 bytes)
Event: 9.437 Thread 0x00000000163d0000 nmethod 1305 0x000000000399a190 code [0x000000000399a2e0, 0x000000000399a6b8]
Event: 9.438 Thread 0x00000000163d2800 1306       1       com.android.dx.ssa.SsaMethod::getEntryBlockIndex (5 bytes)
Event: 9.438 Thread 0x00000000163d2800 nmethod 1306 0x000000000398fb90 code [0x000000000398fce0, 0x000000000398fdf0]
Event: 9.440 Thread 0x00000000163d2800 1307       1       com.android.dx.ssa.SsaMethod::getParamWidth (5 bytes)
Event: 9.440 Thread 0x00000000163d2800 nmethod 1307 0x0000000003987790 code [0x00000000039878e0, 0x00000000039879f0]
Event: 9.440 Thread 0x00000000163d0000 1308       4       com.android.dx.ssa.back.FirstFitLocalCombiningAllocator$Alignment$3::nextClearBit (6 bytes)
Event: 9.442 Thread 0x00000000163d0000 nmethod 1308 0x0000000003998850 code [0x00000000039989a0, 0x0000000003998af8]

GC Heap History (4 events):
Event: 4.774 GC heap before
{Heap before GC invocations=1 (full 0):
 PSYoungGen      total 38400K, used 33280K [0x00000000eab00000, 0x00000000ed580000, 0x0000000100000000)
  eden space 33280K, 100% used [0x00000000eab00000,0x00000000ecb80000,0x00000000ecb80000)
  from space 5120K, 0% used [0x00000000ed080000,0x00000000ed080000,0x00000000ed580000)
  to   space 5120K, 0% used [0x00000000ecb80000,0x00000000ecb80000,0x00000000ed080000)
 ParOldGen       total 87552K, used 0K [0x00000000c0000000, 0x00000000c5580000, 0x00000000eab00000)
  object space 87552K, 0% used [0x00000000c0000000,0x00000000c0000000,0x00000000c5580000)
 Metaspace       used 5372K, capacity 6768K, committed 7040K, reserved 1056768K
  class space    used 543K, capacity 616K, committed 640K, reserved 1048576K
Event: 4.922 GC heap after
Heap after GC invocations=1 (full 0):
 PSYoungGen      total 38400K, used 5094K [0x00000000eab00000, 0x00000000ef600000, 0x0000000100000000)
  eden space 33280K, 0% used [0x00000000eab00000,0x00000000eab00000,0x00000000ecb80000)
  from space 5120K, 99% used [0x00000000ecb80000,0x00000000ed079888,0x00000000ed080000)
  to   space 5120K, 0% used [0x00000000ef100000,0x00000000ef100000,0x00000000ef600000)
 ParOldGen       total 87552K, used 9040K [0x00000000c0000000, 0x00000000c5580000, 0x00000000eab00000)
  object space 87552K, 10% used [0x00000000c0000000,0x00000000c08d42b8,0x00000000c5580000)
 Metaspace       used 5372K, capacity 6768K, committed 7040K, reserved 1056768K
  class space    used 543K, capacity 616K, committed 640K, reserved 1048576K
}
Event: 7.669 GC heap before
{Heap before GC invocations=2 (full 0):
 PSYoungGen      total 38400K, used 38374K [0x00000000eab00000, 0x00000000ef600000, 0x0000000100000000)
  eden space 33280K, 100% used [0x00000000eab00000,0x00000000ecb80000,0x00000000ecb80000)
  from space 5120K, 99% used [0x00000000ecb80000,0x00000000ed079888,0x00000000ed080000)
  to   space 5120K, 0% used [0x00000000ef100000,0x00000000ef100000,0x00000000ef600000)
 ParOldGen       total 87552K, used 9040K [0x00000000c0000000, 0x00000000c5580000, 0x00000000eab00000)
  object space 87552K, 10% used [0x00000000c0000000,0x00000000c08d42b8,0x00000000c5580000)
 Metaspace       used 5417K, capacity 6768K, committed 7040K, reserved 1056768K
  class space    used 545K, capacity 616K, committed 640K, reserved 1048576K
Event: 7.719 GC heap after
Heap after GC invocations=2 (full 0):
 PSYoungGen      total 71680K, used 5119K [0x00000000eab00000, 0x00000000ef600000, 0x0000000100000000)
  eden space 66560K, 0% used [0x00000000eab00000,0x00000000eab00000,0x00000000eec00000)
  from space 5120K, 99% used [0x00000000ef100000,0x00000000ef5ffda0,0x00000000ef600000)
  to   space 5120K, 0% used [0x00000000eec00000,0x00000000eec00000,0x00000000ef100000)
 ParOldGen       total 87552K, used 17906K [0x00000000c0000000, 0x00000000c5580000, 0x00000000eab00000)
  object space 87552K, 20% used [0x00000000c0000000,0x00000000c117c960,0x00000000c5580000)
 Metaspace       used 5417K, capacity 6768K, committed 7040K, reserved 1056768K
  class space    used 545K, capacity 616K, committed 640K, reserved 1048576K
}

Deoptimization events (10 events):
Event: 9.242 Thread 0x0000000000ff0800 Uncommon trap: reason=unstable_if action=reinterpret pc=0x000000000384c7ac method=com.android.dx.rop.code.RegisterSpecSet.put(Lcom/android/dx/rop/code/RegisterSpec;)V @ 77
Event: 9.244 Thread 0x0000000000ff0800 Uncommon trap: reason=unstable_if action=reinterpret pc=0x00000000038e6730 method=com.android.dx.rop.code.RegisterSpecSet.put(Lcom/android/dx/rop/code/RegisterSpec;)V @ 77
Event: 9.244 Thread 0x0000000000ff0800 Uncommon trap: reason=unstable_if action=reinterpret pc=0x00000000038e3f44 method=com.android.dx.rop.code.RegisterSpecSet.put(Lcom/android/dx/rop/code/RegisterSpec;)V @ 77
Event: 9.282 Thread 0x0000000000ff0800 Uncommon trap: reason=unstable_if action=reinterpret pc=0x00000000037e056c method=java.util.HashMap.putVal(ILjava/lang/Object;Ljava/lang/Object;ZZ)Ljava/lang/Object; @ 94
Event: 9.282 Thread 0x0000000000ff0800 Uncommon trap: reason=unstable_if action=reinterpret pc=0x00000000037e36c0 method=java.util.HashMap.putVal(ILjava/lang/Object;Ljava/lang/Object;ZZ)Ljava/lang/Object; @ 94
Event: 9.292 Thread 0x0000000000ff0800 Uncommon trap: reason=unstable_if action=reinterpret pc=0x00000000039655b4 method=com.android.dx.util.IntList.binarysearch(I)I @ 26
Event: 9.293 Thread 0x0000000000ff0800 Uncommon trap: reason=unstable_if action=reinterpret pc=0x00000000038fab8c method=com.android.dx.dex.code.RopTranslator.outputBlock(Lcom/android/dx/rop/code/BasicBlock;I)V @ 132
Event: 9.294 Thread 0x0000000000ff0800 Uncommon trap: reason=unstable_if action=reinterpret pc=0x00000000038df044 method=com.android.dx.rop.code.RegisterSpecSet.equals(Ljava/lang/Object;)Z @ 41
Event: 9.298 Thread 0x0000000000ff0800 Uncommon trap: reason=unstable_if action=reinterpret pc=0x00000000037e1220 method=com.android.dx.util.IntList.binarysearch(I)I @ 26
Event: 9.302 Thread 0x0000000000ff0800 Uncommon trap: reason=unstable_if action=reinterpret pc=0x00000000039121b8 method=com.android.dx.rop.cst.CstLiteral32.equals(Ljava/lang/Object;)Z @ 12

Internal exceptions (3 events):
Event: 0.122 Thread 0x0000000000ff0800 Exception <a 'java/lang/NoSuchMethodError': Method sun.misc.Unsafe.defineClass(Ljava/lang/String;[BII)Ljava/lang/Class; name or signature does not match> (0x00000000eab130d0) thrown at [C:\re\workspace\8-2-build-windows-amd64-cygwin\jdk8u71\5731\hotspot\sr§ú\“E¿?
Event: 0.122 Thread 0x0000000000ff0800 Exception <a 'java/lang/NoSuchMethodError': Method sun.misc.Unsafe.prefetchRead(Ljava/lang/Object;J)V name or signature does not match> (0x00000000eab133b8) thrown at [C:\re\workspace\8-2-build-windows-amd64-cygwin\jdk8u71\5731\hotspot\src\share\vm\prims\jÐJ,±*4û?
Event: 1.700 Thread 0x0000000000ff0800 Implicit null exception at 0x00000000036945a8 to 0x0000000003696039

Events (10 events):
Event: 9.293 Thread 0x0000000000ff0800 DEOPT UNPACKING pc=0x000000000344582a sp=0x000000000096e8c8 mode 2
Event: 9.294 Thread 0x0000000000ff0800 Uncommon trap: trap_request=0xffffff65 fr.pc=0x00000000038df044
Event: 9.294 Thread 0x0000000000ff0800 DEOPT PACKING pc=0x00000000038df044 sp=0x000000000096e670
Event: 9.294 Thread 0x0000000000ff0800 DEOPT UNPACKING pc=0x000000000344582a sp=0x000000000096e5e0 mode 2
Event: 9.298 Thread 0x0000000000ff0800 Uncommon trap: trap_request=0xffffff65 fr.pc=0x00000000037e1220
Event: 9.298 Thread 0x0000000000ff0800 DEOPT PACKING pc=0x00000000037e1220 sp=0x000000000096e750
Event: 9.298 Thread 0x0000000000ff0800 DEOPT UNPACKING pc=0x000000000344582a sp=0x000000000096e6c8 mode 2
Event: 9.302 Thread 0x0000000000ff0800 Uncommon trap: trap_request=0xffffff65 fr.pc=0x00000000039121b8
Event: 9.302 Thread 0x0000000000ff0800 DEOPT PACKING pc=0x00000000039121b8 sp=0x000000000096e530
Event: 9.302 Thread 0x0000000000ff0800 DEOPT UNPACKING pc=0x000000000344582a sp=0x000000000096e4d0 mode 2


Dynamic libraries:
0x00007ff763520000 - 0x00007ff763557000 	C:\Program Files\Java\jdk1.8.0_71\bin\java.exe
0x00007ffa0ed60000 - 0x00007ffa0ef21000 	C:\Windows\SYSTEM32\ntdll.dll
0x00007ffa0ec90000 - 0x00007ffa0ed3d000 	C:\Windows\system32\KERNEL32.DLL
0x00007ffa0b550000 - 0x00007ffa0b738000 	C:\Windows\system32\KERNELBASE.dll
0x00007ffa0c700000 - 0x00007ffa0c7a7000 	C:\Windows\system32\ADVAPI32.dll
0x00007ffa0e050000 - 0x00007ffa0e0ed000 	C:\Windows\system32\msvcrt.dll
0x00007ffa0dff0000 - 0x00007ffa0e04b000 	C:\Windows\system32\sechost.dll
0x00007ffa0c2e0000 - 0x00007ffa0c3fc000 	C:\Windows\system32\RPCRT4.dll
0x00007ffa0c420000 - 0x00007ffa0c576000 	C:\Windows\system32\USER32.dll
0x00007ffa0c7b0000 - 0x00007ffa0c936000 	C:\Windows\system32\GDI32.dll
0x00007ffa064f0000 - 0x00007ffa06764000 	C:\Windows\WinSxS\amd64_microsoft.windows.common-controls_6595b64144ccf1df_6.0.10586.0_none_8c15ae12515e1c22\COMCTL32.dll
0x00007ffa0ea10000 - 0x00007ffa0ec8d000 	C:\Windows\system32\combase.dll
0x00007ffa0b880000 - 0x00007ffa0b8ea000 	C:\Windows\system32\bcryptPrimitives.dll
0x00007ffa0c170000 - 0x00007ffa0c1ab000 	C:\Windows\system32\IMM32.DLL
0x00000000516c0000 - 0x0000000051792000 	C:\Program Files\Java\jdk1.8.0_71\jre\bin\msvcr100.dll
0x0000000050850000 - 0x00000000510df000 	C:\Program Files\Java\jdk1.8.0_71\jre\bin\server\jvm.dll
0x00007ffa0c400000 - 0x00007ffa0c408000 	C:\Windows\system32\PSAPI.DLL
0x00007ff9f6b10000 - 0x00007ff9f6b19000 	C:\Windows\SYSTEM32\WSOCK32.dll
0x00007ffa0c580000 - 0x00007ffa0c5eb000 	C:\Windows\system32\WS2_32.dll
0x00007ffa09490000 - 0x00007ffa094b3000 	C:\Windows\SYSTEM32\WINMM.dll
0x00007ffa067f0000 - 0x00007ffa067fa000 	C:\Windows\SYSTEM32\VERSION.dll
0x00007ffa09430000 - 0x00007ffa0945c000 	C:\Windows\SYSTEM32\WINMMBASE.dll
0x00007ffa0c110000 - 0x00007ffa0c153000 	C:\Windows\system32\cfgmgr32.dll
0x0000000051b70000 - 0x0000000051b7f000 	C:\Program Files\Java\jdk1.8.0_71\jre\bin\verify.dll
0x0000000051b40000 - 0x0000000051b69000 	C:\Program Files\Java\jdk1.8.0_71\jre\bin\java.dll
0x0000000051b20000 - 0x0000000051b36000 	C:\Program Files\Java\jdk1.8.0_71\jre\bin\zip.dll
0x00007ffa0ca90000 - 0x00007ffa0dfec000 	C:\Windows\system32\SHELL32.dll
0x00007ffa0bac0000 - 0x00007ffa0c104000 	C:\Windows\system32\windows.storage.dll
0x00007ffa0c280000 - 0x00007ffa0c2d2000 	C:\Windows\system32\shlwapi.dll
0x00007ffa0b400000 - 0x00007ffa0b40f000 	C:\Windows\system32\kernel.appcore.dll
0x00007ffa0b740000 - 0x00007ffa0b7f5000 	C:\Windows\system32\shcore.dll
0x00007ffa0b3b0000 - 0x00007ffa0b3fb000 	C:\Windows\system32\powrprof.dll
0x00007ffa0b390000 - 0x00007ffa0b3a4000 	C:\Windows\system32\profapi.dll

VM Arguments:
jvm_args: -Djava.awt.headless=true -Xmx1024M -Dfile.encoding=windows-31j -Duser.country=JP -Duser.language=ja -Duser.variant 
java_command: com.android.dx.command.Main --dex --force-jumbo --multi-dex --output C:\Users\si\AndroidStudioProjects\Test_EN_Revolution\app\build\intermediates\transforms\dex\debug\folders\1000\5\slice_5 C:\Users\si\AndroidStudioProjects\Test_EN_Revolution\app\build\intermediates\transforms\instantRunSlicer\debug\folders\1\5\slice_5
java_class_path (initial): C:\Users\si\AppData\Local\Android\sdk\build-tools\21.1.1\lib\dx.jar
Launcher Type: SUN_STANDARD

Environment Variables:
PATH=C:\ProgramData\Oracle\Java\javapath;C:\Windows\system32;C:\Windows;C:\Windows\System32\Wbem;C:\Windows\System32\WindowsPowerShell\v1.0\;C:\Program Files\Intel\WiFi\bin\;C:\Program Files\Common Files\Intel\WirelessCommon\;C:\Program Files\Git\cmd;C:\Program Files (x86)\NVIDIA Corporation\PhysX\Common;C:\Program Files\Intel\WiFi\bin\;C:\Program Files\Common Files\Intel\WirelessCommon\
USERNAME=si
OS=Windows_NT
PROCESSOR_IDENTIFIER=Intel64 Family 6 Model 69 Stepping 1, GenuineIntel



---------------  S Y S T E M  ---------------

OS: Windows 10.0 , 64 bit Build 10586 (10.0.10586.0)

CPU:total 4 (2 cores per cpu, 2 threads per core) family 6 model 69 stepping 1, cmov, cx8, fxsr, mmx, sse, sse2, sse3, ssse3, sse4.1, sse4.2, popcnt, avx, avx2, aes, clmul, erms, lzcnt, ht, tsc, tscinvbit, bmi1, bmi2

Memory: 4k page, physical 8269856k(481688k free), swap 9318432k(7840k free)

vm_info: Java HotSpot(TM) 64-Bit Server VM (25.71-b15) for windows-amd64 JRE (1.8.0_71-b15), built on Dec 22 2015 18:15:55 by "java_re" with MS VC++ 10.0 (VS2010)

time: Fri May 20 16:32:36 2016
elapsed time: 9 seconds (0d 0h 0m 9s)

