#
# There is insufficient memory for the Java Runtime Environment to continue.
# Native memory allocation (malloc) failed to allocate 984816 bytes for Chunk::new
# Possible reasons:
#   The system is out of physical RAM or swap space
#   In 32 bit mode, the process size limit was hit
# Possible solutions:
#   Reduce memory load on the system
#   Increase physical memory or swap space
#   Check if swap backing store is full
#   Use 64 bit Java on a 64 bit OS
#   Decrease Java heap size (-Xmx/-Xms)
#   Decrease number of Java threads
#   Decrease Java thread stack sizes (-Xss)
#   Set larger code cache with -XX:ReservedCodeCacheSize=
# This output file may be truncated or incomplete.
#
#  Out of Memory Error (allocation.cpp:390), pid=10076, tid=16212
#
# JRE version: Java(TM) SE Runtime Environment (8.0_91-b14) (build 1.8.0_91-b14)
# Java VM: Java HotSpot(TM) 64-Bit Server VM (25.91-b14 mixed mode windows-amd64 compressed oops)
# Failed to write core dump. Minidumps are not enabled by default on client versions of Windows
#

---------------  T H R E A D  ---------------

Current thread (0x0000000014df1000):  JavaThread "C2 CompilerThread0" daemon [_thread_in_native, id=16212, stack(0x00000000162f0000,0x00000000163f0000)]

Stack: [0x00000000162f0000,0x00000000163f0000]
[error occurred during error reporting (printing stack bounds), id 0xc0000005]

Native frames: (J=compiled Java code, j=interpreted, Vv=VM code, C=native code)


Current CompileTask:
C2:   1862 1442       4       com.android.dx.ssa.SCCP::simulateBlock (54 bytes)


---------------  P R O C E S S  ---------------

Java Threads: ( => current thread )
  0x0000000016573000 JavaThread "Service Thread" daemon [_thread_blocked, id=15404, stack(0x00000000169f0000,0x0000000016af0000)]
  0x00000000164f0800 JavaThread "C1 CompilerThread2" daemon [_thread_blocked, id=16240, stack(0x00000000168f0000,0x00000000169f0000)]
  0x0000000014df4800 JavaThread "C2 CompilerThread1" daemon [_thread_in_native, id=16236, stack(0x00000000163f0000,0x00000000164f0000)]
=>0x0000000014df1000 JavaThread "C2 CompilerThread0" daemon [_thread_in_native, id=16212, stack(0x00000000162f0000,0x00000000163f0000)]
  0x0000000014def800 JavaThread "Attach Listener" daemon [_thread_blocked, id=16208, stack(0x00000000161f0000,0x00000000162f0000)]
  0x0000000014dac000 JavaThread "Signal Dispatcher" daemon [_thread_blocked, id=14244, stack(0x00000000160f0000,0x00000000161f0000)]
  0x0000000014d8a000 JavaThread "Finalizer" daemon [_thread_blocked, id=15824, stack(0x0000000015ff0000,0x00000000160f0000)]
  0x00000000011cf000 JavaThread "Reference Handler" daemon [_thread_blocked, id=16008, stack(0x0000000015ef0000,0x0000000015ff0000)]
  0x00000000010e0800 JavaThread "main" [_thread_in_Java, id=15816, stack(0x0000000000fd0000,0x00000000010d0000)]

Other Threads:
  0x0000000014d68000 VMThread [stack: 0x0000000015df0000,0x0000000015ef0000] [id=15952]
  0x00000000165ae000 WatcherThread [stack: 0x0000000016af0000,0x0000000016bf0000] [id=8556]

VM state:not at safepoint (normal execution)

VM Mutex/Monitor currently owned by a thread: None

Heap:
 PSYoungGen      total 38400K, used 20081K [0x00000000eab00000, 0x00000000ef600000, 0x0000000100000000)
  eden space 33280K, 45% used [0x00000000eab00000,0x00000000eb9a05a0,0x00000000ecb80000)
  from space 5120K, 99% used [0x00000000ecb80000,0x00000000ed07c0b8,0x00000000ed080000)
  to   space 5120K, 0% used [0x00000000ef100000,0x00000000ef100000,0x00000000ef600000)
 ParOldGen       total 87552K, used 1765K [0x00000000c0000000, 0x00000000c5580000, 0x00000000eab00000)
  object space 87552K, 2% used [0x00000000c0000000,0x00000000c01b9498,0x00000000c5580000)
 Metaspace       used 5863K, capacity 7024K, committed 7296K, reserved 1056768K
  class space    used 563K, capacity 616K, committed 640K, reserved 1048576K

Card table byte_map: [0x00000000015a0000,0x00000000017b0000] byte_map_base: 0x0000000000fa0000

Marking Bits: (ParMarkBitMap*) 0x000000006bde2f70
 Begin Bits: [0x0000000012400000, 0x0000000013400000)
 End Bits:   [0x0000000013400000, 0x0000000014400000)

Polling page: 0x0000000000820000

CodeCache: size=245760Kb used=6139Kb max_used=6144Kb free=239620Kb
 bounds [0x0000000003400000, 0x0000000003a10000, 0x0000000012400000]
 total_blobs=1710 nmethods=1443 adapters=180
 compilation: enabled

Compilation events (10 events):
Event: 1.746 Thread 0x00000000164f0800 nmethod 1440 0x0000000003a03690 code [0x0000000003a037e0, 0x0000000003a038f0]
Event: 1.775 Thread 0x0000000014df1000 1441       4       com.android.dx.ssa.SsaBasicBlock::<init> (109 bytes)
Event: 1.783 Thread 0x0000000014df1000 nmethod 1441 0x0000000003a01590 code [0x0000000003a01720, 0x0000000003a01db8]
Event: 1.783 Thread 0x0000000014df1000 1442       4       com.android.dx.ssa.SCCP::simulateBlock (54 bytes)
Event: 1.788 Thread 0x00000000164f0800 1446       3       com.android.dx.rop.code.ThrowingInsn::accept (8 bytes)
Event: 1.788 Thread 0x00000000164f0800 nmethod 1446 0x0000000003a01110 code [0x0000000003a01280, 0x0000000003a014a8]
Event: 1.801 Thread 0x00000000164f0800 1450       3       com.android.dx.util.ByteArray::getShort (25 bytes)
Event: 1.801 Thread 0x00000000164f0800 nmethod 1450 0x0000000003a03090 code [0x0000000003a03200, 0x0000000003a034c8]
Event: 1.808 Thread 0x00000000164f0800 1452       3       com.android.dx.dex.file.ValueEncoder::addContents (75 bytes)
Event: 1.809 Thread 0x00000000164f0800 nmethod 1452 0x0000000003a05310 code [0x0000000003a05500, 0x0000000003a06128]

GC Heap History (2 events):
Event: 1.485 GC heap before
{Heap before GC invocations=1 (full 0):
 PSYoungGen      total 38400K, used 33280K [0x00000000eab00000, 0x00000000ed580000, 0x0000000100000000)
  eden space 33280K, 100% used [0x00000000eab00000,0x00000000ecb80000,0x00000000ecb80000)
  from space 5120K, 0% used [0x00000000ed080000,0x00000000ed080000,0x00000000ed580000)
  to   space 5120K, 0% used [0x00000000ecb80000,0x00000000ecb80000,0x00000000ed080000)
 ParOldGen       total 87552K, used 0K [0x00000000c0000000, 0x00000000c5580000, 0x00000000eab00000)
  object space 87552K, 0% used [0x00000000c0000000,0x00000000c0000000,0x00000000c5580000)
 Metaspace       used 5780K, capacity 6960K, committed 7040K, reserved 1056768K
  class space    used 563K, capacity 616K, committed 640K, reserved 1048576K
Event: 1.501 GC heap after
Heap after GC invocations=1 (full 0):
 PSYoungGen      total 38400K, used 5104K [0x00000000eab00000, 0x00000000ef600000, 0x0000000100000000)
  eden space 33280K, 0% used [0x00000000eab00000,0x00000000eab00000,0x00000000ecb80000)
  from space 5120K, 99% used [0x00000000ecb80000,0x00000000ed07c0b8,0x00000000ed080000)
  to   space 5120K, 0% used [0x00000000ef100000,0x00000000ef100000,0x00000000ef600000)
 ParOldGen       total 87552K, used 1765K [0x00000000c0000000, 0x00000000c5580000, 0x00000000eab00000)
  object space 87552K, 2% used [0x00000000c0000000,0x00000000c01b9498,0x00000000c5580000)
 Metaspace       used 5780K, capacity 6960K, committed 7040K, reserved 1056768K
  class space    used 563K, capacity 616K, committed 640K, reserved 1048576K
}

Deoptimization events (10 events):
Event: 0.976 Thread 0x00000000010e0800 Uncommon trap: reason=unstable_if action=reinterpret pc=0x0000000003753538 method=com.android.dx.rop.code.LocalItem.hashCode()I @ 25
Event: 0.976 Thread 0x00000000010e0800 Uncommon trap: reason=unstable_if action=reinterpret pc=0x00000000036e721c method=com.android.dx.rop.code.LocalItem.hashCode()I @ 25
Event: 0.976 Thread 0x00000000010e0800 Uncommon trap: reason=unstable_if action=reinterpret pc=0x000000000376e11c method=com.android.dx.rop.code.LocalItem.hashCode()I @ 25
Event: 1.128 Thread 0x00000000010e0800 Uncommon trap: reason=unstable_if action=reinterpret pc=0x00000000037dc0ec method=com.android.dx.rop.code.RegisterSpecSet.put(Lcom/android/dx/rop/code/RegisterSpec;)V @ 77
Event: 1.128 Thread 0x00000000010e0800 Uncommon trap: reason=unstable_if action=reinterpret pc=0x0000000003809e6c method=com.android.dx.rop.code.RegisterSpecSet.put(Lcom/android/dx/rop/code/RegisterSpec;)V @ 77
Event: 1.155 Thread 0x00000000010e0800 Uncommon trap: reason=unstable_if action=reinterpret pc=0x000000000380cb40 method=com.android.dx.ssa.SsaRenamer$BlockRenamer.addMapping(ILcom/android/dx/rop/code/RegisterSpec;)V @ 120
Event: 1.366 Thread 0x00000000010e0800 Uncommon trap: reason=unstable_if action=reinterpret pc=0x00000000038e9c88 method=com.android.dx.util.IntList.sort()V @ 8
Event: 1.369 Thread 0x00000000010e0800 Uncommon trap: reason=class_check action=maybe_recompile pc=0x00000000036672dc method=com.android.dx.rop.type.Type.equals(Ljava/lang/Object;)Z @ 8
Event: 1.412 Thread 0x00000000010e0800 Uncommon trap: reason=unstable_if action=reinterpret pc=0x00000000036d95dc method=com.android.dx.rop.cst.Constant.compareTo(Lcom/android/dx/rop/cst/Constant;)I @ 12
Event: 1.414 Thread 0x00000000010e0800 Uncommon trap: reason=class_check action=maybe_recompile pc=0x00000000036672dc method=com.android.dx.rop.type.Type.equals(Ljava/lang/Object;)Z @ 8

Internal exceptions (2 events):
Event: 0.029 Thread 0x00000000010e0800 Exception <a 'java/lang/NoSuchMethodError': Method sun.misc.Unsafe.defineClass(Ljava/lang/String;[BII)Ljava/lang/Class; name or signature does not match> (0x00000000eab07cc0) thrown at [C:\re\workspace\8-2-build-windows-amd64-cygwin\jdk8u91\6644\hotspot\srÊdwÕù?
Event: 0.029 Thread 0x00000000010e0800 Exception <a 'java/lang/NoSuchMethodError': Method sun.misc.Unsafe.prefetchRead(Ljava/lang/Object;J)V name or signature does not match> (0x00000000eab07fa8) thrown at [C:\re\workspace\8-2-build-windows-amd64-cygwin\jdk8u91\6644\hotspot\src\share\vm\prims\j

Events (10 events):
Event: 1.369 Thread 0x00000000010e0800 DEOPT PACKING pc=0x00000000036672dc sp=0x00000000010cd790
Event: 1.369 Thread 0x00000000010e0800 DEOPT UNPACKING pc=0x000000000344582a sp=0x00000000010cd508 mode 2
Event: 1.412 Thread 0x00000000010e0800 Uncommon trap: trap_request=0xffffff65 fr.pc=0x00000000036d95dc
Event: 1.412 Thread 0x00000000010e0800 DEOPT PACKING pc=0x00000000036d95dc sp=0x00000000010ce0f0
Event: 1.412 Thread 0x00000000010e0800 DEOPT UNPACKING pc=0x000000000344582a sp=0x00000000010ce090 mode 2
Event: 1.414 Thread 0x00000000010e0800 Uncommon trap: trap_request=0xffffffde fr.pc=0x00000000036672dc
Event: 1.414 Thread 0x00000000010e0800 DEOPT PACKING pc=0x00000000036672dc sp=0x00000000010ce440
Event: 1.414 Thread 0x00000000010e0800 DEOPT UNPACKING pc=0x000000000344582a sp=0x00000000010ce1b8 mode 2
Event: 1.485 Executing VM operation: ParallelGCFailedAllocation
Event: 1.501 Executing VM operation: ParallelGCFailedAllocation done


Dynamic libraries:
0x00007ff7d4340000 - 0x00007ff7d4377000 	C:\Program Files\Java\jdk1.8.0_91\bin\java.exe
0x00007ff9865e0000 - 0x00007ff9867a1000 	C:\Windows\SYSTEM32\ntdll.dll
0x00007ff9862a0000 - 0x00007ff98634d000 	C:\Windows\system32\KERNEL32.DLL
0x00007ff9836d0000 - 0x00007ff9838b8000 	C:\Windows\system32\KERNELBASE.dll
0x00007ff9845c0000 - 0x00007ff984667000 	C:\Windows\system32\ADVAPI32.dll
0x00007ff983ba0000 - 0x00007ff983c3d000 	C:\Windows\system32\msvcrt.dll
0x00007ff984840000 - 0x00007ff98489b000 	C:\Windows\system32\sechost.dll
0x00007ff9842d0000 - 0x00007ff9843ec000 	C:\Windows\system32\RPCRT4.dll
0x00007ff984460000 - 0x00007ff9845b6000 	C:\Windows\system32\USER32.dll
0x00007ff983fd0000 - 0x00007ff984156000 	C:\Windows\system32\GDI32.dll
0x00007ff97e6d0000 - 0x00007ff97e944000 	C:\Windows\WinSxS\amd64_microsoft.windows.common-controls_6595b64144ccf1df_6.0.10586.0_none_8c15ae12515e1c22\COMCTL32.dll
0x00007ff986360000 - 0x00007ff9865dd000 	C:\Windows\system32\combase.dll
0x00007ff9838c0000 - 0x00007ff98392a000 	C:\Windows\system32\bcryptPrimitives.dll
0x00007ff984230000 - 0x00007ff98426b000 	C:\Windows\system32\IMM32.DLL
0x000000006be70000 - 0x000000006bf42000 	C:\Program Files\Java\jdk1.8.0_91\jre\bin\msvcr100.dll
0x000000006b5d0000 - 0x000000006be63000 	C:\Program Files\Java\jdk1.8.0_91\jre\bin\server\jvm.dll
0x00007ff985e00000 - 0x00007ff985e08000 	C:\Windows\system32\PSAPI.DLL
0x00007ff980f40000 - 0x00007ff980f63000 	C:\Windows\SYSTEM32\WINMM.dll
0x00007ff97e990000 - 0x00007ff97e99a000 	C:\Windows\SYSTEM32\VERSION.dll
0x00007ff980e20000 - 0x00007ff980e4c000 	C:\Windows\SYSTEM32\WINMMBASE.dll
0x00007ff970d70000 - 0x00007ff970d79000 	C:\Windows\SYSTEM32\WSOCK32.dll
0x00007ff983540000 - 0x00007ff983583000 	C:\Windows\system32\cfgmgr32.dll
0x00007ff9843f0000 - 0x00007ff98445b000 	C:\Windows\system32\WS2_32.dll
0x000000006b5c0000 - 0x000000006b5cf000 	C:\Program Files\Java\jdk1.8.0_91\jre\bin\verify.dll
0x000000006b590000 - 0x000000006b5b9000 	C:\Program Files\Java\jdk1.8.0_91\jre\bin\java.dll
0x000000006b570000 - 0x000000006b586000 	C:\Program Files\Java\jdk1.8.0_91\jre\bin\zip.dll
0x00007ff9848a0000 - 0x00007ff985dfc000 	C:\Windows\system32\SHELL32.dll
0x00007ff982d20000 - 0x00007ff983364000 	C:\Windows\system32\windows.storage.dll
0x00007ff986240000 - 0x00007ff986292000 	C:\Windows\system32\shlwapi.dll
0x00007ff982c50000 - 0x00007ff982c5f000 	C:\Windows\system32\kernel.appcore.dll
0x00007ff983590000 - 0x00007ff983645000 	C:\Windows\system32\shcore.dll
0x00007ff982c00000 - 0x00007ff982c4b000 	C:\Windows\system32\powrprof.dll
0x00007ff982c60000 - 0x00007ff982c74000 	C:\Windows\system32\profapi.dll

VM Arguments:
jvm_args: -Djava.awt.headless=true -Xmx1024M -Dfile.encoding=windows-31j -Duser.country=JP -Duser.language=ja -Duser.variant 
java_command: com.android.dx.command.Main --dex --force-jumbo --multi-dex --output C:\Users\si\AndroidStudioProjects\Test_EN_Revolution\app\build\intermediates\transforms\dex\debug\folders\1000\10\internal_impl-21.0.3_1403c78ccc1dc0faf14e2fac9baf6e5a1ee3c4ff C:\Users\si\AndroidStudioProjects\Test_EN_Revolution\app\build\intermediates\exploded-aar\com.android.support\support-v4\21.0.3\jars\libs\internal_impl-21.0.3.jar
java_class_path (initial): C:\Users\si\AppData\Local\Android\sdk\build-tools\21.1.1\lib\dx.jar
Launcher Type: SUN_STANDARD

Environment Variables:
PATH=C:\ProgramData\Oracle\Java\javapath;C:\Windows\system32;C:\Windows;C:\Windows\System32\Wbem;C:\Windows\System32\WindowsPowerShell\v1.0\;C:\Program Files\Intel\WiFi\bin\;C:\Program Files\Common Files\Intel\WirelessCommon\;C:\Program Files\Git\cmd;C:\Program Files (x86)\NVIDIA Corporation\PhysX\Common;C:\Program Files\Intel\WiFi\bin\;C:\Program Files\Common Files\Intel\WirelessCommon\
USERNAME=si
OS=Windows_NT
PROCESSOR_IDENTIFIER=Intel64 Family 6 Model 69 Stepping 1, GenuineIntel



---------------  S Y S T E M  ---------------

OS: Windows 10.0 , 64 bit Build 10586 (10.0.10586.0)

CPU:total 4 (2 cores per cpu, 2 threads per core) family 6 model 69 stepping 1, cmov, cx8, fxsr, mmx, sse, sse2, sse3, ssse3, sse4.1, sse4.2, popcnt, avx, avx2, aes, clmul, erms, lzcnt, ht, tsc, tscinvbit, bmi1, bmi2

Memory: 4k page, physical 8269856k(626320k free), swap 9318432k(7448k free)

vm_info: Java HotSpot(TM) 64-Bit Server VM (25.91-b14) for windows-amd64 JRE (1.8.0_91-b14), built on Apr  1 2016 00:58:32 by "java_re" with MS VC++ 10.0 (VS2010)

time: Tue May 24 09:00:05 2016
elapsed time: 1 seconds (0d 0h 0m 1s)

