#
# There is insufficient memory for the Java Runtime Environment to continue.
# Native memory allocation (malloc) failed to allocate 1048576 bytes for AllocateHeap
# Possible reasons:
#   The system is out of physical RAM or swap space
#   In 32 bit mode, the process size limit was hit
# Possible solutions:
#   Reduce memory load on the system
#   Increase physical memory or swap space
#   Check if swap backing store is full
#   Use 64 bit Java on a 64 bit OS
#   Decrease Java heap size (-Xmx/-Xms)
#   Decrease number of Java threads
#   Decrease Java thread stack sizes (-Xss)
#   Set larger code cache with -XX:ReservedCodeCacheSize=
# This output file may be truncated or incomplete.
#
#  Out of Memory Error (memory/allocation.inline.hpp:61), pid=8824, tid=22016
#
# JRE version:  (8.0_71-b15) (build )
# Java VM: Java HotSpot(TM) 64-Bit Server VM (25.71-b15 mixed mode windows-amd64 compressed oops)
# Failed to write core dump. Minidumps are not enabled by default on client versions of Windows
#

---------------  T H R E A D  ---------------

Current thread (0x00000000024c0800):  JavaThread "Unknown thread" [_thread_in_vm, id=22016, stack(0x0000000001e60000,0x0000000001f60000)]

Stack: [0x0000000001e60000,0x0000000001f60000]
[error occurred during error reporting (printing stack bounds), id 0xc0000005]

Native frames: (J=compiled Java code, j=interpreted, Vv=VM code, C=native code)


---------------  P R O C E S S  ---------------

Java Threads: ( => current thread )

Other Threads:

=>0x00000000024c0800 (exited) JavaThread "Unknown thread" [_thread_in_vm, id=22016, stack(0x0000000001e60000,0x0000000001f60000)]

VM state:not at safepoint (normal execution)

VM Mutex/Monitor currently owned by a thread: None

Heap:
 PSYoungGen      total 38400K, used 665K [0x00000000eab00000, 0x00000000ed580000, 0x0000000100000000)
  eden space 33280K, 2% used [0x00000000eab00000,0x00000000eaba6670,0x00000000ecb80000)
  from space 5120K, 0% used [0x00000000ed080000,0x00000000ed080000,0x00000000ed580000)
  to   space 5120K, 0% used [0x00000000ecb80000,0x00000000ecb80000,0x00000000ed080000)
 ParOldGen       total 87552K, used 0K [0x00000000c0000000, 0x00000000c5580000, 0x00000000eab00000)
  object space 87552K, 0% used [0x00000000c0000000,0x00000000c0000000,0x00000000c5580000)
 Metaspace       used 769K, capacity 4480K, committed 4480K, reserved 1056768K
  class space    used 75K, capacity 384K, committed 384K, reserved 1048576K

Card table byte_map: [0x0000000011980000,0x0000000011b90000] byte_map_base: 0x0000000011380000

Marking Bits: (ParMarkBitMap*) 0x000000005105f600
 Begin Bits: [0x00000000120f0000, 0x00000000130f0000)
 End Bits:   [0x00000000130f0000, 0x00000000140f0000)

Polling page: 0x0000000000530000

CodeCache: size=245760Kb used=328Kb max_used=328Kb free=245431Kb
 bounds [0x00000000025c0000, 0x0000000002830000, 0x00000000115c0000]
 total_blobs=57 nmethods=0 adapters=37
 compilation: enabled

Compilation events (0 events):
No events

GC Heap History (0 events):
No events

Deoptimization events (0 events):
No events

Internal exceptions (0 events):
No events

Events (10 events):
Event: 0.379 loading class java/lang/Short
Event: 0.379 loading class java/lang/Short done
Event: 0.379 loading class java/lang/Integer
Event: 0.379 loading class java/lang/Integer done
Event: 0.379 loading class java/lang/Long
Event: 0.380 loading class java/lang/Long done
Event: 0.381 loading class java/lang/NullPointerException
Event: 0.381 loading class java/lang/NullPointerException done
Event: 0.381 loading class java/lang/ArithmeticException
Event: 0.382 loading class java/lang/ArithmeticException done


Dynamic libraries:
0x00007ff763520000 - 0x00007ff763557000 	C:\Program Files\Java\jdk1.8.0_71\bin\java.exe
0x00007ffa0ed60000 - 0x00007ffa0ef21000 	C:\Windows\SYSTEM32\ntdll.dll
0x00007ffa0ec90000 - 0x00007ffa0ed3d000 	C:\Windows\system32\KERNEL32.DLL
0x00007ffa0b550000 - 0x00007ffa0b738000 	C:\Windows\system32\KERNELBASE.dll
0x00007ffa0c700000 - 0x00007ffa0c7a7000 	C:\Windows\system32\ADVAPI32.dll
0x00007ffa0e050000 - 0x00007ffa0e0ed000 	C:\Windows\system32\msvcrt.dll
0x00007ffa0dff0000 - 0x00007ffa0e04b000 	C:\Windows\system32\sechost.dll
0x00007ffa0c2e0000 - 0x00007ffa0c3fc000 	C:\Windows\system32\RPCRT4.dll
0x00007ffa0c420000 - 0x00007ffa0c576000 	C:\Windows\system32\USER32.dll
0x00007ffa0c7b0000 - 0x00007ffa0c936000 	C:\Windows\system32\GDI32.dll
0x00007ffa064f0000 - 0x00007ffa06764000 	C:\Windows\WinSxS\amd64_microsoft.windows.common-controls_6595b64144ccf1df_6.0.10586.0_none_8c15ae12515e1c22\COMCTL32.dll
0x00007ffa0ea10000 - 0x00007ffa0ec8d000 	C:\Windows\system32\combase.dll
0x00007ffa0b880000 - 0x00007ffa0b8ea000 	C:\Windows\system32\bcryptPrimitives.dll
0x00007ffa0c170000 - 0x00007ffa0c1ab000 	C:\Windows\system32\IMM32.DLL
0x00000000516c0000 - 0x0000000051792000 	C:\Program Files\Java\jdk1.8.0_71\jre\bin\msvcr100.dll
0x0000000050850000 - 0x00000000510df000 	C:\Program Files\Java\jdk1.8.0_71\jre\bin\server\jvm.dll
0x00007ffa0c400000 - 0x00007ffa0c408000 	C:\Windows\system32\PSAPI.DLL
0x00007ff9f6b10000 - 0x00007ff9f6b19000 	C:\Windows\SYSTEM32\WSOCK32.dll
0x00007ffa0c580000 - 0x00007ffa0c5eb000 	C:\Windows\system32\WS2_32.dll
0x00007ffa09490000 - 0x00007ffa094b3000 	C:\Windows\SYSTEM32\WINMM.dll
0x00007ffa067f0000 - 0x00007ffa067fa000 	C:\Windows\SYSTEM32\VERSION.dll
0x00007ffa09430000 - 0x00007ffa0945c000 	C:\Windows\SYSTEM32\WINMMBASE.dll
0x00007ffa0c110000 - 0x00007ffa0c153000 	C:\Windows\system32\cfgmgr32.dll
0x0000000051b70000 - 0x0000000051b7f000 	C:\Program Files\Java\jdk1.8.0_71\jre\bin\verify.dll
0x0000000051b40000 - 0x0000000051b69000 	C:\Program Files\Java\jdk1.8.0_71\jre\bin\java.dll
0x0000000051b20000 - 0x0000000051b36000 	C:\Program Files\Java\jdk1.8.0_71\jre\bin\zip.dll

VM Arguments:
jvm_args: -Djava.awt.headless=true -Xmx1024M -Dfile.encoding=windows-31j -Duser.country=JP -Duser.language=ja -Duser.variant 
java_command: com.android.dx.command.Main --dex --force-jumbo --multi-dex --output C:\Users\si\AndroidStudioProjects\Test_EN_Revolution\app\build\intermediates\transforms\dex\debug\folders\1000\5\slice_9 C:\Users\si\AndroidStudioProjects\Test_EN_Revolution\app\build\intermediates\transforms\instantRunSlicer\debug\folders\1\5\slice_9
java_class_path (initial): C:\Users\si\AppData\Local\Android\sdk\build-tools\21.1.1\lib\dx.jar
Launcher Type: SUN_STANDARD

Environment Variables:
PATH=C:\ProgramData\Oracle\Java\javapath;C:\Windows\system32;C:\Windows;C:\Windows\System32\Wbem;C:\Windows\System32\WindowsPowerShell\v1.0\;C:\Program Files\Intel\WiFi\bin\;C:\Program Files\Common Files\Intel\WirelessCommon\;C:\Program Files\Git\cmd;C:\Program Files (x86)\NVIDIA Corporation\PhysX\Common;C:\Program Files\Intel\WiFi\bin\;C:\Program Files\Common Files\Intel\WirelessCommon\
USERNAME=si
OS=Windows_NT
PROCESSOR_IDENTIFIER=Intel64 Family 6 Model 69 Stepping 1, GenuineIntel



---------------  S Y S T E M  ---------------

OS: Windows 10.0 , 64 bit Build 10586 (10.0.10586.0)

CPU:total 4 (2 cores per cpu, 2 threads per core) family 6 model 69 stepping 1, cmov, cx8, fxsr, mmx, sse, sse2, sse3, ssse3, sse4.1, sse4.2, popcnt, avx, avx2, aes, clmul, erms, lzcnt, ht, tsc, tscinvbit, bmi1, bmi2

Memory: 4k page, physical 8269856k(505600k free), swap 9318432k(5736k free)

vm_info: Java HotSpot(TM) 64-Bit Server VM (25.71-b15) for windows-amd64 JRE (1.8.0_71-b15), built on Dec 22 2015 18:15:55 by "java_re" with MS VC++ 10.0 (VS2010)

time: Fri May 20 16:29:08 2016
elapsed time: 0 seconds (0d 0h 0m 0s)

