#
# There is insufficient memory for the Java Runtime Environment to continue.
# Native memory allocation (malloc) failed to allocate 415440 bytes for Chunk::new
# Possible reasons:
#   The system is out of physical RAM or swap space
#   In 32 bit mode, the process size limit was hit
# Possible solutions:
#   Reduce memory load on the system
#   Increase physical memory or swap space
#   Check if swap backing store is full
#   Use 64 bit Java on a 64 bit OS
#   Decrease Java heap size (-Xmx/-Xms)
#   Decrease number of Java threads
#   Decrease Java thread stack sizes (-Xss)
#   Set larger code cache with -XX:ReservedCodeCacheSize=
# This output file may be truncated or incomplete.
#
#  Out of Memory Error (allocation.cpp:390), pid=15704, tid=16244
#
# JRE version: Java(TM) SE Runtime Environment (8.0_91-b14) (build 1.8.0_91-b14)
# Java VM: Java HotSpot(TM) 64-Bit Server VM (25.91-b14 mixed mode windows-amd64 compressed oops)
# Failed to write core dump. Minidumps are not enabled by default on client versions of Windows
#

---------------  T H R E A D  ---------------

Current thread (0x0000000014dc1000):  JavaThread "C2 CompilerThread0" daemon [_thread_in_native, id=16244, stack(0x0000000016350000,0x0000000016450000)]

Stack: [0x0000000016350000,0x0000000016450000]
[error occurred during error reporting (printing stack bounds), id 0xc0000005]

Native frames: (J=compiled Java code, j=interpreted, Vv=VM code, C=native code)


Current CompileTask:
C2:   3742 1165   !   4       com.android.dx.cf.code.RopperMachine::run (1550 bytes)


---------------  P R O C E S S  ---------------

Java Threads: ( => current thread )
  0x00000000164a8000 JavaThread "Service Thread" daemon [_thread_blocked, id=16272, stack(0x0000000016a50000,0x0000000016b50000)]
  0x00000000164a1800 JavaThread "C1 CompilerThread2" daemon [_thread_blocked, id=16260, stack(0x0000000016950000,0x0000000016a50000)]
  0x000000001649f000 JavaThread "C2 CompilerThread1" daemon [_thread_in_native, id=16252, stack(0x0000000016850000,0x0000000016950000)]
=>0x0000000014dc1000 JavaThread "C2 CompilerThread0" daemon [_thread_in_native, id=16244, stack(0x0000000016350000,0x0000000016450000)]
  0x0000000014dbf800 JavaThread "Attach Listener" daemon [_thread_blocked, id=16240, stack(0x0000000016250000,0x0000000016350000)]
  0x0000000014d7c800 JavaThread "Signal Dispatcher" daemon [_thread_blocked, id=16236, stack(0x0000000016150000,0x0000000016250000)]
  0x0000000002694000 JavaThread "Finalizer" daemon [_thread_blocked, id=16212, stack(0x0000000015fc0000,0x00000000160c0000)]
  0x000000000268f000 JavaThread "Reference Handler" daemon [_thread_blocked, id=16208, stack(0x0000000015ec0000,0x0000000015fc0000)]
  0x00000000025a0800 JavaThread "main" [_thread_in_Java, id=16140, stack(0x0000000002340000,0x0000000002440000)]

Other Threads:
  0x0000000014d38000 VMThread [stack: 0x0000000015dc0000,0x0000000015ec0000] [id=16188]
  0x000000001650c000 WatcherThread [stack: 0x0000000016b50000,0x0000000016c50000] [id=16276]

VM state:not at safepoint (normal execution)

VM Mutex/Monitor currently owned by a thread: None

Heap:
 PSYoungGen      total 38400K, used 16026K [0x00000000eab00000, 0x00000000ef600000, 0x0000000100000000)
  eden space 33280K, 32% used [0x00000000eab00000,0x00000000eb5ad4c8,0x00000000ecb80000)
  from space 5120K, 99% used [0x00000000ecb80000,0x00000000ed079480,0x00000000ed080000)
  to   space 5120K, 0% used [0x00000000ef100000,0x00000000ef100000,0x00000000ef600000)
 ParOldGen       total 87552K, used 2657K [0x00000000c0000000, 0x00000000c5580000, 0x00000000eab00000)
  object space 87552K, 3% used [0x00000000c0000000,0x00000000c02984c8,0x00000000c5580000)
 Metaspace       used 5545K, capacity 6896K, committed 7040K, reserved 1056768K
  class space    used 546K, capacity 616K, committed 640K, reserved 1048576K

Card table byte_map: [0x0000000011a60000,0x0000000011c70000] byte_map_base: 0x0000000011460000

Marking Bits: (ParMarkBitMap*) 0x000000006bde2f70
 Begin Bits: [0x00000000121d0000, 0x00000000131d0000)
 End Bits:   [0x00000000131d0000, 0x00000000141d0000)

Polling page: 0x0000000000720000

CodeCache: size=245760Kb used=5263Kb max_used=5263Kb free=240496Kb
 bounds [0x00000000026a0000, 0x0000000002bd0000, 0x00000000116a0000]
 total_blobs=1455 nmethods=1195 adapters=173
 compilation: enabled

Compilation events (10 events):
Event: 3.605 Thread 0x00000000164a1800 1192       3       com.android.dx.ssa.DomFront::<init> (60 bytes)
Event: 3.605 Thread 0x00000000164a1800 nmethod 1192 0x0000000002b91090 code [0x0000000002b91220, 0x0000000002b91870]
Event: 3.611 Thread 0x00000000164a1800 1193       3       com.android.dx.ssa.DomFront::buildDomTree (72 bytes)
Event: 3.613 Thread 0x00000000164a1800 nmethod 1193 0x0000000002bae0d0 code [0x0000000002bae340, 0x0000000002baf1c8]
Event: 3.614 Thread 0x00000000164a1800 1194       3       com.android.dx.ssa.DomFront::run (264 bytes)
Event: 3.617 Thread 0x00000000164a1800 nmethod 1194 0x0000000002bafc90 code [0x0000000002bb0200, 0x0000000002bb3868]
Event: 3.618 Thread 0x00000000164a1800 1195       3       com.android.dx.ssa.DomFront::calcDomFronts (154 bytes)
Event: 3.619 Thread 0x00000000164a1800 nmethod 1195 0x0000000002bb5710 code [0x0000000002bb5980, 0x0000000002bb6768]
Event: 3.623 Thread 0x00000000164a1800 1196       3       com.android.dx.ssa.SsaMethod::forEachBlockDepthFirstDom (128 bytes)
Event: 3.625 Thread 0x00000000164a1800 nmethod 1196 0x0000000002bb7290 code [0x0000000002bb75e0, 0x0000000002bb9738]

GC Heap History (2 events):
Event: 3.525 GC heap before
{Heap before GC invocations=1 (full 0):
 PSYoungGen      total 38400K, used 33280K [0x00000000eab00000, 0x00000000ed580000, 0x0000000100000000)
  eden space 33280K, 100% used [0x00000000eab00000,0x00000000ecb80000,0x00000000ecb80000)
  from space 5120K, 0% used [0x00000000ed080000,0x00000000ed080000,0x00000000ed580000)
  to   space 5120K, 0% used [0x00000000ecb80000,0x00000000ecb80000,0x00000000ed080000)
 ParOldGen       total 87552K, used 0K [0x00000000c0000000, 0x00000000c5580000, 0x00000000eab00000)
  object space 87552K, 0% used [0x00000000c0000000,0x00000000c0000000,0x00000000c5580000)
 Metaspace       used 5506K, capacity 6832K, committed 7040K, reserved 1056768K
  class space    used 546K, capacity 616K, committed 640K, reserved 1048576K
Event: 3.576 GC heap after
Heap after GC invocations=1 (full 0):
 PSYoungGen      total 38400K, used 5093K [0x00000000eab00000, 0x00000000ef600000, 0x0000000100000000)
  eden space 33280K, 0% used [0x00000000eab00000,0x00000000eab00000,0x00000000ecb80000)
  from space 5120K, 99% used [0x00000000ecb80000,0x00000000ed079480,0x00000000ed080000)
  to   space 5120K, 0% used [0x00000000ef100000,0x00000000ef100000,0x00000000ef600000)
 ParOldGen       total 87552K, used 2657K [0x00000000c0000000, 0x00000000c5580000, 0x00000000eab00000)
  object space 87552K, 3% used [0x00000000c0000000,0x00000000c02984c8,0x00000000c5580000)
 Metaspace       used 5506K, capacity 6832K, committed 7040K, reserved 1056768K
  class space    used 546K, capacity 616K, committed 640K, reserved 1048576K
}

Deoptimization events (10 events):
Event: 2.532 Thread 0x00000000025a0800 Uncommon trap: reason=class_check action=maybe_recompile pc=0x00000000029ba69c method=com.android.dx.ssa.NormalSsaInsn.accept(Lcom/android/dx/ssa/SsaInsn$Visitor;)V @ 9
Event: 2.665 Thread 0x00000000025a0800 Uncommon trap: reason=unstable_if action=reinterpret pc=0x0000000002a5c47c method=com.android.dx.rop.code.RegisterSpec.withReg(I)Lcom/android/dx/rop/code/RegisterSpec; @ 5
Event: 2.854 Thread 0x00000000025a0800 Uncommon trap: reason=class_check action=maybe_recompile pc=0x000000000299b038 method=com.android.dx.rop.type.Type.equals(Ljava/lang/Object;)Z @ 8
Event: 2.854 Thread 0x00000000025a0800 Uncommon trap: reason=class_check action=maybe_recompile pc=0x000000000299b038 method=com.android.dx.rop.type.Type.equals(Ljava/lang/Object;)Z @ 8
Event: 2.854 Thread 0x00000000025a0800 Uncommon trap: reason=class_check action=maybe_recompile pc=0x000000000299b038 method=com.android.dx.rop.type.Type.equals(Ljava/lang/Object;)Z @ 8
Event: 2.854 Thread 0x00000000025a0800 Uncommon trap: reason=class_check action=maybe_recompile pc=0x000000000299b038 method=com.android.dx.rop.type.Type.equals(Ljava/lang/Object;)Z @ 8
Event: 2.863 Thread 0x00000000025a0800 Uncommon trap: reason=unstable_if action=reinterpret pc=0x0000000002ae696c method=com.android.dx.cf.code.BytecodeArray.parseInstruction(ILcom/android/dx/cf/code/BytecodeArray$Visitor;)I @ 1198
Event: 2.942 Thread 0x00000000025a0800 Uncommon trap: reason=unstable_if action=reinterpret pc=0x0000000002a34c28 method=com.android.dx.rop.code.RegisterSpecSet.put(Lcom/android/dx/rop/code/RegisterSpec;)V @ 77
Event: 2.947 Thread 0x00000000025a0800 Uncommon trap: reason=class_check action=maybe_recompile pc=0x00000000029ba69c method=com.android.dx.ssa.NormalSsaInsn.accept(Lcom/android/dx/ssa/SsaInsn$Visitor;)V @ 9
Event: 3.295 Thread 0x00000000025a0800 Uncommon trap: reason=unstable_if action=reinterpret pc=0x0000000002a7dfa0 method=com.android.dx.util.IntList.binarysearch(I)I @ 26

Internal exceptions (3 events):
Event: 0.480 Thread 0x00000000025a0800 Exception <a 'java/lang/NoSuchMethodError': Method sun.misc.Unsafe.defineClass(Ljava/lang/String;[BII)Ljava/lang/Class; name or signature does not match> (0x00000000eab07cc0) thrown at [C:\re\workspace\8-2-build-windows-amd64-cygwin\jdk8u91\6644\hotspot\srkè™×´Þ?
Event: 0.480 Thread 0x00000000025a0800 Exception <a 'java/lang/NoSuchMethodError': Method sun.misc.Unsafe.prefetchRead(Ljava/lang/Object;J)V name or signature does not match> (0x00000000eab07fa8) thrown at [C:\re\workspace\8-2-build-windows-amd64-cygwin\jdk8u91\6644\hotspot\src\share\vm\prims\jè|Æit@
Event: 2.182 Thread 0x00000000025a0800 Implicit null exception at 0x000000000294041c to 0x0000000002941c09

Events (10 events):
Event: 3.189 Thread 0x00000000025a0800 DEOPT UNPACKING pc=0x00000000026e787f sp=0x000000000243e100 mode 0
Event: 3.263 loading class com/android/dx/cf/attrib/AttConstantValue
Event: 3.263 loading class com/android/dx/cf/attrib/AttConstantValue done
Event: 3.295 Thread 0x00000000025a0800 Uncommon trap: trap_request=0xffffff65 fr.pc=0x0000000002a7dfa0
Event: 3.295 Thread 0x00000000025a0800 DEOPT PACKING pc=0x0000000002a7dfa0 sp=0x000000000243e2d0
Event: 3.295 Thread 0x00000000025a0800 DEOPT UNPACKING pc=0x00000000026e582a sp=0x000000000243e248 mode 2
Event: 3.525 Executing VM operation: ParallelGCFailedAllocation
Event: 3.577 Executing VM operation: ParallelGCFailedAllocation done
Event: 3.598 Thread 0x00000000025a0800 DEOPT PACKING pc=0x000000000298fbc4 sp=0x000000000243e3d0
Event: 3.598 Thread 0x00000000025a0800 DEOPT UNPACKING pc=0x00000000026e787f sp=0x000000000243e0f8 mode 0


Dynamic libraries:
0x00007ff7d4340000 - 0x00007ff7d4377000 	C:\Program Files\Java\jdk1.8.0_91\bin\java.exe
0x00007ff9865e0000 - 0x00007ff9867a1000 	C:\Windows\SYSTEM32\ntdll.dll
0x00007ff9862a0000 - 0x00007ff98634d000 	C:\Windows\system32\KERNEL32.DLL
0x00007ff9836d0000 - 0x00007ff9838b8000 	C:\Windows\system32\KERNELBASE.dll
0x00007ff9845c0000 - 0x00007ff984667000 	C:\Windows\system32\ADVAPI32.dll
0x00007ff983ba0000 - 0x00007ff983c3d000 	C:\Windows\system32\msvcrt.dll
0x00007ff984840000 - 0x00007ff98489b000 	C:\Windows\system32\sechost.dll
0x00007ff9842d0000 - 0x00007ff9843ec000 	C:\Windows\system32\RPCRT4.dll
0x00007ff984460000 - 0x00007ff9845b6000 	C:\Windows\system32\USER32.dll
0x00007ff983fd0000 - 0x00007ff984156000 	C:\Windows\system32\GDI32.dll
0x00007ff97e6d0000 - 0x00007ff97e944000 	C:\Windows\WinSxS\amd64_microsoft.windows.common-controls_6595b64144ccf1df_6.0.10586.0_none_8c15ae12515e1c22\COMCTL32.dll
0x00007ff986360000 - 0x00007ff9865dd000 	C:\Windows\system32\combase.dll
0x00007ff9838c0000 - 0x00007ff98392a000 	C:\Windows\system32\bcryptPrimitives.dll
0x00007ff984230000 - 0x00007ff98426b000 	C:\Windows\system32\IMM32.DLL
0x000000006be70000 - 0x000000006bf42000 	C:\Program Files\Java\jdk1.8.0_91\jre\bin\msvcr100.dll
0x000000006b5d0000 - 0x000000006be63000 	C:\Program Files\Java\jdk1.8.0_91\jre\bin\server\jvm.dll
0x00007ff985e00000 - 0x00007ff985e08000 	C:\Windows\system32\PSAPI.DLL
0x00007ff970d70000 - 0x00007ff970d79000 	C:\Windows\SYSTEM32\WSOCK32.dll
0x00007ff9843f0000 - 0x00007ff98445b000 	C:\Windows\system32\WS2_32.dll
0x00007ff980f40000 - 0x00007ff980f63000 	C:\Windows\SYSTEM32\WINMM.dll
0x00007ff97e990000 - 0x00007ff97e99a000 	C:\Windows\SYSTEM32\VERSION.dll
0x00007ff980e20000 - 0x00007ff980e4c000 	C:\Windows\SYSTEM32\WINMMBASE.dll
0x00007ff983540000 - 0x00007ff983583000 	C:\Windows\system32\cfgmgr32.dll
0x000000006b5c0000 - 0x000000006b5cf000 	C:\Program Files\Java\jdk1.8.0_91\jre\bin\verify.dll
0x000000006b590000 - 0x000000006b5b9000 	C:\Program Files\Java\jdk1.8.0_91\jre\bin\java.dll
0x000000006b570000 - 0x000000006b586000 	C:\Program Files\Java\jdk1.8.0_91\jre\bin\zip.dll
0x00007ff9848a0000 - 0x00007ff985dfc000 	C:\Windows\system32\SHELL32.dll
0x00007ff982d20000 - 0x00007ff983364000 	C:\Windows\system32\windows.storage.dll
0x00007ff986240000 - 0x00007ff986292000 	C:\Windows\system32\shlwapi.dll
0x00007ff982c50000 - 0x00007ff982c5f000 	C:\Windows\system32\kernel.appcore.dll
0x00007ff983590000 - 0x00007ff983645000 	C:\Windows\system32\shcore.dll
0x00007ff982c00000 - 0x00007ff982c4b000 	C:\Windows\system32\powrprof.dll
0x00007ff982c60000 - 0x00007ff982c74000 	C:\Windows\system32\profapi.dll

VM Arguments:
jvm_args: -Djava.awt.headless=true -Xmx1024M -Dfile.encoding=windows-31j -Duser.country=JP -Duser.language=ja -Duser.variant 
java_command: com.android.dx.command.Main --dex --force-jumbo --multi-dex --output C:\Users\si\AndroidStudioProjects\Test_EN_Revolution\app\build\intermediates\transforms\dex\debug\folders\1000\5\slice_9 C:\Users\si\AndroidStudioProjects\Test_EN_Revolution\app\build\intermediates\transforms\instantRunSlicer\debug\folders\1\5\slice_9
java_class_path (initial): C:\Users\si\AppData\Local\Android\sdk\build-tools\21.1.1\lib\dx.jar
Launcher Type: SUN_STANDARD

Environment Variables:
PATH=C:\ProgramData\Oracle\Java\javapath;C:\Windows\system32;C:\Windows;C:\Windows\System32\Wbem;C:\Windows\System32\WindowsPowerShell\v1.0\;C:\Program Files\Intel\WiFi\bin\;C:\Program Files\Common Files\Intel\WirelessCommon\;C:\Program Files\Git\cmd;C:\Program Files (x86)\NVIDIA Corporation\PhysX\Common;C:\Program Files\Intel\WiFi\bin\;C:\Program Files\Common Files\Intel\WirelessCommon\
USERNAME=si
OS=Windows_NT
PROCESSOR_IDENTIFIER=Intel64 Family 6 Model 69 Stepping 1, GenuineIntel



---------------  S Y S T E M  ---------------

OS: Windows 10.0 , 64 bit Build 10586 (10.0.10586.0)

CPU:total 4 (2 cores per cpu, 2 threads per core) family 6 model 69 stepping 1, cmov, cx8, fxsr, mmx, sse, sse2, sse3, ssse3, sse4.1, sse4.2, popcnt, avx, avx2, aes, clmul, erms, lzcnt, ht, tsc, tscinvbit, bmi1, bmi2

Memory: 4k page, physical 8269856k(518668k free), swap 9318432k(5364k free)

vm_info: Java HotSpot(TM) 64-Bit Server VM (25.91-b14) for windows-amd64 JRE (1.8.0_91-b14), built on Apr  1 2016 00:58:32 by "java_re" with MS VC++ 10.0 (VS2010)

time: Tue May 24 08:59:52 2016
elapsed time: 3 seconds (0d 0h 0m 3s)

