#
# There is insufficient memory for the Java Runtime Environment to continue.
# Native memory allocation (malloc) failed to allocate 1115856 bytes for Chunk::new
# Possible reasons:
#   The system is out of physical RAM or swap space
#   In 32 bit mode, the process size limit was hit
# Possible solutions:
#   Reduce memory load on the system
#   Increase physical memory or swap space
#   Check if swap backing store is full
#   Use 64 bit Java on a 64 bit OS
#   Decrease Java heap size (-Xmx/-Xms)
#   Decrease number of Java threads
#   Decrease Java thread stack sizes (-Xss)
#   Set larger code cache with -XX:ReservedCodeCacheSize=
# This output file may be truncated or incomplete.
#
#  Out of Memory Error (allocation.cpp:390), pid=13660, tid=13120
#
# JRE version: Java(TM) SE Runtime Environment (8.0_71-b15) (build 1.8.0_71-b15)
# Java VM: Java HotSpot(TM) 64-Bit Server VM (25.71-b15 mixed mode windows-amd64 compressed oops)
# Failed to write core dump. Minidumps are not enabled by default on client versions of Windows
#

---------------  T H R E A D  ---------------

Current thread (0x00000000163cb800):  JavaThread "C2 CompilerThread1" daemon [_thread_in_native, id=13120, stack(0x0000000016780000,0x0000000016880000)]

Stack: [0x0000000016780000,0x0000000016880000]
[error occurred during error reporting (printing stack bounds), id 0xc0000005]

Native frames: (J=compiled Java code, j=interpreted, Vv=VM code, C=native code)


Current CompileTask:
C2:   3318 1298       4       com.android.dx.ssa.SCCP::simulatePhi (169 bytes)


---------------  P R O C E S S  ---------------

Java Threads: ( => current thread )
  0x00000000163d1800 JavaThread "Service Thread" daemon [_thread_blocked, id=12752, stack(0x0000000016980000,0x0000000016a80000)]
  0x00000000163ce000 JavaThread "C1 CompilerThread2" daemon [_thread_blocked, id=12436, stack(0x0000000016880000,0x0000000016980000)]
=>0x00000000163cb800 JavaThread "C2 CompilerThread1" daemon [_thread_in_native, id=13120, stack(0x0000000016780000,0x0000000016880000)]
  0x0000000014d61000 JavaThread "C2 CompilerThread0" daemon [_thread_in_native, id=14308, stack(0x0000000016280000,0x0000000016380000)]
  0x0000000014d1e000 JavaThread "Attach Listener" daemon [_thread_blocked, id=14324, stack(0x0000000016180000,0x0000000016280000)]
  0x0000000014d1d000 JavaThread "Signal Dispatcher" daemon [_thread_blocked, id=14176, stack(0x0000000016080000,0x0000000016180000)]
  0x0000000002630000 JavaThread "Finalizer" daemon [_thread_blocked, id=14320, stack(0x0000000015f80000,0x0000000016080000)]
  0x000000000262d000 JavaThread "Reference Handler" daemon [_thread_blocked, id=14184, stack(0x0000000015e80000,0x0000000015f80000)]
  0x0000000002540800 JavaThread "main" [_thread_in_Java, id=13460, stack(0x0000000002440000,0x0000000002540000)]

Other Threads:
  0x0000000014cd8000 VMThread [stack: 0x0000000015d80000,0x0000000015e80000] [id=13748]
  0x00000000163eb000 WatcherThread [stack: 0x0000000016a80000,0x0000000016b80000] [id=14252]

VM state:not at safepoint (normal execution)

VM Mutex/Monitor currently owned by a thread: None

Heap:
 PSYoungGen      total 38400K, used 36056K [0x00000000eab00000, 0x00000000ed580000, 0x0000000100000000)
  eden space 33280K, 92% used [0x00000000eab00000,0x00000000ec937e40,0x00000000ecb80000)
  from space 5120K, 99% used [0x00000000ecb80000,0x00000000ed07e588,0x00000000ed080000)
  to   space 5120K, 0% used [0x00000000ed080000,0x00000000ed080000,0x00000000ed580000)
 ParOldGen       total 87552K, used 2564K [0x00000000c0000000, 0x00000000c5580000, 0x00000000eab00000)
  object space 87552K, 2% used [0x00000000c0000000,0x00000000c0281330,0x00000000c5580000)
 Metaspace       used 5595K, capacity 6960K, committed 7040K, reserved 1056768K
  class space    used 545K, capacity 616K, committed 640K, reserved 1048576K

Card table byte_map: [0x0000000011a00000,0x0000000011c10000] byte_map_base: 0x0000000011400000

Marking Bits: (ParMarkBitMap*) 0x00000000726bf600
 Begin Bits: [0x0000000012170000, 0x0000000013170000)
 End Bits:   [0x0000000013170000, 0x0000000014170000)

Polling page: 0x0000000000540000

CodeCache: size=245760Kb used=5946Kb max_used=5946Kb free=239813Kb
 bounds [0x0000000002640000, 0x0000000002c20000, 0x0000000011640000]
 total_blobs=1568 nmethods=1308 adapters=173
 compilation: enabled

Compilation events (10 events):
Event: 3.261 Thread 0x00000000163ce000 1323       3       com.android.dx.rop.code.LocalItem::<init> (15 bytes)
Event: 3.262 Thread 0x00000000163ce000 nmethod 1323 0x0000000002c10d50 code [0x0000000002c10ea0, 0x0000000002c11070]
Event: 3.262 Thread 0x00000000163ce000 1324       3       com.android.dx.ssa.back.FirstFitLocalCombiningAllocator::findRopRegForLocal (74 bytes)
Event: 3.263 Thread 0x00000000163ce000 nmethod 1324 0x0000000002c11110 code [0x0000000002c112e0, 0x0000000002c119c8]
Event: 3.263 Thread 0x00000000163ce000 1325       3       com.android.dx.ssa.back.FirstFitLocalCombiningAllocator::canMapRegs (60 bytes)
Event: 3.264 Thread 0x00000000163ce000 nmethod 1325 0x0000000002c11c50 code [0x0000000002c11ec0, 0x0000000002c12f08]
Event: 3.267 Thread 0x00000000163ce000 1326       3       com.android.dx.ssa.ConstCollector$1::compare (13 bytes)
Event: 3.268 Thread 0x00000000163ce000 nmethod 1326 0x0000000002c137d0 code [0x0000000002c13940, 0x0000000002c13ca8]
Event: 3.269 Thread 0x00000000163ce000 1327       1       java.io.File::getPath (5 bytes)
Event: 3.269 Thread 0x00000000163ce000 nmethod 1327 0x0000000002c13d90 code [0x0000000002c13ee0, 0x0000000002c13ff0]

GC Heap History (2 events):
Event: 2.464 GC heap before
{Heap before GC invocations=1 (full 0):
 PSYoungGen      total 38400K, used 33280K [0x00000000eab00000, 0x00000000ed580000, 0x0000000100000000)
  eden space 33280K, 100% used [0x00000000eab00000,0x00000000ecb80000,0x00000000ecb80000)
  from space 5120K, 0% used [0x00000000ed080000,0x00000000ed080000,0x00000000ed580000)
  to   space 5120K, 0% used [0x00000000ecb80000,0x00000000ecb80000,0x00000000ed080000)
 ParOldGen       total 87552K, used 0K [0x00000000c0000000, 0x00000000c5580000, 0x00000000eab00000)
  object space 87552K, 0% used [0x00000000c0000000,0x00000000c0000000,0x00000000c5580000)
 Metaspace       used 5503K, capacity 6832K, committed 7040K, reserved 1056768K
  class space    used 544K, capacity 616K, committed 640K, reserved 1048576K
Event: 2.478 GC heap after
Heap after GC invocations=1 (full 0):
 PSYoungGen      total 38400K, used 5113K [0x00000000eab00000, 0x00000000ed580000, 0x0000000100000000)
  eden space 33280K, 0% used [0x00000000eab00000,0x00000000eab00000,0x00000000ecb80000)
  from space 5120K, 99% used [0x00000000ecb80000,0x00000000ed07e588,0x00000000ed080000)
  to   space 5120K, 0% used [0x00000000ed080000,0x00000000ed080000,0x00000000ed580000)
 ParOldGen       total 87552K, used 2564K [0x00000000c0000000, 0x00000000c5580000, 0x00000000eab00000)
  object space 87552K, 2% used [0x00000000c0000000,0x00000000c0281330,0x00000000c5580000)
 Metaspace       used 5503K, capacity 6832K, committed 7040K, reserved 1056768K
  class space    used 544K, capacity 616K, committed 640K, reserved 1048576K
}

Deoptimization events (10 events):
Event: 2.176 Thread 0x0000000002540800 Uncommon trap: reason=class_check action=maybe_recompile pc=0x00000000029734b8 method=com.android.dx.rop.type.Type.equals(Ljava/lang/Object;)Z @ 8
Event: 2.206 Thread 0x0000000002540800 Uncommon trap: reason=unstable_if action=reinterpret pc=0x00000000029ee678 method=com.android.dx.rop.code.RegisterSpecSet.put(Lcom/android/dx/rop/code/RegisterSpec;)V @ 77
Event: 2.208 Thread 0x0000000002540800 Uncommon trap: reason=class_check action=maybe_recompile pc=0x0000000002994fa0 method=com.android.dx.ssa.NormalSsaInsn.accept(Lcom/android/dx/ssa/SsaInsn$Visitor;)V @ 9
Event: 2.385 Thread 0x0000000002540800 Uncommon trap: reason=unstable_if action=reinterpret pc=0x0000000002aa94e0 method=com.android.dx.cf.code.BytecodeArray.parseInstruction(ILcom/android/dx/cf/code/BytecodeArray$Visitor;)I @ 1198
Event: 2.410 Thread 0x0000000002540800 Uncommon trap: reason=unstable_if action=reinterpret pc=0x0000000002a212e0 method=com.android.dx.util.IntList.binarysearch(I)I @ 26
Event: 2.690 Thread 0x0000000002540800 Uncommon trap: reason=class_check action=maybe_recompile pc=0x0000000002994fa0 method=com.android.dx.ssa.NormalSsaInsn.accept(Lcom/android/dx/ssa/SsaInsn$Visitor;)V @ 9
Event: 2.690 Thread 0x0000000002540800 Uncommon trap: reason=class_check action=maybe_recompile pc=0x0000000002994fa0 method=com.android.dx.ssa.NormalSsaInsn.accept(Lcom/android/dx/ssa/SsaInsn$Visitor;)V @ 9
Event: 3.015 Thread 0x0000000002540800 Uncommon trap: reason=unstable_if action=reinterpret pc=0x0000000002b83020 method=com.android.dx.cf.code.RopperMachine.run(Lcom/android/dx/cf/code/Frame;II)V @ 1019
Event: 3.026 Thread 0x0000000002540800 Uncommon trap: reason=unstable_if action=reinterpret pc=0x0000000002a898f8 method=com.android.dx.ssa.SCCP.simulateStmt(Lcom/android/dx/ssa/SsaInsn;)V @ 469
Event: 3.057 Thread 0x0000000002540800 Uncommon trap: reason=unstable_if action=reinterpret pc=0x000000000289fdb4 method=java.util.BitSet.ensureCapacity(I)V @ 6

Internal exceptions (3 events):
Event: 0.209 Thread 0x0000000002540800 Exception <a 'java/lang/NoSuchMethodError': Method sun.misc.Unsafe.defineClass(Ljava/lang/String;[BII)Ljava/lang/Class; name or signature does not match> (0x00000000eab130d0) thrown at [C:\re\workspace\8-2-build-windows-amd64-cygwin\jdk8u71\5731\hotspot\sraÅ˘}ø ?
Event: 0.209 Thread 0x0000000002540800 Exception <a 'java/lang/NoSuchMethodError': Method sun.misc.Unsafe.prefetchRead(Ljava/lang/Object;J)V name or signature does not match> (0x00000000eab133b8) thrown at [C:\re\workspace\8-2-build-windows-amd64-cygwin\jdk8u71\5731\hotspot\src\share\vm\prims\j\iIqO˜?
Event: 1.457 Thread 0x0000000002540800 Implicit null exception at 0x00000000028f27dc to 0x00000000028f3e35

Events (10 events):
Event: 3.026 Thread 0x0000000002540800 DEOPT UNPACKING pc=0x000000000268582a sp=0x000000000253e570 mode 2
Event: 3.057 Thread 0x0000000002540800 Uncommon trap: trap_request=0xffffff65 fr.pc=0x000000000289fdb4
Event: 3.057 Thread 0x0000000002540800 DEOPT PACKING pc=0x000000000289fdb4 sp=0x000000000253e4d0
Event: 3.057 Thread 0x0000000002540800 DEOPT UNPACKING pc=0x000000000268582a sp=0x000000000253e3a8 mode 2
Event: 3.112 loading class com/android/dx/cf/attrib/AttLocalVariableTypeTable
Event: 3.112 loading class com/android/dx/cf/attrib/AttLocalVariableTypeTable done
Event: 3.118 loading class com/android/dx/dex/file/MethodAnnotationStruct
Event: 3.118 loading class com/android/dx/dex/file/MethodAnnotationStruct done
Event: 3.146 Thread 0x0000000002540800 DEOPT PACKING pc=0x00000000029d1293 sp=0x000000000253e440
Event: 3.146 Thread 0x0000000002540800 DEOPT UNPACKING pc=0x000000000268787f sp=0x000000000253e208 mode 0


Dynamic libraries:
0x00007ff70b8e0000 - 0x00007ff70b917000 	C:\Program Files\Java\jdk1.8.0_71\bin\java.exe
0x00007ff906540000 - 0x00007ff906701000 	C:\Windows\SYSTEM32\ntdll.dll
0x00007ff905750000 - 0x00007ff9057fd000 	C:\Windows\system32\KERNEL32.DLL
0x00007ff903000000 - 0x00007ff9031e8000 	C:\Windows\system32\KERNELBASE.dll
0x00007ff9063c0000 - 0x00007ff906467000 	C:\Windows\system32\ADVAPI32.dll
0x00007ff904f30000 - 0x00007ff904fcd000 	C:\Windows\system32\msvcrt.dll
0x00007ff903940000 - 0x00007ff90399b000 	C:\Windows\system32\sechost.dll
0x00007ff905b20000 - 0x00007ff905c3c000 	C:\Windows\system32\RPCRT4.dll
0x00007ff9059c0000 - 0x00007ff905b16000 	C:\Windows\system32\USER32.dll
0x00007ff905240000 - 0x00007ff9053c6000 	C:\Windows\system32\GDI32.dll
0x00007ff8fe070000 - 0x00007ff8fe2e4000 	C:\Windows\WinSxS\amd64_microsoft.windows.common-controls_6595b64144ccf1df_6.0.10586.0_none_8c15ae12515e1c22\COMCTL32.dll
0x00007ff906140000 - 0x00007ff9063bd000 	C:\Windows\system32\combase.dll
0x00007ff902bf0000 - 0x00007ff902c5a000 	C:\Windows\system32\bcryptPrimitives.dll
0x00007ff9050b0000 - 0x00007ff9050eb000 	C:\Windows\system32\IMM32.DLL
0x0000000071580000 - 0x0000000071652000 	C:\Program Files\Java\jdk1.8.0_71\jre\bin\msvcr100.dll
0x0000000071eb0000 - 0x000000007273f000 	C:\Program Files\Java\jdk1.8.0_71\jre\bin\server\jvm.dll
0x00007ff904f20000 - 0x00007ff904f28000 	C:\Windows\system32\PSAPI.DLL
0x00007ff8ef150000 - 0x00007ff8ef159000 	C:\Windows\SYSTEM32\WSOCK32.dll
0x00007ff904fd0000 - 0x00007ff90503b000 	C:\Windows\system32\WS2_32.dll
0x00007ff901160000 - 0x00007ff901183000 	C:\Windows\SYSTEM32\WINMM.dll
0x00007ff8fe2f0000 - 0x00007ff8fe2fa000 	C:\Windows\SYSTEM32\VERSION.dll
0x00007ff900f10000 - 0x00007ff900f3c000 	C:\Windows\SYSTEM32\WINMMBASE.dll
0x00007ff9038f0000 - 0x00007ff903933000 	C:\Windows\system32\cfgmgr32.dll
0x0000000071dc0000 - 0x0000000071dcf000 	C:\Program Files\Java\jdk1.8.0_71\jre\bin\verify.dll
0x0000000071d90000 - 0x0000000071db9000 	C:\Program Files\Java\jdk1.8.0_71\jre\bin\java.dll
0x0000000071d70000 - 0x0000000071d86000 	C:\Program Files\Java\jdk1.8.0_71\jre\bin\zip.dll
0x00007ff9039a0000 - 0x00007ff904efc000 	C:\Windows\system32\SHELL32.dll
0x00007ff9031f0000 - 0x00007ff903834000 	C:\Windows\system32\windows.storage.dll
0x00007ff905580000 - 0x00007ff9055d2000 	C:\Windows\system32\shlwapi.dll
0x00007ff902bb0000 - 0x00007ff902bbf000 	C:\Windows\system32\kernel.appcore.dll
0x00007ff902f40000 - 0x00007ff902ff5000 	C:\Windows\system32\shcore.dll
0x00007ff902b60000 - 0x00007ff902bab000 	C:\Windows\system32\powrprof.dll
0x00007ff902bc0000 - 0x00007ff902bd4000 	C:\Windows\system32\profapi.dll

VM Arguments:
jvm_args: -Djava.awt.headless=true -Xmx1024M -Dfile.encoding=windows-31j -Duser.country=JP -Duser.language=ja -Duser.variant 
java_command: com.android.dx.command.Main --dex --force-jumbo --multi-dex --output C:\Users\si\AndroidStudioProjects\Test_EN_Revolution\app\build\intermediates\transforms\dex\debug\folders\1000\5\slice_9 C:\Users\si\AndroidStudioProjects\Test_EN_Revolution\app\build\intermediates\transforms\instantRunSlicer\debug\folders\1\5\slice_9
java_class_path (initial): C:\Users\si\AppData\Local\Android\sdk\build-tools\21.1.1\lib\dx.jar
Launcher Type: SUN_STANDARD

Environment Variables:
PATH=C:\ProgramData\Oracle\Java\javapath;C:\Windows\system32;C:\Windows;C:\Windows\System32\Wbem;C:\Windows\System32\WindowsPowerShell\v1.0\;C:\Program Files\Intel\WiFi\bin\;C:\Program Files\Common Files\Intel\WirelessCommon\;C:\Program Files\Git\cmd;C:\Program Files (x86)\NVIDIA Corporation\PhysX\Common;C:\Program Files\Intel\WiFi\bin\;C:\Program Files\Common Files\Intel\WirelessCommon\
USERNAME=si
OS=Windows_NT
PROCESSOR_IDENTIFIER=Intel64 Family 6 Model 69 Stepping 1, GenuineIntel



---------------  S Y S T E M  ---------------

OS: Windows 10.0 , 64 bit Build 10586 (10.0.10586.0)

CPU:total 4 (2 cores per cpu, 2 threads per core) family 6 model 69 stepping 1, cmov, cx8, fxsr, mmx, sse, sse2, sse3, ssse3, sse4.1, sse4.2, popcnt, avx, avx2, aes, clmul, erms, lzcnt, ht, tsc, tscinvbit, bmi1, bmi2

Memory: 4k page, physical 8269856k(557760k free), swap 9318432k(5492k free)

vm_info: Java HotSpot(TM) 64-Bit Server VM (25.71-b15) for windows-amd64 JRE (1.8.0_71-b15), built on Dec 22 2015 18:15:55 by "java_re" with MS VC++ 10.0 (VS2010)

time: Mon May 23 12:06:22 2016
elapsed time: 3 seconds (0d 0h 0m 3s)

