#
# There is insufficient memory for the Java Runtime Environment to continue.
# Native memory allocation (malloc) failed to allocate 1710736 bytes for Chunk::new
# Possible reasons:
#   The system is out of physical RAM or swap space
#   In 32 bit mode, the process size limit was hit
# Possible solutions:
#   Reduce memory load on the system
#   Increase physical memory or swap space
#   Check if swap backing store is full
#   Use 64 bit Java on a 64 bit OS
#   Decrease Java heap size (-Xmx/-Xms)
#   Decrease number of Java threads
#   Decrease Java thread stack sizes (-Xss)
#   Set larger code cache with -XX:ReservedCodeCacheSize=
# This output file may be truncated or incomplete.
#
#  Out of Memory Error (allocation.cpp:390), pid=30724, tid=30464
#
# JRE version: Java(TM) SE Runtime Environment (8.0_91-b14) (build 1.8.0_91-b14)
# Java VM: Java HotSpot(TM) 64-Bit Server VM (25.91-b14 mixed mode windows-amd64 compressed oops)
# Failed to write core dump. Minidumps are not enabled by default on client versions of Windows
#

---------------  T H R E A D  ---------------

Current thread (0x0000000014df4800):  JavaThread "C2 CompilerThread1" daemon [_thread_in_native, id=30464, stack(0x0000000016370000,0x0000000016470000)]

Stack: [0x0000000016370000,0x0000000016470000]
[error occurred during error reporting (printing stack bounds), id 0xc0000005]

Native frames: (J=compiled Java code, j=interpreted, Vv=VM code, C=native code)


Current CompileTask:
C2:   6327 1427   !   4       com.android.dx.cf.code.BytecodeArray::parseInstruction (2764 bytes)


---------------  P R O C E S S  ---------------

Java Threads: ( => current thread )
  0x00000000164c8000 JavaThread "Service Thread" daemon [_thread_blocked, id=36888, stack(0x0000000016970000,0x0000000016a70000)]
  0x00000000164c2000 JavaThread "C1 CompilerThread2" daemon [_thread_blocked, id=29644, stack(0x0000000016870000,0x0000000016970000)]
=>0x0000000014df4800 JavaThread "C2 CompilerThread1" daemon [_thread_in_native, id=30464, stack(0x0000000016370000,0x0000000016470000)]
  0x0000000014df1000 JavaThread "C2 CompilerThread0" daemon [_thread_in_native, id=37524, stack(0x0000000016270000,0x0000000016370000)]
  0x0000000014def800 JavaThread "Attach Listener" daemon [_thread_blocked, id=11184, stack(0x0000000016170000,0x0000000016270000)]
  0x0000000014dac800 JavaThread "Signal Dispatcher" daemon [_thread_blocked, id=27380, stack(0x0000000016070000,0x0000000016170000)]
  0x00000000010f4800 JavaThread "Finalizer" daemon [_thread_blocked, id=37172, stack(0x0000000015ee0000,0x0000000015fe0000)]
  0x00000000010ef000 JavaThread "Reference Handler" daemon [_thread_blocked, id=30028, stack(0x0000000015de0000,0x0000000015ee0000)]
  0x0000000001000800 JavaThread "main" [_thread_in_Java, id=36880, stack(0x0000000000830000,0x0000000000930000)]

Other Threads:
  0x0000000014d68000 VMThread [stack: 0x0000000015ce0000,0x0000000015de0000] [id=28512]
  0x000000001650a000 WatcherThread [stack: 0x0000000016a70000,0x0000000016b70000] [id=37344]

VM state:not at safepoint (normal execution)

VM Mutex/Monitor currently owned by a thread: None

Heap:
 PSYoungGen      total 38400K, used 26437K [0x00000000eab00000, 0x00000000ef600000, 0x0000000100000000)
  eden space 33280K, 64% used [0x00000000eab00000,0x00000000ebfd18a0,0x00000000ecb80000)
  from space 5120K, 99% used [0x00000000ecb80000,0x00000000ed07fb98,0x00000000ed080000)
  to   space 5120K, 0% used [0x00000000ef100000,0x00000000ef100000,0x00000000ef600000)
 ParOldGen       total 87552K, used 32050K [0x00000000c0000000, 0x00000000c5580000, 0x00000000eab00000)
  object space 87552K, 36% used [0x00000000c0000000,0x00000000c1f4c9b0,0x00000000c5580000)
 Metaspace       used 5543K, capacity 6896K, committed 7040K, reserved 1056768K
  class space    used 552K, capacity 616K, committed 640K, reserved 1048576K

Card table byte_map: [0x0000000001540000,0x0000000001750000] byte_map_base: 0x0000000000f40000

Marking Bits: (ParMarkBitMap*) 0x000000006a9d2f70
 Begin Bits: [0x0000000012400000, 0x0000000013400000)
 End Bits:   [0x0000000013400000, 0x0000000014400000)

Polling page: 0x0000000000930000

CodeCache: size=245760Kb used=6689Kb max_used=6692Kb free=239070Kb
 bounds [0x0000000003400000, 0x0000000003aa0000, 0x0000000012400000]
 total_blobs=1697 nmethods=1437 adapters=173
 compilation: enabled

Compilation events (10 events):
Event: 6.176 Thread 0x0000000014df1000 1432       4       com.android.dx.rop.type.StdTypeList::get (9 bytes)
Event: 6.177 Thread 0x0000000014df1000 nmethod 1432 0x0000000003a82c90 code [0x0000000003a82de0, 0x0000000003a82eb8]
Event: 6.177 Thread 0x0000000014df1000 1435   !   4       com.android.dx.rop.code.BasicBlock::<init> (273 bytes)
Event: 6.185 Thread 0x0000000014df1000 nmethod 1435 0x0000000003a8c390 code [0x0000000003a8c500, 0x0000000003a8cb38]
Event: 6.186 Thread 0x0000000014df1000 1437   !   4       com.android.dx.cf.code.Simulator::simulate (74 bytes)
Event: 6.190 Thread 0x0000000014df1000 nmethod 1437 0x0000000003a85d90 code [0x0000000003a85f00, 0x0000000003a860b8]
Event: 6.190 Thread 0x0000000014df1000 1436       4       com.android.dx.cf.code.ExecutionStack::copy (59 bytes)
Event: 6.195 Thread 0x0000000014df1000 nmethod 1436 0x0000000003a8bb10 code [0x0000000003a8bc80, 0x0000000003a8c118]
Event: 6.228 Thread 0x0000000014df1000 1438       4       com.android.dx.cf.code.Simulator$SimVisitor::visitNoArgs (2108 bytes)
Event: 6.323 Thread 0x00000000164c2000 1439   !   3       com.android.dx.cf.code.Ropper::doit (126 bytes)

GC Heap History (6 events):
Event: 2.295 GC heap before
{Heap before GC invocations=1 (full 0):
 PSYoungGen      total 38400K, used 33280K [0x00000000eab00000, 0x00000000ed580000, 0x0000000100000000)
  eden space 33280K, 100% used [0x00000000eab00000,0x00000000ecb80000,0x00000000ecb80000)
  from space 5120K, 0% used [0x00000000ed080000,0x00000000ed080000,0x00000000ed580000)
  to   space 5120K, 0% used [0x00000000ecb80000,0x00000000ecb80000,0x00000000ed080000)
 ParOldGen       total 87552K, used 0K [0x00000000c0000000, 0x00000000c5580000, 0x00000000eab00000)
  object space 87552K, 0% used [0x00000000c0000000,0x00000000c0000000,0x00000000c5580000)
 Metaspace       used 5285K, capacity 6608K, committed 6784K, reserved 1056768K
  class space    used 534K, capacity 584K, committed 640K, reserved 1048576K
Event: 2.325 GC heap after
Heap after GC invocations=1 (full 0):
 PSYoungGen      total 38400K, used 5113K [0x00000000eab00000, 0x00000000ef600000, 0x0000000100000000)
  eden space 33280K, 0% used [0x00000000eab00000,0x00000000eab00000,0x00000000ecb80000)
  from space 5120K, 99% used [0x00000000ecb80000,0x00000000ed07e4b0,0x00000000ed080000)
  to   space 5120K, 0% used [0x00000000ef100000,0x00000000ef100000,0x00000000ef600000)
 ParOldGen       total 87552K, used 9411K [0x00000000c0000000, 0x00000000c5580000, 0x00000000eab00000)
  object space 87552K, 10% used [0x00000000c0000000,0x00000000c0930e18,0x00000000c5580000)
 Metaspace       used 5285K, capacity 6608K, committed 6784K, reserved 1056768K
  class space    used 534K, capacity 584K, committed 640K, reserved 1048576K
}
Event: 4.579 GC heap before
{Heap before GC invocations=2 (full 0):
 PSYoungGen      total 38400K, used 38393K [0x00000000eab00000, 0x00000000ef600000, 0x0000000100000000)
  eden space 33280K, 100% used [0x00000000eab00000,0x00000000ecb80000,0x00000000ecb80000)
  from space 5120K, 99% used [0x00000000ecb80000,0x00000000ed07e4b0,0x00000000ed080000)
  to   space 5120K, 0% used [0x00000000ef100000,0x00000000ef100000,0x00000000ef600000)
 ParOldGen       total 87552K, used 9411K [0x00000000c0000000, 0x00000000c5580000, 0x00000000eab00000)
  object space 87552K, 10% used [0x00000000c0000000,0x00000000c0930e18,0x00000000c5580000)
 Metaspace       used 5444K, capacity 6832K, committed 7040K, reserved 1056768K
  class space    used 548K, capacity 616K, committed 640K, reserved 1048576K
Event: 4.596 GC heap after
Heap after GC invocations=2 (full 0):
 PSYoungGen      total 38400K, used 5099K [0x00000000eab00000, 0x00000000ef600000, 0x0000000100000000)
  eden space 33280K, 0% used [0x00000000eab00000,0x00000000eab00000,0x00000000ecb80000)
  from space 5120K, 99% used [0x00000000ef100000,0x00000000ef5faed8,0x00000000ef600000)
  to   space 5120K, 0% used [0x00000000ecb80000,0x00000000ecb80000,0x00000000ed080000)
 ParOldGen       total 87552K, used 20621K [0x00000000c0000000, 0x00000000c5580000, 0x00000000eab00000)
  object space 87552K, 23% used [0x00000000c0000000,0x00000000c14235b8,0x00000000c5580000)
 Metaspace       used 5444K, capacity 6832K, committed 7040K, reserved 1056768K
  class space    used 548K, capacity 616K, committed 640K, reserved 1048576K
}
Event: 5.120 GC heap before
{Heap before GC invocations=3 (full 0):
 PSYoungGen      total 38400K, used 38379K [0x00000000eab00000, 0x00000000ef600000, 0x0000000100000000)
  eden space 33280K, 100% used [0x00000000eab00000,0x00000000ecb80000,0x00000000ecb80000)
  from space 5120K, 99% used [0x00000000ef100000,0x00000000ef5faed8,0x00000000ef600000)
  to   space 5120K, 0% used [0x00000000ecb80000,0x00000000ecb80000,0x00000000ed080000)
 ParOldGen       total 87552K, used 20621K [0x00000000c0000000, 0x00000000c5580000, 0x00000000eab00000)
  object space 87552K, 23% used [0x00000000c0000000,0x00000000c14235b8,0x00000000c5580000)
 Metaspace       used 5450K, capacity 6832K, committed 7040K, reserved 1056768K
  class space    used 548K, capacity 616K, committed 640K, reserved 1048576K
Event: 5.141 GC heap after
Heap after GC invocations=3 (full 0):
 PSYoungGen      total 38400K, used 5118K [0x00000000eab00000, 0x00000000ef600000, 0x0000000100000000)
  eden space 33280K, 0% used [0x00000000eab00000,0x00000000eab00000,0x00000000ecb80000)
  from space 5120K, 99% used [0x00000000ecb80000,0x00000000ed07fb98,0x00000000ed080000)
  to   space 5120K, 0% used [0x00000000ef100000,0x00000000ef100000,0x00000000ef600000)
 ParOldGen       total 87552K, used 32050K [0x00000000c0000000, 0x00000000c5580000, 0x00000000eab00000)
  object space 87552K, 36% used [0x00000000c0000000,0x00000000c1f4c9b0,0x00000000c5580000)
 Metaspace       used 5450K, capacity 6832K, committed 7040K, reserved 1056768K
  class space    used 548K, capacity 616K, committed 640K, reserved 1048576K
}

Deoptimization events (10 events):
Event: 5.785 Thread 0x0000000001000800 Uncommon trap: reason=unstable_if action=reinterpret pc=0x0000000003a0b72c method=java.util.BitSet.nextClearBit(I)I @ 45
Event: 5.785 Thread 0x0000000001000800 Uncommon trap: reason=unstable_if action=reinterpret pc=0x0000000003864bfc method=com.android.dx.rop.code.RegisterSpec.withReg(I)Lcom/android/dx/rop/code/RegisterSpec; @ 5
Event: 5.894 Thread 0x0000000001000800 Uncommon trap: reason=class_check action=maybe_recompile pc=0x0000000003940490 method=com.android.dx.ssa.SsaMethod.isRegALocal(Lcom/android/dx/rop/code/RegisterSpec;)Z @ 16
Event: 5.894 Thread 0x0000000001000800 Uncommon trap: reason=class_check action=maybe_recompile pc=0x0000000003940490 method=com.android.dx.ssa.SsaMethod.isRegALocal(Lcom/android/dx/rop/code/RegisterSpec;)Z @ 16
Event: 5.895 Thread 0x0000000001000800 Uncommon trap: reason=class_check action=maybe_recompile pc=0x0000000003940490 method=com.android.dx.ssa.SsaMethod.isRegALocal(Lcom/android/dx/rop/code/RegisterSpec;)Z @ 16
Event: 5.895 Thread 0x0000000001000800 Uncommon trap: reason=class_check action=maybe_recompile pc=0x0000000003940490 method=com.android.dx.ssa.SsaMethod.isRegALocal(Lcom/android/dx/rop/code/RegisterSpec;)Z @ 16
Event: 5.895 Thread 0x0000000001000800 Uncommon trap: reason=unstable_if action=reinterpret pc=0x0000000003816e2c method=com.android.dx.ssa.SCCP.simulateStmt(Lcom/android/dx/ssa/SsaInsn;)V @ 469
Event: 5.895 Thread 0x0000000001000800 Uncommon trap: reason=unstable_if action=reinterpret pc=0x0000000003827b68 method=com.android.dx.ssa.LiteralOpUpgrader$1.visitNonMoveInsn(Lcom/android/dx/ssa/NormalSsaInsn;)V @ 43
Event: 5.899 Thread 0x0000000001000800 Uncommon trap: reason=unstable_if action=reinterpret pc=0x0000000003960d50 method=com.android.dx.dex.code.RopTranslator.getRegs(Lcom/android/dx/rop/code/Insn;Lcom/android/dx/rop/code/RegisterSpec;)Lcom/android/dx/rop/code/RegisterSpecList; @ 12
Event: 6.147 Thread 0x0000000001000800 Uncommon trap: reason=unstable_if action=reinterpret pc=0x000000000379cc5c method=com.android.dx.cf.code.RopperMachine.jopToRopOpcode(ILcom/android/dx/rop/cst/Constant;)I @ 1044

Internal exceptions (3 events):
Event: 0.182 Thread 0x0000000001000800 Exception <a 'java/lang/NoSuchMethodError': Method sun.misc.Unsafe.defineClass(Ljava/lang/String;[BII)Ljava/lang/Class; name or signature does not match> (0x00000000eab07cc0) thrown at [C:\re\workspace\8-2-build-windows-amd64-cygwin\jdk8u91\6644\hotspot\sr
Event: 0.182 Thread 0x0000000001000800 Exception <a 'java/lang/NoSuchMethodError': Method sun.misc.Unsafe.prefetchRead(Ljava/lang/Object;J)V name or signature does not match> (0x00000000eab07fa8) thrown at [C:\re\workspace\8-2-build-windows-amd64-cygwin\jdk8u91\6644\hotspot\src\share\vm\prims\j¢«okTê@
Event: 3.945 Thread 0x0000000001000800 Implicit null exception at 0x00000000036e308b to 0x00000000036e4b51

Events (10 events):
Event: 5.895 Thread 0x0000000001000800 DEOPT PACKING pc=0x0000000003827b68 sp=0x000000000092e7b0
Event: 5.895 Thread 0x0000000001000800 DEOPT UNPACKING pc=0x000000000344582a sp=0x000000000092e778 mode 2
Event: 5.899 Thread 0x0000000001000800 Uncommon trap: trap_request=0xffffff65 fr.pc=0x0000000003960d50
Event: 5.899 Thread 0x0000000001000800 DEOPT PACKING pc=0x0000000003960d50 sp=0x000000000092e650
Event: 5.899 Thread 0x0000000001000800 DEOPT UNPACKING pc=0x000000000344582a sp=0x000000000092e610 mode 2
Event: 6.028 Thread 0x0000000001000800 DEOPT PACKING pc=0x000000000398bc35 sp=0x000000000092e910
Event: 6.028 Thread 0x0000000001000800 DEOPT UNPACKING pc=0x000000000344787f sp=0x000000000092e600 mode 0
Event: 6.147 Thread 0x0000000001000800 Uncommon trap: trap_request=0xffffff65 fr.pc=0x000000000379cc5c
Event: 6.147 Thread 0x0000000001000800 DEOPT PACKING pc=0x000000000379cc5c sp=0x000000000092dd30
Event: 6.147 Thread 0x0000000001000800 DEOPT UNPACKING pc=0x000000000344582a sp=0x000000000092dcb8 mode 2


Dynamic libraries:
0x00007ff7c2080000 - 0x00007ff7c20b7000 	C:\Program Files\Java\jdk1.8.0_91\bin\java.exe
0x00007ffca95c0000 - 0x00007ffca9781000 	C:\Windows\SYSTEM32\ntdll.dll
0x00007ffca8e90000 - 0x00007ffca8f3d000 	C:\Windows\system32\KERNEL32.DLL
0x00007ffca67d0000 - 0x00007ffca69b8000 	C:\Windows\system32\KERNELBASE.dll
0x00007ffca9440000 - 0x00007ffca94e7000 	C:\Windows\system32\ADVAPI32.dll
0x00007ffca8f40000 - 0x00007ffca8fdd000 	C:\Windows\system32\msvcrt.dll
0x00007ffca6bb0000 - 0x00007ffca6c0b000 	C:\Windows\system32\sechost.dll
0x00007ffca6c80000 - 0x00007ffca6d9c000 	C:\Windows\system32\RPCRT4.dll
0x00007ffca9000000 - 0x00007ffca9156000 	C:\Windows\system32\USER32.dll
0x00007ffca92b0000 - 0x00007ffca9436000 	C:\Windows\system32\GDI32.dll
0x00007ffca0ec0000 - 0x00007ffca1134000 	C:\Windows\WinSxS\amd64_microsoft.windows.common-controls_6595b64144ccf1df_6.0.10586.0_none_8c15ae12515e1c22\COMCTL32.dll
0x00007ffca6db0000 - 0x00007ffca702d000 	C:\Windows\system32\combase.dll
0x00007ffca6350000 - 0x00007ffca63ba000 	C:\Windows\system32\bcryptPrimitives.dll
0x00007ffca8a20000 - 0x00007ffca8a5b000 	C:\Windows\system32\IMM32.DLL
0x000000006aab0000 - 0x000000006ab82000 	C:\Program Files\Java\jdk1.8.0_91\jre\bin\msvcr100.dll
0x000000006a1c0000 - 0x000000006aa53000 	C:\Program Files\Java\jdk1.8.0_91\jre\bin\server\jvm.dll
0x00007ffca6c10000 - 0x00007ffca6c18000 	C:\Windows\system32\PSAPI.DLL
0x00007ffc90f00000 - 0x00007ffc90f09000 	C:\Windows\SYSTEM32\WSOCK32.dll
0x00007ffca9550000 - 0x00007ffca95bb000 	C:\Windows\system32\WS2_32.dll
0x00007ffca3e60000 - 0x00007ffca3e83000 	C:\Windows\SYSTEM32\WINMM.dll
0x00007ffca0eb0000 - 0x00007ffca0eba000 	C:\Windows\SYSTEM32\VERSION.dll
0x00007ffca3e00000 - 0x00007ffca3e2c000 	C:\Windows\SYSTEM32\WINMMBASE.dll
0x00007ffca6780000 - 0x00007ffca67c3000 	C:\Windows\system32\cfgmgr32.dll
0x000000006abe0000 - 0x000000006abef000 	C:\Program Files\Java\jdk1.8.0_91\jre\bin\verify.dll
0x000000006a0b0000 - 0x000000006a0d9000 	C:\Program Files\Java\jdk1.8.0_91\jre\bin\java.dll
0x000000006a090000 - 0x000000006a0a6000 	C:\Program Files\Java\jdk1.8.0_91\jre\bin\zip.dll
0x00007ffca72b0000 - 0x00007ffca880c000 	C:\Windows\system32\SHELL32.dll
0x00007ffca5d00000 - 0x00007ffca6344000 	C:\Windows\system32\windows.storage.dll
0x00007ffca6c20000 - 0x00007ffca6c72000 	C:\Windows\system32\shlwapi.dll
0x00007ffca5c60000 - 0x00007ffca5c6f000 	C:\Windows\system32\kernel.appcore.dll
0x00007ffca6470000 - 0x00007ffca6525000 	C:\Windows\system32\shcore.dll
0x00007ffca5c00000 - 0x00007ffca5c4b000 	C:\Windows\system32\powrprof.dll
0x00007ffca5be0000 - 0x00007ffca5bf4000 	C:\Windows\system32\profapi.dll

VM Arguments:
jvm_args: -Djava.awt.headless=true -Xmx1024M -Dfile.encoding=windows-31j -Duser.country=JP -Duser.language=ja -Duser.variant 
java_command: com.android.dx.command.Main --dex --force-jumbo --multi-dex --output C:\Users\si\AndroidStudioProjects\Test_EN_Revolution\app\build\intermediates\transforms\dex\debug\folders\1000\5\slice_3 C:\Users\si\AndroidStudioProjects\Test_EN_Revolution\app\build\intermediates\transforms\instantRunSlicer\debug\folders\1\5\slice_3
java_class_path (initial): C:\Users\si\AppData\Local\Android\sdk\build-tools\21.1.1\lib\dx.jar
Launcher Type: SUN_STANDARD

Environment Variables:
PATH=C:\ProgramData\Oracle\Java\javapath;C:\Windows\system32;C:\Windows;C:\Windows\System32\Wbem;C:\Windows\System32\WindowsPowerShell\v1.0\;C:\Program Files\Intel\WiFi\bin\;C:\Program Files\Common Files\Intel\WirelessCommon\;C:\Program Files\Git\cmd;C:\Program Files (x86)\NVIDIA Corporation\PhysX\Common;C:\Program Files\Intel\WiFi\bin\;C:\Program Files\Common Files\Intel\WirelessCommon\;C:\Users\si\AppData\Local\Programs\EmEditor
USERNAME=si
OS=Windows_NT
PROCESSOR_IDENTIFIER=Intel64 Family 6 Model 69 Stepping 1, GenuineIntel



---------------  S Y S T E M  ---------------

OS: Windows 10.0 , 64 bit Build 10586 (10.0.10586.0)

CPU:total 4 (2 cores per cpu, 2 threads per core) family 6 model 69 stepping 1, cmov, cx8, fxsr, mmx, sse, sse2, sse3, ssse3, sse4.1, sse4.2, popcnt, avx, avx2, aes, clmul, erms, lzcnt, ht, tsc, tscinvbit, bmi1, bmi2

Memory: 4k page, physical 8269856k(494560k free), swap 9318432k(6904k free)

vm_info: Java HotSpot(TM) 64-Bit Server VM (25.91-b14) for windows-amd64 JRE (1.8.0_91-b14), built on Apr  1 2016 00:58:32 by "java_re" with MS VC++ 10.0 (VS2010)

time: Tue Jun 28 17:00:19 2016
elapsed time: 6 seconds (0d 0h 0m 6s)

